#
# There is insufficient memory for the Java Runtime Environment to continue.
# Native memory allocation (malloc) failed to allocate 1211696 bytes for Chunk::new
# Possible reasons:
#   The system is out of physical RAM or swap space
#   The process is running with CompressedOops enabled, and the Java Heap may be blocking the growth of the native heap
# Possible solutions:
#   Reduce memory load on the system
#   Increase physical memory or swap space
#   Check if swap backing store is full
#   Decrease Java heap size (-Xmx/-Xms)
#   Decrease number of Java threads
#   Decrease Java thread stack sizes (-Xss)
#   Set larger code cache with -XX:ReservedCodeCacheSize=
#   JVM is running with Unscaled Compressed Oops mode in which the Java heap is
#     placed in the first 4GB address space. The Java Heap base address is the
#     maximum limit for the native heap growth. Please use -XX:HeapBaseMinAddress
#     to set the Java Heap base and to place the Java Heap above 4GB virtual address.
# This output file may be truncated or incomplete.
#
#  Out of Memory Error (arena.cpp:197), pid=26508, tid=24116
#
# JRE version: OpenJDK Runtime Environment Microsoft-8035250 (11.0.20+8) (build 11.0.20+8-LTS)
# Java VM: OpenJDK 64-Bit Server VM Microsoft-8035250 (11.0.20+8-LTS, mixed mode, tiered, compressed oops, g1 gc, windows-amd64)
# No core dump will be written. Minidumps are not enabled by default on client versions of Windows
#

---------------  S U M M A R Y ------------

Command Line: -XX:MaxMetaspaceSize=512m --add-opens=java.base/java.util=ALL-UNNAMED --add-opens=java.base/java.lang=ALL-UNNAMED --add-opens=java.base/java.lang.invoke=ALL-UNNAMED --add-opens=java.prefs/java.util.prefs=ALL-UNNAMED --add-opens=java.base/java.nio.charset=ALL-UNNAMED --add-opens=java.base/java.net=ALL-UNNAMED --add-opens=java.base/java.util.concurrent.atomic=ALL-UNNAMED -Xmx2048m -Dfile.encoding=windows-1252 -Duser.country=ID -Duser.language=en -Duser.variant org.gradle.launcher.daemon.bootstrap.GradleDaemon 8.0.1

Host: AMD Ryzen 5 5600H with Radeon Graphics         , 12 cores, 7G,  Windows 11 , 64 bit Build 22621 (10.0.22621.2215)
Time: Sat Sep 30 13:47:43 2023 SE Asia Standard Time elapsed time: 53.027037 seconds (0d 0h 0m 53s)

---------------  T H R E A D  ---------------

Current thread (0x000001da7e5bf000):  JavaThread "C2 CompilerThread0" daemon [_thread_in_native, id=24116, stack(0x00000013e8c00000,0x00000013e8d00000)]


Current CompileTask:
C2:  53027 3811       4       org.codehaus.groovy.runtime.metaclass.MetaMethodIndex::addMethodToList (131 bytes)

Stack: [0x00000013e8c00000,0x00000013e8d00000]
Native frames: (J=compiled Java code, j=interpreted, Vv=VM code, C=native code)
V  [jvm.dll+0x62e9da]
V  [jvm.dll+0x7bc4e9]
V  [jvm.dll+0x7bdbd8]
V  [jvm.dll+0x7be2b3]
V  [jvm.dll+0x2505a8]
V  [jvm.dll+0xc263c]
V  [jvm.dll+0xc2bfc]
V  [jvm.dll+0x35fd82]
V  [jvm.dll+0x32bf13]
V  [jvm.dll+0x32b24a]
V  [jvm.dll+0x2097e3]
V  [jvm.dll+0x20893d]
V  [jvm.dll+0x18a7de]
V  [jvm.dll+0x2181ec]
V  [jvm.dll+0x21642b]
V  [jvm.dll+0x77efc0]
V  [jvm.dll+0x777db4]
V  [jvm.dll+0x62d845]
C  [ucrtbase.dll+0x29363]
C  [KERNEL32.DLL+0x1257d]
C  [ntdll.dll+0x5aa68]


---------------  P R O C E S S  ---------------

Threads class SMR info:
_java_thread_list=0x000001da0f111be0, length=36, elements={
0x000001da6e07e800, 0x000001da7e59c000, 0x000001da7e59e000, 0x000001da7e5bc800,
0x000001da7e5bd000, 0x000001da7e5be000, 0x000001da7e5bf000, 0x000001da7e5c2800,
0x000001da7e5c5000, 0x000001da7f07b800, 0x000001da0f885000, 0x000001da0fe08800,
0x000001da0ff47000, 0x000001da0faa3000, 0x000001da0fea5800, 0x000001da100ff000,
0x000001da7f2c2000, 0x000001da0f38f000, 0x000001da0ff22000, 0x000001da0ff15000,
0x000001da0ff14000, 0x000001da0ff17000, 0x000001da0ff16800, 0x000001da0ff18000,
0x000001da0ff19000, 0x000001da0ff13000, 0x000001da0ff19800, 0x000001da0ff15800,
0x000001da10aee000, 0x000001da10aec800, 0x000001da10aeb800, 0x000001da10aea800,
0x000001da10aed000, 0x000001da10aee800, 0x000001da10aef800, 0x000001da10aea000
}

Java Threads: ( => current thread )
  0x000001da6e07e800 JavaThread "main" [_thread_blocked, id=18088, stack(0x00000013e8000000,0x00000013e8100000)]
  0x000001da7e59c000 JavaThread "Reference Handler" daemon [_thread_blocked, id=19836, stack(0x00000013e8700000,0x00000013e8800000)]
  0x000001da7e59e000 JavaThread "Finalizer" daemon [_thread_blocked, id=15288, stack(0x00000013e8800000,0x00000013e8900000)]
  0x000001da7e5bc800 JavaThread "Signal Dispatcher" daemon [_thread_blocked, id=13372, stack(0x00000013e8900000,0x00000013e8a00000)]
  0x000001da7e5bd000 JavaThread "Attach Listener" daemon [_thread_blocked, id=14432, stack(0x00000013e8a00000,0x00000013e8b00000)]
  0x000001da7e5be000 JavaThread "Service Thread" daemon [_thread_blocked, id=2556, stack(0x00000013e8b00000,0x00000013e8c00000)]
=>0x000001da7e5bf000 JavaThread "C2 CompilerThread0" daemon [_thread_in_native, id=24116, stack(0x00000013e8c00000,0x00000013e8d00000)]
  0x000001da7e5c2800 JavaThread "C1 CompilerThread0" daemon [_thread_blocked, id=12480, stack(0x00000013e8d00000,0x00000013e8e00000)]
  0x000001da7e5c5000 JavaThread "Sweeper thread" daemon [_thread_blocked, id=20372, stack(0x00000013e8e00000,0x00000013e8f00000)]
  0x000001da7f07b800 JavaThread "Common-Cleaner" daemon [_thread_blocked, id=3164, stack(0x00000013e8f00000,0x00000013e9000000)]
  0x000001da0f885000 JavaThread "Daemon health stats" [_thread_blocked, id=2440, stack(0x00000013e9200000,0x00000013e9300000)]
  0x000001da0fe08800 JavaThread "Incoming local TCP Connector on port 53109" [_thread_in_native, id=16388, stack(0x00000013e9300000,0x00000013e9400000)]
  0x000001da0ff47000 JavaThread "Daemon periodic checks" [_thread_blocked, id=15464, stack(0x00000013e9400000,0x00000013e9500000)]
  0x000001da0faa3000 JavaThread "Daemon" [_thread_blocked, id=16020, stack(0x00000013e9500000,0x00000013e9600000)]
  0x000001da0fea5800 JavaThread "Handler for socket connection from /127.0.0.1:53109 to /127.0.0.1:53136" [_thread_in_native, id=25168, stack(0x00000013e9600000,0x00000013e9700000)]
  0x000001da100ff000 JavaThread "Cancel handler" [_thread_blocked, id=26320, stack(0x00000013e7e00000,0x00000013e7f00000)]
  0x000001da7f2c2000 JavaThread "Daemon worker" [_thread_in_Java, id=980, stack(0x00000013e9700000,0x00000013e9800000)]
  0x000001da0f38f000 JavaThread "Asynchronous log dispatcher for DefaultDaemonConnection: socket connection from /127.0.0.1:53109 to /127.0.0.1:53136" [_thread_blocked, id=11536, stack(0x00000013e9800000,0x00000013e9900000)]
  0x000001da0ff22000 JavaThread "Stdin handler" [_thread_blocked, id=4544, stack(0x00000013e9900000,0x00000013e9a00000)]
  0x000001da0ff15000 JavaThread "Daemon client event forwarder" [_thread_blocked, id=15712, stack(0x00000013e9a00000,0x00000013e9b00000)]
  0x000001da0ff14000 JavaThread "Cache worker for journal cache (C:\Users\Danisa\.gradle\caches\journal-1)" [_thread_blocked, id=23880, stack(0x00000013ea600000,0x00000013ea700000)]
  0x000001da0ff17000 JavaThread "File lock request listener" [_thread_in_native, id=21084, stack(0x00000013ea700000,0x00000013ea800000)]
  0x000001da0ff16800 JavaThread "Cache worker for file hash cache (C:\Users\Danisa\.gradle\caches\8.0.1\fileHashes)" [_thread_blocked, id=23892, stack(0x00000013ea800000,0x00000013ea900000)]
  0x000001da0ff18000 JavaThread "File lock release action executor" [_thread_blocked, id=16060, stack(0x00000013ea900000,0x00000013eaa00000)]
  0x000001da0ff19000 JavaThread "File watcher server" daemon [_thread_in_native, id=26896, stack(0x00000013eaa00000,0x00000013eab00000)]
  0x000001da0ff13000 JavaThread "File watcher consumer" daemon [_thread_blocked, id=26900, stack(0x00000013eab00000,0x00000013eac00000)]
  0x000001da0ff19800 JavaThread "Cache worker for checksums cache (D:\mas aldo\mobile-app\banksampah\android\.gradle\8.0.1\checksums)" [_thread_blocked, id=27032, stack(0x00000013eac00000,0x00000013ead00000)]
  0x000001da0ff15800 JavaThread "Cache worker for cache directory md-rule (C:\Users\Danisa\.gradle\caches\8.0.1\md-rule)" [_thread_blocked, id=27036, stack(0x00000013ead00000,0x00000013eae00000)]
  0x000001da10aee000 JavaThread "Cache worker for file content cache (C:\Users\Danisa\.gradle\caches\8.0.1\fileContent)" [_thread_blocked, id=27040, stack(0x00000013eae00000,0x00000013eaf00000)]
  0x000001da10aec800 JavaThread "Cache worker for file hash cache (D:\mas aldo\mobile-app\banksampah\android\.gradle\8.0.1\fileHashes)" [_thread_blocked, id=27064, stack(0x00000013eaf00000,0x00000013eb000000)]
  0x000001da10aeb800 JavaThread "Cache worker for cache directory md-supplier (C:\Users\Danisa\.gradle\caches\8.0.1\md-supplier)" [_thread_blocked, id=27076, stack(0x00000013eb000000,0x00000013eb100000)]
  0x000001da10aea800 JavaThread "Cache worker for execution history cache (C:\Users\Danisa\.gradle\caches\8.0.1\executionHistory)" [_thread_blocked, id=27096, stack(0x00000013eb100000,0x00000013eb200000)]
  0x000001da10aed000 JavaThread "jar transforms" [_thread_blocked, id=27644, stack(0x00000013eb200000,0x00000013eb300000)]
  0x000001da10aee800 JavaThread "jar transforms Thread 2" [_thread_blocked, id=1800, stack(0x00000013eb300000,0x00000013eb400000)]
  0x000001da10aef800 JavaThread "jar transforms Thread 3" [_thread_blocked, id=27420, stack(0x00000013eb400000,0x00000013eb500000)]
  0x000001da10aea000 JavaThread "jar transforms Thread 4" [_thread_blocked, id=17292, stack(0x00000013eb500000,0x00000013eb600000)]

Other Threads:
  0x000001da7e598000 VMThread "VM Thread" [stack: 0x00000013e8600000,0x00000013e8700000] [id=25100]
  0x000001da7f083800 WatcherThread [stack: 0x00000013e9000000,0x00000013e9100000] [id=11344]
  0x000001da6e097000 GCTaskThread "GC Thread#0" [stack: 0x00000013e8100000,0x00000013e8200000] [id=14968]
  0x000001da7f9fd800 GCTaskThread "GC Thread#1" [stack: 0x00000013e9100000,0x00000013e9200000] [id=21688]
  0x000001da0ff1d000 GCTaskThread "GC Thread#2" [stack: 0x00000013e9b00000,0x00000013e9c00000] [id=13156]
  0x000001da0f1f8000 GCTaskThread "GC Thread#3" [stack: 0x00000013e9c00000,0x00000013e9d00000] [id=14516]
  0x000001da7f232800 GCTaskThread "GC Thread#4" [stack: 0x00000013e9d00000,0x00000013e9e00000] [id=21944]
  0x000001da7f233000 GCTaskThread "GC Thread#5" [stack: 0x00000013e9e00000,0x00000013e9f00000] [id=18636]
  0x000001da100cf800 GCTaskThread "GC Thread#6" [stack: 0x00000013e9f00000,0x00000013ea000000] [id=14812]
  0x000001da100d0800 GCTaskThread "GC Thread#7" [stack: 0x00000013ea000000,0x00000013ea100000] [id=26364]
  0x000001da0f081800 GCTaskThread "GC Thread#8" [stack: 0x00000013ea100000,0x00000013ea200000] [id=10168]
  0x000001da0f082000 GCTaskThread "GC Thread#9" [stack: 0x00000013ea200000,0x00000013ea300000] [id=10344]
  0x000001da6e0c7800 ConcurrentGCThread "G1 Main Marker" [stack: 0x00000013e8200000,0x00000013e8300000] [id=17120]
  0x000001da6e0c9000 ConcurrentGCThread "G1 Conc#0" [stack: 0x00000013e8300000,0x00000013e8400000] [id=17912]
  0x000001da0f940800 ConcurrentGCThread "G1 Conc#1" [stack: 0x00000013ea400000,0x00000013ea500000] [id=23920]
  0x000001da104fb800 ConcurrentGCThread "G1 Conc#2" [stack: 0x00000013ea500000,0x00000013ea600000] [id=22732]
  0x000001da6e14e800 ConcurrentGCThread "G1 Refine#0" [stack: 0x00000013e8400000,0x00000013e8500000] [id=18612]
  0x000001da0f3a7000 ConcurrentGCThread "G1 Refine#1" [stack: 0x00000013ea300000,0x00000013ea400000] [id=16664]
  0x000001da7e407800 ConcurrentGCThread "G1 Young RemSet Sampling" [stack: 0x00000013e8500000,0x00000013e8600000] [id=23640]

Threads with active compile tasks:
C2 CompilerThread0    53272 3811       4       org.codehaus.groovy.runtime.metaclass.MetaMethodIndex::addMethodToList (131 bytes)

VM state:not at safepoint (normal execution)

VM Mutex/Monitor currently owned by a thread: None

Heap address: 0x0000000080000000, size: 2048 MB, Compressed Oops mode: 32-bit
Narrow klass base: 0x0000000000000000, Narrow klass shift: 3
Compressed class space size: 528482304 Address: 0x0000000100000000

Heap:
 garbage-first heap   total 122880K, used 83355K [0x0000000080000000, 0x0000000100000000)
  region size 1024K, 63 young (64512K), 6 survivors (6144K)
 Metaspace       used 40949K, capacity 42040K, committed 42320K, reserved 552960K
  class space    used 5130K, capacity 5532K, committed 5632K, reserved 516096K
Heap Regions: E=young(eden), S=young(survivor), O=old, HS=humongous(starts), HC=humongous(continues), CS=collection set, F=free, A=archive, TAMS=top-at-mark-start (previous, next)
|   0|0x0000000080000000, 0x0000000080100000, 0x0000000080100000|100%|HS|  |TAMS 0x0000000080100000, 0x0000000080000000| Complete 
|   1|0x0000000080100000, 0x0000000080200000, 0x0000000080200000|100%|HC|  |TAMS 0x0000000080200000, 0x0000000080100000| Complete 
|   2|0x0000000080200000, 0x0000000080300000, 0x0000000080300000|100%|HC|  |TAMS 0x0000000080300000, 0x0000000080200000| Complete 
|   3|0x0000000080300000, 0x0000000080400000, 0x0000000080400000|100%|HC|  |TAMS 0x0000000080400000, 0x0000000080300000| Complete 
|   4|0x0000000080400000, 0x0000000080500000, 0x0000000080500000|100%| O|  |TAMS 0x0000000080500000, 0x0000000080400000| Untracked 
|   5|0x0000000080500000, 0x0000000080600000, 0x0000000080600000|100%| O|  |TAMS 0x0000000080600000, 0x0000000080500000| Untracked 
|   6|0x0000000080600000, 0x0000000080700000, 0x0000000080700000|100%| O|  |TAMS 0x0000000080700000, 0x0000000080600000| Untracked 
|   7|0x0000000080700000, 0x0000000080800000, 0x0000000080800000|100%| O|  |TAMS 0x0000000080800000, 0x0000000080700000| Untracked 
|   8|0x0000000080800000, 0x0000000080900000, 0x0000000080900000|100%| O|  |TAMS 0x0000000080900000, 0x0000000080800000| Untracked 
|   9|0x0000000080900000, 0x0000000080a00000, 0x0000000080a00000|100%| O|  |TAMS 0x0000000080a00000, 0x0000000080900000| Untracked 
|  10|0x0000000080a00000, 0x0000000080b00000, 0x0000000080b00000|100%| O|  |TAMS 0x0000000080b00000, 0x0000000080a00000| Untracked 
|  11|0x0000000080b00000, 0x0000000080c00000, 0x0000000080c00000|100%| O|  |TAMS 0x0000000080c00000, 0x0000000080b00000| Untracked 
|  12|0x0000000080c00000, 0x0000000080d00000, 0x0000000080d00000|100%| O|  |TAMS 0x0000000080d00000, 0x0000000080c00000| Untracked 
|  13|0x0000000080d00000, 0x0000000080e00000, 0x0000000080e00000|100%| O|  |TAMS 0x0000000080e00000, 0x0000000080d00000| Untracked 
|  14|0x0000000080e00000, 0x0000000080f00000, 0x0000000080f00000|100%| O|  |TAMS 0x0000000080f00000, 0x0000000080e00000| Untracked 
|  15|0x0000000080f00000, 0x0000000081000000, 0x0000000081000000|100%| O|  |TAMS 0x0000000081000000, 0x0000000080f00000| Untracked 
|  16|0x0000000081000000, 0x0000000081100000, 0x0000000081100000|100%| O|  |TAMS 0x0000000081100000, 0x0000000081000000| Untracked 
|  17|0x0000000081100000, 0x00000000811b8400, 0x0000000081200000| 71%| O|  |TAMS 0x00000000811b8400, 0x0000000081100000| Untracked 
|  18|0x0000000081200000, 0x0000000081300000, 0x0000000081300000|100%|HS|  |TAMS 0x0000000081200000, 0x0000000081200000| Complete 
|  19|0x0000000081300000, 0x0000000081400000, 0x0000000081400000|100%|HS|  |TAMS 0x0000000081300000, 0x0000000081300000| Complete 
|  20|0x0000000081400000, 0x0000000081500000, 0x0000000081500000|100%|HC|  |TAMS 0x0000000081400000, 0x0000000081400000| Complete 
|  21|0x0000000081500000, 0x0000000081500000, 0x0000000081600000|  0%| F|  |TAMS 0x0000000081500000, 0x0000000081500000| Untracked 
|  22|0x0000000081600000, 0x0000000081600000, 0x0000000081700000|  0%| F|  |TAMS 0x0000000081600000, 0x0000000081600000| Untracked 
|  23|0x0000000081700000, 0x0000000081700000, 0x0000000081800000|  0%| F|  |TAMS 0x0000000081700000, 0x0000000081700000| Untracked 
|  24|0x0000000081800000, 0x0000000081800000, 0x0000000081900000|  0%| F|  |TAMS 0x0000000081800000, 0x0000000081800000| Untracked 
|  25|0x0000000081900000, 0x0000000081900000, 0x0000000081a00000|  0%| F|  |TAMS 0x0000000081900000, 0x0000000081900000| Untracked 
|  26|0x0000000081a00000, 0x0000000081a00000, 0x0000000081b00000|  0%| F|  |TAMS 0x0000000081a00000, 0x0000000081a00000| Untracked 
|  27|0x0000000081b00000, 0x0000000081b00000, 0x0000000081c00000|  0%| F|  |TAMS 0x0000000081b00000, 0x0000000081b00000| Untracked 
|  28|0x0000000081c00000, 0x0000000081c00000, 0x0000000081d00000|  0%| F|  |TAMS 0x0000000081c00000, 0x0000000081c00000| Untracked 
|  29|0x0000000081d00000, 0x0000000081d00000, 0x0000000081e00000|  0%| F|  |TAMS 0x0000000081d00000, 0x0000000081d00000| Untracked 
|  30|0x0000000081e00000, 0x0000000081e00000, 0x0000000081f00000|  0%| F|  |TAMS 0x0000000081e00000, 0x0000000081e00000| Untracked 
|  31|0x0000000081f00000, 0x0000000081f00000, 0x0000000082000000|  0%| F|  |TAMS 0x0000000081f00000, 0x0000000081f00000| Untracked 
|  32|0x0000000082000000, 0x0000000082000000, 0x0000000082100000|  0%| F|  |TAMS 0x0000000082000000, 0x0000000082000000| Untracked 
|  33|0x0000000082100000, 0x0000000082100000, 0x0000000082200000|  0%| F|  |TAMS 0x0000000082100000, 0x0000000082100000| Untracked 
|  34|0x0000000082200000, 0x0000000082200000, 0x0000000082300000|  0%| F|  |TAMS 0x0000000082200000, 0x0000000082200000| Untracked 
|  35|0x0000000082300000, 0x0000000082300000, 0x0000000082400000|  0%| F|  |TAMS 0x0000000082300000, 0x0000000082300000| Untracked 
|  36|0x0000000082400000, 0x0000000082400000, 0x0000000082500000|  0%| F|  |TAMS 0x0000000082400000, 0x0000000082400000| Untracked 
|  37|0x0000000082500000, 0x0000000082500000, 0x0000000082600000|  0%| F|  |TAMS 0x0000000082500000, 0x0000000082500000| Untracked 
|  38|0x0000000082600000, 0x0000000082600000, 0x0000000082700000|  0%| F|  |TAMS 0x0000000082600000, 0x0000000082600000| Untracked 
|  39|0x0000000082700000, 0x0000000082700000, 0x0000000082800000|  0%| F|  |TAMS 0x0000000082700000, 0x0000000082700000| Untracked 
|  40|0x0000000082800000, 0x0000000082800000, 0x0000000082900000|  0%| F|  |TAMS 0x0000000082800000, 0x0000000082800000| Untracked 
|  41|0x0000000082900000, 0x0000000082900000, 0x0000000082a00000|  0%| F|  |TAMS 0x0000000082900000, 0x0000000082900000| Untracked 
|  42|0x0000000082a00000, 0x0000000082a00000, 0x0000000082b00000|  0%| F|  |TAMS 0x0000000082a00000, 0x0000000082a00000| Untracked 
|  43|0x0000000082b00000, 0x0000000082b00000, 0x0000000082c00000|  0%| F|  |TAMS 0x0000000082b00000, 0x0000000082b00000| Untracked 
|  44|0x0000000082c00000, 0x0000000082c00000, 0x0000000082d00000|  0%| F|  |TAMS 0x0000000082c00000, 0x0000000082c00000| Untracked 
|  45|0x0000000082d00000, 0x0000000082d00000, 0x0000000082e00000|  0%| F|  |TAMS 0x0000000082d00000, 0x0000000082d00000| Untracked 
|  46|0x0000000082e00000, 0x0000000082e00000, 0x0000000082f00000|  0%| F|  |TAMS 0x0000000082e00000, 0x0000000082e00000| Untracked 
|  47|0x0000000082f00000, 0x0000000082f00000, 0x0000000083000000|  0%| F|  |TAMS 0x0000000082f00000, 0x0000000082f00000| Untracked 
|  48|0x0000000083000000, 0x0000000083000000, 0x0000000083100000|  0%| F|  |TAMS 0x0000000083000000, 0x0000000083000000| Untracked 
|  49|0x0000000083100000, 0x0000000083100000, 0x0000000083200000|  0%| F|  |TAMS 0x0000000083100000, 0x0000000083100000| Untracked 
|  50|0x0000000083200000, 0x0000000083200000, 0x0000000083300000|  0%| F|  |TAMS 0x0000000083200000, 0x0000000083200000| Untracked 
|  51|0x0000000083300000, 0x0000000083300000, 0x0000000083400000|  0%| F|  |TAMS 0x0000000083300000, 0x0000000083300000| Untracked 
|  52|0x0000000083400000, 0x0000000083400000, 0x0000000083500000|  0%| F|  |TAMS 0x0000000083400000, 0x0000000083400000| Untracked 
|  53|0x0000000083500000, 0x0000000083500000, 0x0000000083600000|  0%| F|  |TAMS 0x0000000083500000, 0x0000000083500000| Untracked 
|  54|0x0000000083600000, 0x0000000083600000, 0x0000000083700000|  0%| F|  |TAMS 0x0000000083600000, 0x0000000083600000| Untracked 
|  55|0x0000000083700000, 0x0000000083700000, 0x0000000083800000|  0%| F|  |TAMS 0x0000000083700000, 0x0000000083700000| Untracked 
|  56|0x0000000083800000, 0x0000000083800000, 0x0000000083900000|  0%| F|  |TAMS 0x0000000083800000, 0x0000000083800000| Untracked 
|  57|0x0000000083900000, 0x0000000083a00000, 0x0000000083a00000|100%| E|  |TAMS 0x0000000083900000, 0x0000000083900000| Complete 
|  58|0x0000000083a00000, 0x0000000083b00000, 0x0000000083b00000|100%| E|CS|TAMS 0x0000000083a00000, 0x0000000083a00000| Complete 
|  59|0x0000000083b00000, 0x0000000083c00000, 0x0000000083c00000|100%| E|CS|TAMS 0x0000000083b00000, 0x0000000083b00000| Complete 
|  60|0x0000000083c00000, 0x0000000083d00000, 0x0000000083d00000|100%| E|CS|TAMS 0x0000000083c00000, 0x0000000083c00000| Complete 
|  61|0x0000000083d00000, 0x0000000083e00000, 0x0000000083e00000|100%| E|CS|TAMS 0x0000000083d00000, 0x0000000083d00000| Complete 
|  62|0x0000000083e00000, 0x0000000083f00000, 0x0000000083f00000|100%| E|CS|TAMS 0x0000000083e00000, 0x0000000083e00000| Complete 
|  63|0x0000000083f00000, 0x0000000084000000, 0x0000000084000000|100%| E|CS|TAMS 0x0000000083f00000, 0x0000000083f00000| Complete 
|  64|0x0000000084000000, 0x0000000084100000, 0x0000000084100000|100%| E|CS|TAMS 0x0000000084000000, 0x0000000084000000| Complete 
|  65|0x0000000084100000, 0x0000000084200000, 0x0000000084200000|100%| E|CS|TAMS 0x0000000084100000, 0x0000000084100000| Complete 
|  66|0x0000000084200000, 0x0000000084300000, 0x0000000084300000|100%| E|CS|TAMS 0x0000000084200000, 0x0000000084200000| Complete 
|  67|0x0000000084300000, 0x0000000084400000, 0x0000000084400000|100%| E|CS|TAMS 0x0000000084300000, 0x0000000084300000| Complete 
|  68|0x0000000084400000, 0x0000000084500000, 0x0000000084500000|100%| E|CS|TAMS 0x0000000084400000, 0x0000000084400000| Complete 
|  69|0x0000000084500000, 0x0000000084600000, 0x0000000084600000|100%| E|CS|TAMS 0x0000000084500000, 0x0000000084500000| Complete 
|  70|0x0000000084600000, 0x0000000084700000, 0x0000000084700000|100%| E|  |TAMS 0x0000000084600000, 0x0000000084600000| Complete 
|  71|0x0000000084700000, 0x0000000084800000, 0x0000000084800000|100%| E|CS|TAMS 0x0000000084700000, 0x0000000084700000| Complete 
|  72|0x0000000084800000, 0x0000000084900000, 0x0000000084900000|100%| E|CS|TAMS 0x0000000084800000, 0x0000000084800000| Complete 
|  73|0x0000000084900000, 0x0000000084a00000, 0x0000000084a00000|100%| E|CS|TAMS 0x0000000084900000, 0x0000000084900000| Complete 
|  74|0x0000000084a00000, 0x0000000084b00000, 0x0000000084b00000|100%| E|CS|TAMS 0x0000000084a00000, 0x0000000084a00000| Complete 
|  75|0x0000000084b00000, 0x0000000084c00000, 0x0000000084c00000|100%| E|CS|TAMS 0x0000000084b00000, 0x0000000084b00000| Complete 
|  76|0x0000000084c00000, 0x0000000084d00000, 0x0000000084d00000|100%| E|CS|TAMS 0x0000000084c00000, 0x0000000084c00000| Complete 
|  77|0x0000000084d00000, 0x0000000084e00000, 0x0000000084e00000|100%| E|CS|TAMS 0x0000000084d00000, 0x0000000084d00000| Complete 
|  78|0x0000000084e00000, 0x0000000084f00000, 0x0000000084f00000|100%| E|CS|TAMS 0x0000000084e00000, 0x0000000084e00000| Complete 
|  79|0x0000000084f00000, 0x0000000085000000, 0x0000000085000000|100%| E|CS|TAMS 0x0000000084f00000, 0x0000000084f00000| Complete 
|  80|0x0000000085000000, 0x0000000085100000, 0x0000000085100000|100%| E|CS|TAMS 0x0000000085000000, 0x0000000085000000| Complete 
|  81|0x0000000085100000, 0x0000000085200000, 0x0000000085200000|100%| E|CS|TAMS 0x0000000085100000, 0x0000000085100000| Complete 
|  82|0x0000000085200000, 0x0000000085300000, 0x0000000085300000|100%| E|CS|TAMS 0x0000000085200000, 0x0000000085200000| Complete 
|  83|0x0000000085300000, 0x0000000085400000, 0x0000000085400000|100%| E|CS|TAMS 0x0000000085300000, 0x0000000085300000| Complete 
|  84|0x0000000085400000, 0x0000000085500000, 0x0000000085500000|100%| E|CS|TAMS 0x0000000085400000, 0x0000000085400000| Complete 
|  85|0x0000000085500000, 0x0000000085600000, 0x0000000085600000|100%| E|CS|TAMS 0x0000000085500000, 0x0000000085500000| Complete 
|  86|0x0000000085600000, 0x0000000085700000, 0x0000000085700000|100%| E|CS|TAMS 0x0000000085600000, 0x0000000085600000| Complete 
|  87|0x0000000085700000, 0x00000000857aebb0, 0x0000000085800000| 68%| S|CS|TAMS 0x0000000085700000, 0x0000000085700000| Complete 
|  88|0x0000000085800000, 0x0000000085900000, 0x0000000085900000|100%| S|CS|TAMS 0x0000000085800000, 0x0000000085800000| Complete 
|  89|0x0000000085900000, 0x0000000085a00000, 0x0000000085a00000|100%| S|CS|TAMS 0x0000000085900000, 0x0000000085900000| Complete 
|  90|0x0000000085a00000, 0x0000000085b00000, 0x0000000085b00000|100%| S|CS|TAMS 0x0000000085a00000, 0x0000000085a00000| Complete 
|  91|0x0000000085b00000, 0x0000000085c00000, 0x0000000085c00000|100%| S|CS|TAMS 0x0000000085b00000, 0x0000000085b00000| Complete 
|  92|0x0000000085c00000, 0x0000000085d00000, 0x0000000085d00000|100%| S|CS|TAMS 0x0000000085c00000, 0x0000000085c00000| Complete 
|  93|0x0000000085d00000, 0x0000000085e00000, 0x0000000085e00000|100%| E|CS|TAMS 0x0000000085d00000, 0x0000000085d00000| Complete 
|  94|0x0000000085e00000, 0x0000000085f00000, 0x0000000085f00000|100%| E|CS|TAMS 0x0000000085e00000, 0x0000000085e00000| Complete 
|  95|0x0000000085f00000, 0x0000000086000000, 0x0000000086000000|100%| E|CS|TAMS 0x0000000085f00000, 0x0000000085f00000| Complete 
|  96|0x0000000086000000, 0x0000000086100000, 0x0000000086100000|100%| E|CS|TAMS 0x0000000086000000, 0x0000000086000000| Complete 
|  97|0x0000000086100000, 0x0000000086200000, 0x0000000086200000|100%| E|CS|TAMS 0x0000000086100000, 0x0000000086100000| Complete 
|  98|0x0000000086200000, 0x0000000086300000, 0x0000000086300000|100%| E|CS|TAMS 0x0000000086200000, 0x0000000086200000| Complete 
|  99|0x0000000086300000, 0x0000000086400000, 0x0000000086400000|100%| E|CS|TAMS 0x0000000086300000, 0x0000000086300000| Complete 
| 100|0x0000000086400000, 0x0000000086500000, 0x0000000086500000|100%| E|CS|TAMS 0x0000000086400000, 0x0000000086400000| Complete 
| 101|0x0000000086500000, 0x0000000086600000, 0x0000000086600000|100%| E|CS|TAMS 0x0000000086500000, 0x0000000086500000| Complete 
| 102|0x0000000086600000, 0x0000000086700000, 0x0000000086700000|100%| E|CS|TAMS 0x0000000086600000, 0x0000000086600000| Complete 
| 103|0x0000000086700000, 0x0000000086800000, 0x0000000086800000|100%| E|CS|TAMS 0x0000000086700000, 0x0000000086700000| Complete 
| 104|0x0000000086800000, 0x0000000086900000, 0x0000000086900000|100%| E|CS|TAMS 0x0000000086800000, 0x0000000086800000| Complete 
| 105|0x0000000086900000, 0x0000000086a00000, 0x0000000086a00000|100%| E|CS|TAMS 0x0000000086900000, 0x0000000086900000| Complete 
| 106|0x0000000086a00000, 0x0000000086b00000, 0x0000000086b00000|100%| E|CS|TAMS 0x0000000086a00000, 0x0000000086a00000| Complete 
| 107|0x0000000086b00000, 0x0000000086c00000, 0x0000000086c00000|100%| E|CS|TAMS 0x0000000086b00000, 0x0000000086b00000| Complete 
| 108|0x0000000086c00000, 0x0000000086d00000, 0x0000000086d00000|100%| E|CS|TAMS 0x0000000086c00000, 0x0000000086c00000| Complete 
| 109|0x0000000086d00000, 0x0000000086e00000, 0x0000000086e00000|100%| E|CS|TAMS 0x0000000086d00000, 0x0000000086d00000| Complete 
| 110|0x0000000086e00000, 0x0000000086f00000, 0x0000000086f00000|100%| E|CS|TAMS 0x0000000086e00000, 0x0000000086e00000| Complete 
| 111|0x0000000086f00000, 0x0000000087000000, 0x0000000087000000|100%| E|CS|TAMS 0x0000000086f00000, 0x0000000086f00000| Complete 
| 112|0x0000000087000000, 0x0000000087100000, 0x0000000087100000|100%| E|CS|TAMS 0x0000000087000000, 0x0000000087000000| Complete 
| 113|0x0000000087100000, 0x0000000087200000, 0x0000000087200000|100%| E|CS|TAMS 0x0000000087100000, 0x0000000087100000| Complete 
| 114|0x0000000087200000, 0x0000000087300000, 0x0000000087300000|100%| E|CS|TAMS 0x0000000087200000, 0x0000000087200000| Complete 
| 115|0x0000000087300000, 0x0000000087400000, 0x0000000087400000|100%| E|CS|TAMS 0x0000000087300000, 0x0000000087300000| Complete 
| 116|0x0000000087400000, 0x0000000087500000, 0x0000000087500000|100%| E|CS|TAMS 0x0000000087400000, 0x0000000087400000| Complete 
| 117|0x0000000087500000, 0x0000000087600000, 0x0000000087600000|100%| E|CS|TAMS 0x0000000087500000, 0x0000000087500000| Complete 
| 118|0x0000000087600000, 0x0000000087700000, 0x0000000087700000|100%| E|CS|TAMS 0x0000000087600000, 0x0000000087600000| Complete 
| 119|0x0000000087700000, 0x0000000087800000, 0x0000000087800000|100%| E|CS|TAMS 0x0000000087700000, 0x0000000087700000| Complete 

Card table byte_map: [0x000001da77140000,0x000001da77540000] _byte_map_base: 0x000001da76d40000

Marking Bits (Prev, Next): (CMBitMap*) 0x000001da6e0bed28, (CMBitMap*) 0x000001da6e0bed60
 Prev Bits: [0x000001da77940000, 0x000001da79940000)
 Next Bits: [0x000001da79940000, 0x000001da7b940000)

Polling page: 0x000001da6d850000

Metaspace:

Usage:
  Non-class:     35.65 MB capacity,    34.98 MB ( 98%) used,   583.44 KB (  2%) free+waste,   105.44 KB ( <1%) overhead. 
      Class:      5.40 MB capacity,     5.01 MB ( 93%) used,   350.56 KB (  6%) free+waste,    50.75 KB ( <1%) overhead. 
       Both:     41.05 MB capacity,    39.99 MB ( 97%) used,   934.00 KB (  2%) free+waste,   156.19 KB ( <1%) overhead. 

Virtual space:
  Non-class space:       36.00 MB reserved,      35.83 MB (>99%) committed 
      Class space:      504.00 MB reserved,       5.50 MB (  1%) committed 
             Both:      540.00 MB reserved,      41.33 MB (  8%) committed 

Chunk freelists:
   Non-Class:  52.00 KB
       Class:  4.00 KB
        Both:  56.00 KB

MaxMetaspaceSize: 512.00 MB
CompressedClassSpaceSize: 504.00 MB
Initial GC threshold: 20.80 MB
Current GC threshold: 58.88 MB
CDS: off

CodeHeap 'non-profiled nmethods': size=120000Kb used=1954Kb max_used=1954Kb free=118045Kb
 bounds [0x000001da07ad0000, 0x000001da07d40000, 0x000001da0f000000]
CodeHeap 'profiled nmethods': size=120000Kb used=8077Kb max_used=8077Kb free=111922Kb
 bounds [0x000001da005a0000, 0x000001da00d90000, 0x000001da07ad0000]
CodeHeap 'non-nmethods': size=5760Kb used=2273Kb max_used=2300Kb free=3487Kb
 bounds [0x000001da00000000, 0x000001da00270000, 0x000001da005a0000]
 total_blobs=4580 nmethods=3813 adapters=679
 compilation: enabled
              stopped_count=0, restarted_count=0
 full_count=0

Compilation events (20 events):
Event: 52.869 Thread 0x000001da7e5c2800 nmethod 3808 0x000001da00d73f10 code [0x000001da00d740c0, 0x000001da00d74208]
Event: 52.886 Thread 0x000001da7e5c2800 3809       3       java.util.stream.Collectors::castingIdentity (6 bytes)
Event: 52.886 Thread 0x000001da7e5c2800 nmethod 3809 0x000001da00d74290 code [0x000001da00d74460, 0x000001da00d74698]
Event: 52.886 Thread 0x000001da7e5c2800 3810       3       javax.management.ObjectName::setCanonicalName (251 bytes)
Event: 52.888 Thread 0x000001da7e5c2800 nmethod 3810 0x000001da00d74790 code [0x000001da00d74a60, 0x000001da00d75bf8]
Event: 52.900 Thread 0x000001da7e5bf000 3811       4       org.codehaus.groovy.runtime.metaclass.MetaMethodIndex::addMethodToList (131 bytes)
Event: 52.964 Thread 0x000001da7e5c2800 3812       3       sun.reflect.generics.reflectiveObjects.ParameterizedTypeImpl::<init> (35 bytes)
Event: 52.965 Thread 0x000001da7e5c2800 nmethod 3812 0x000001da00d76290 code [0x000001da00d764c0, 0x000001da00d76a98]
Event: 52.965 Thread 0x000001da7e5c2800 3813       3       sun.reflect.generics.reflectiveObjects.TypeVariableImpl::hashCode (16 bytes)
Event: 52.965 Thread 0x000001da7e5c2800 nmethod 3813 0x000001da00d76d10 code [0x000001da00d76ee0, 0x000001da00d770f8]
Event: 52.966 Thread 0x000001da7e5c2800 3815       3       java.util.Hashtable$Enumerator::next (27 bytes)
Event: 52.966 Thread 0x000001da7e5c2800 nmethod 3815 0x000001da00d77210 code [0x000001da00d773e0, 0x000001da00d77618]
Event: 52.966 Thread 0x000001da7e5c2800 3816       3       org.codehaus.groovy.util.ComplexKeyHashMap$1::hasNext (13 bytes)
Event: 52.966 Thread 0x000001da7e5c2800 nmethod 3816 0x000001da00d77790 code [0x000001da00d77940, 0x000001da00d77a98]
Event: 52.966 Thread 0x000001da7e5c2800 3814       3       java.beans.Introspector::addPropertyDescriptor (265 bytes)
Event: 52.976 Thread 0x000001da7e5c2800 nmethod 3814 0x000001da00d77b10 code [0x000001da00d781a0, 0x000001da00d7cbb8]
Event: 52.976 Thread 0x000001da7e5c2800 3817       3       com.google.common.collect.MapMakerInternalMap::hash (14 bytes)
Event: 52.976 Thread 0x000001da7e5c2800 nmethod 3817 0x000001da00d7de90 code [0x000001da00d7e060, 0x000001da00d7e2f8]
Event: 52.976 Thread 0x000001da7e5c2800 3818       3       com.google.common.collect.MapMakerInternalMap::rehash (49 bytes)
Event: 52.977 Thread 0x000001da7e5c2800 nmethod 3818 0x000001da00d7e410 code [0x000001da00d7e5c0, 0x000001da00d7e6d8]

GC Heap History (12 events):
Event: 4.818 GC heap before
{Heap before GC invocations=0 (full 0):
 garbage-first heap   total 122880K, used 27648K [0x0000000080000000, 0x0000000100000000)
  region size 1024K, 24 young (24576K), 0 survivors (0K)
 Metaspace       used 10133K, capacity 10339K, committed 10624K, reserved 526336K
  class space    used 1027K, capacity 1106K, committed 1152K, reserved 516096K
}
Event: 4.831 GC heap after
{Heap after GC invocations=1 (full 0):
 garbage-first heap   total 122880K, used 10312K [0x0000000080000000, 0x0000000100000000)
  region size 1024K, 3 young (3072K), 3 survivors (3072K)
 Metaspace       used 10133K, capacity 10339K, committed 10624K, reserved 526336K
  class space    used 1027K, capacity 1106K, committed 1152K, reserved 516096K
}
Event: 30.533 GC heap before
{Heap before GC invocations=1 (full 0):
 garbage-first heap   total 122880K, used 81992K [0x0000000080000000, 0x0000000100000000)
  region size 1024K, 72 young (73728K), 3 survivors (3072K)
 Metaspace       used 18278K, capacity 18629K, committed 18944K, reserved 534528K
  class space    used 2077K, capacity 2210K, committed 2304K, reserved 516096K
}
Event: 30.594 GC heap after
{Heap after GC invocations=2 (full 0):
 garbage-first heap   total 122880K, used 17901K [0x0000000080000000, 0x0000000100000000)
  region size 1024K, 9 young (9216K), 9 survivors (9216K)
 Metaspace       used 18278K, capacity 18629K, committed 18944K, reserved 534528K
  class space    used 2077K, capacity 2210K, committed 2304K, reserved 516096K
}
Event: 31.333 GC heap before
{Heap before GC invocations=2 (full 0):
 garbage-first heap   total 122880K, used 36333K [0x0000000080000000, 0x0000000100000000)
  region size 1024K, 29 young (29696K), 9 survivors (9216K)
 Metaspace       used 20776K, capacity 21142K, committed 21296K, reserved 536576K
  class space    used 2455K, capacity 2608K, committed 2688K, reserved 516096K
}
Event: 31.345 GC heap after
{Heap after GC invocations=3 (full 0):
 garbage-first heap   total 122880K, used 18454K [0x0000000080000000, 0x0000000100000000)
  region size 1024K, 1 young (1024K), 1 survivors (1024K)
 Metaspace       used 20776K, capacity 21142K, committed 21296K, reserved 536576K
  class space    used 2455K, capacity 2608K, committed 2688K, reserved 516096K
}
Event: 33.136 GC heap before
{Heap before GC invocations=4 (full 0):
 garbage-first heap   total 122880K, used 66582K [0x0000000080000000, 0x0000000100000000)
  region size 1024K, 48 young (49152K), 1 survivors (1024K)
 Metaspace       used 25191K, capacity 25758K, committed 25904K, reserved 538624K
  class space    used 3155K, capacity 3384K, committed 3456K, reserved 516096K
}
Event: 33.141 GC heap after
{Heap after GC invocations=5 (full 0):
 garbage-first heap   total 122880K, used 19976K [0x0000000080000000, 0x0000000100000000)
  region size 1024K, 3 young (3072K), 3 survivors (3072K)
 Metaspace       used 25191K, capacity 25758K, committed 25904K, reserved 538624K
  class space    used 3155K, capacity 3384K, committed 3456K, reserved 516096K
}
Event: 36.044 GC heap before
{Heap before GC invocations=5 (full 0):
 garbage-first heap   total 122880K, used 73224K [0x0000000080000000, 0x0000000100000000)
  region size 1024K, 55 young (56320K), 3 survivors (3072K)
 Metaspace       used 30357K, capacity 31135K, committed 31408K, reserved 544768K
  class space    used 3952K, capacity 4247K, committed 4352K, reserved 516096K
}
Event: 36.049 GC heap after
{Heap after GC invocations=6 (full 0):
 garbage-first heap   total 122880K, used 21775K [0x0000000080000000, 0x0000000100000000)
  region size 1024K, 5 young (5120K), 5 survivors (5120K)
 Metaspace       used 30357K, capacity 31135K, committed 31408K, reserved 544768K
  class space    used 3952K, capacity 4247K, committed 4352K, reserved 516096K
}
Event: 40.302 GC heap before
{Heap before GC invocations=6 (full 0):
 garbage-first heap   total 122880K, used 48399K [0x0000000080000000, 0x0000000100000000)
  region size 1024K, 32 young (32768K), 5 survivors (5120K)
 Metaspace       used 34980K, capacity 35832K, committed 35920K, reserved 548864K
  class space    used 4450K, capacity 4814K, committed 4864K, reserved 516096K
}
Event: 40.318 GC heap after
{Heap after GC invocations=7 (full 0):
 garbage-first heap   total 122880K, used 23963K [0x0000000080000000, 0x0000000100000000)
  region size 1024K, 6 young (6144K), 6 survivors (6144K)
 Metaspace       used 34980K, capacity 35832K, committed 35920K, reserved 548864K
  class space    used 4450K, capacity 4814K, committed 4864K, reserved 516096K
}

Deoptimization events (20 events):
Event: 47.708 Thread 0x000001da7f2c2000 Uncommon trap: trap_request=0xffffffbe fr.pc=0x000001da07c998b0 relative=0x0000000000000850
Event: 47.708 Thread 0x000001da7f2c2000 Uncommon trap: reason=profile_predicate action=maybe_recompile pc=0x000001da07c998b0 method=java.lang.PublicMethods$MethodList.filter([Ljava/lang/reflect/Method;Ljava/lang/String;[Ljava/lang/Class;Z)Ljava/lang/PublicMethods$MethodList; @ 21 c2
Event: 47.708 Thread 0x000001da7f2c2000 DEOPT PACKING pc=0x000001da07c998b0 sp=0x00000013e97f8cd0
Event: 47.709 Thread 0x000001da7f2c2000 DEOPT UNPACKING pc=0x000001da0004a1af sp=0x00000013e97f8c88 mode 2
Event: 47.909 Thread 0x000001da7f2c2000 DEOPT PACKING pc=0x000001da00a41a55 sp=0x00000013e97f8e00
Event: 47.909 Thread 0x000001da7f2c2000 DEOPT UNPACKING pc=0x000001da0004a95e sp=0x00000013e97f8320 mode 0
Event: 48.328 Thread 0x000001da0ff47000 DEOPT PACKING pc=0x000001da0093e9e8 sp=0x00000013e94feac0
Event: 48.329 Thread 0x000001da0ff47000 DEOPT UNPACKING pc=0x000001da0004a95e sp=0x00000013e94fdfc8 mode 0
Event: 48.386 Thread 0x000001da7f2c2000 Uncommon trap: trap_request=0xffffffde fr.pc=0x000001da07c7790c relative=0x00000000000003ec
Event: 48.386 Thread 0x000001da7f2c2000 Uncommon trap: reason=class_check action=maybe_recompile pc=0x000001da07c7790c method=java.util.regex.Pattern$Start.match(Ljava/util/regex/Matcher;ILjava/lang/CharSequence;)Z @ 44 c2
Event: 48.386 Thread 0x000001da7f2c2000 DEOPT PACKING pc=0x000001da07c7790c sp=0x00000013e97f7db0
Event: 48.386 Thread 0x000001da7f2c2000 DEOPT UNPACKING pc=0x000001da0004a1af sp=0x00000013e97f7c78 mode 2
Event: 48.406 Thread 0x000001da7f2c2000 Uncommon trap: trap_request=0xffffff4d fr.pc=0x000001da07af25e8 relative=0x0000000000000048
Event: 48.406 Thread 0x000001da7f2c2000 Uncommon trap: reason=unstable_if action=reinterpret pc=0x000001da07af25e8 method=java.net.URI.match(CJJ)Z @ 19 c2
Event: 48.406 Thread 0x000001da7f2c2000 DEOPT PACKING pc=0x000001da07af25e8 sp=0x00000013e97f9c00
Event: 48.406 Thread 0x000001da7f2c2000 DEOPT UNPACKING pc=0x000001da0004a1af sp=0x00000013e97f9bb0 mode 2
Event: 48.545 Thread 0x000001da7f2c2000 Uncommon trap: trap_request=0xffffff4d fr.pc=0x000001da07b1c77c relative=0x00000000000001dc
Event: 48.545 Thread 0x000001da7f2c2000 Uncommon trap: reason=unstable_if action=reinterpret pc=0x000001da07b1c77c method=java.lang.StringCoding.encodeUTF8(B[BZ)[B @ 2 c2
Event: 48.545 Thread 0x000001da7f2c2000 DEOPT PACKING pc=0x000001da07b1c77c sp=0x00000013e97f95f0
Event: 48.545 Thread 0x000001da7f2c2000 DEOPT UNPACKING pc=0x000001da0004a1af sp=0x00000013e97f9598 mode 2

Classes redefined (0 events):
No events

Internal exceptions (20 events):
Event: 47.592 Thread 0x000001da7f2c2000 Exception <a 'java/lang/ClassNotFoundException'{0x0000000084a12700}: org/gradle/groovy/scripts/ScriptCustomizer> (0x0000000084a12700) thrown at [s\src\hotspot\share\classfile\systemDictionary.cpp, line 230]
Event: 47.595 Thread 0x000001da7f2c2000 Exception <a 'java/lang/ClassNotFoundException'{0x0000000084a2fa78}: org/gradle/groovy/scripts/BasicScriptCustomizer> (0x0000000084a2fa78) thrown at [s\src\hotspot\share\classfile\systemDictionary.cpp, line 230]
Event: 47.597 Thread 0x000001da7f2c2000 Exception <a 'java/lang/ClassNotFoundException'{0x0000000084a52950}: org/gradle/groovy/scripts/DefaultScriptCustomizer> (0x0000000084a52950) thrown at [s\src\hotspot\share\classfile\systemDictionary.cpp, line 230]
Event: 47.601 Thread 0x000001da7f2c2000 Exception <a 'java/lang/ClassNotFoundException'{0x0000000084a85d78}: org/gradle/plugin/use/internal/PluginsAwareScriptCustomizer> (0x0000000084a85d78) thrown at [s\src\hotspot\share\classfile\systemDictionary.cpp, line 230]
Event: 47.613 Thread 0x000001da7f2c2000 Exception <a 'java/lang/ClassNotFoundException'{0x0000000084aa4f80}: org/gradle/initialization/SettingsScriptCustomizer> (0x0000000084aa4f80) thrown at [s\src\hotspot\share\classfile\systemDictionary.cpp, line 230]
Event: 47.616 Thread 0x000001da7f2c2000 Exception <a 'java/lang/ClassNotFoundException'{0x0000000084ab8f18}: settings_2404eflogchw3scor1kgr7tahCustomizer> (0x0000000084ab8f18) thrown at [s\src\hotspot\share\classfile\systemDictionary.cpp, line 230]
Event: 47.755 Thread 0x000001da7f2c2000 Exception <a 'java/lang/ClassNotFoundException'{0x00000000849faaf0}: org/gradle/initialization/DefaultSettings_DecoratedBeanInfo> (0x00000000849faaf0) thrown at [s\src\hotspot\share\classfile\systemDictionary.cpp, line 230]
Event: 47.770 Thread 0x000001da7f2c2000 Exception <a 'java/lang/ClassNotFoundException'{0x000000008481fd78}: org/gradle/initialization/DefaultSettingsBeanInfo> (0x000000008481fd78) thrown at [s\src\hotspot\share\classfile\systemDictionary.cpp, line 230]
Event: 47.773 Thread 0x000001da7f2c2000 Exception <a 'java/lang/ClassNotFoundException'{0x0000000084848fd0}: org/gradle/api/internal/project/AbstractPluginAwareBeanInfo> (0x0000000084848fd0) thrown at [s\src\hotspot\share\classfile\systemDictionary.cpp, line 230]
Event: 47.795 Thread 0x000001da7f2c2000 Exception <a 'java/lang/ClassNotFoundException'{0x0000000084872158}: org/gradle/api/internal/project/AbstractPluginAwareCustomizer> (0x0000000084872158) thrown at [s\src\hotspot\share\classfile\systemDictionary.cpp, line 230]
Event: 47.799 Thread 0x000001da7f2c2000 Exception <a 'java/lang/ClassNotFoundException'{0x000000008489ea40}: org/gradle/initialization/DefaultSettingsCustomizer> (0x000000008489ea40) thrown at [s\src\hotspot\share\classfile\systemDictionary.cpp, line 230]
Event: 47.885 Thread 0x000001da7f2c2000 Exception <a 'java/lang/ClassNotFoundException'{0x00000000848f9690}: org/gradle/initialization/DefaultSettings_DecoratedCustomizer> (0x00000000848f9690) thrown at [s\src\hotspot\share\classfile\systemDictionary.cpp, line 230]
Event: 47.983 Thread 0x000001da7f2c2000 Exception <a 'java/lang/ClassNotFoundException'{0x00000000847bf538}: org/gradle/initialization/DefaultProjectDescriptorBeanInfo> (0x00000000847bf538) thrown at [s\src\hotspot\share\classfile\systemDictionary.cpp, line 230]
Event: 47.985 Thread 0x000001da7f2c2000 Exception <a 'java/lang/ClassNotFoundException'{0x00000000847e6c98}: org/gradle/initialization/DefaultProjectDescriptorCustomizer> (0x00000000847e6c98) thrown at [s\src\hotspot\share\classfile\systemDictionary.cpp, line 230]
Event: 48.373 Thread 0x000001da7f2c2000 Exception <a 'java/lang/ClassNotFoundException'{0x000000008430b508}: org/gradle/api/internal/plugins/DefaultObjectConfigurationActionBeanInfo> (0x000000008430b508) thrown at [s\src\hotspot\share\classfile\systemDictionary.cpp, line 230]
Event: 48.384 Thread 0x000001da7f2c2000 Exception <a 'java/lang/ClassNotFoundException'{0x00000000843362a0}: org/gradle/api/internal/plugins/DefaultObjectConfigurationActionCustomizer> (0x00000000843362a0) thrown at [s\src\hotspot\share\classfile\systemDictionary.cpp, line 230]
Event: 52.856 Thread 0x000001da7f2c2000 Exception <a 'java/lang/ClassNotFoundException'{0x0000000083d5d128}: native_modules_7fnmtv77t09m9uvxexsn9kitdBeanInfo> (0x0000000083d5d128) thrown at [s\src\hotspot\share\classfile\systemDictionary.cpp, line 230]
Event: 52.857 Thread 0x000001da7f2c2000 Exception <a 'java/lang/ClassNotFoundException'{0x0000000083d63468}: native_modules_7fnmtv77t09m9uvxexsn9kitdCustomizer> (0x0000000083d63468) thrown at [s\src\hotspot\share\classfile\systemDictionary.cpp, line 230]
Event: 52.912 Thread 0x000001da7f2c2000 Exception <a 'java/lang/ClassNotFoundException'{0x0000000083dc5290}: groovy/lang/ReferenceBeanInfo> (0x0000000083dc5290) thrown at [s\src\hotspot\share\classfile\systemDictionary.cpp, line 230]
Event: 52.962 Thread 0x000001da7f2c2000 Exception <a 'java/lang/ClassNotFoundException'{0x0000000083dfb038}: groovy/lang/ReferenceCustomizer> (0x0000000083dfb038) thrown at [s\src\hotspot\share\classfile\systemDictionary.cpp, line 230]

Events (20 events):
Event: 52.909 loading class groovy/lang/ReferenceBeanInfo
Event: 52.909 loading class groovy/lang/ReferenceBeanInfo done
Event: 52.912 loading class groovy/lang/ReferenceCustomizer
Event: 52.912 loading class groovy/lang/ReferenceCustomizer done
Event: 52.930 loading class groovy/lang/ReferenceCustomizer
Event: 52.930 loading class groovy/lang/ReferenceCustomizer done
Event: 52.930 loading class groovy/lang/ReferenceCustomizer
Event: 52.930 loading class groovy/lang/ReferenceCustomizer done
Event: 52.962 loading class groovy/lang/ReferenceCustomizer
Event: 52.962 loading class groovy/lang/ReferenceCustomizer done
Event: 52.963 Executing VM operation: RevokeBias
Event: 52.963 Executing VM operation: RevokeBias done
Event: 52.963 Executing VM operation: RevokeBias
Event: 52.964 Executing VM operation: RevokeBias done
Event: 52.964 Executing VM operation: RevokeBias
Event: 52.965 Executing VM operation: RevokeBias done
Event: 52.966 loading class org/codehaus/groovy/runtime/GStringImpl
Event: 52.966 loading class org/codehaus/groovy/runtime/GStringImpl done
Event: 52.969 loading class groovy/runtime/metaclass/groovy/lang/GString$1MetaClass
Event: 52.969 loading class groovy/runtime/metaclass/groovy/lang/GString$1MetaClass done


Dynamic libraries:
0x00007ff733450000 - 0x00007ff73345d000 	C:\Program Files\Microsoft\jdk-11.0.20.8-hotspot\bin\java.exe
0x00007ffbb1ad0000 - 0x00007ffbb1ce4000 	C:\WINDOWS\SYSTEM32\ntdll.dll
0x00007ffbafcc0000 - 0x00007ffbafd84000 	C:\WINDOWS\System32\KERNEL32.DLL
0x00007ffbaef70000 - 0x00007ffbaf314000 	C:\WINDOWS\System32\KERNELBASE.dll
0x00007ffbaf390000 - 0x00007ffbaf4a1000 	C:\WINDOWS\System32\ucrtbase.dll
0x00007ffb84c80000 - 0x00007ffb84c97000 	C:\Program Files\Microsoft\jdk-11.0.20.8-hotspot\bin\jli.dll
0x00007ffbb0440000 - 0x00007ffbb05ee000 	C:\WINDOWS\System32\USER32.dll
0x00007ffbaee80000 - 0x00007ffbaeea6000 	C:\WINDOWS\System32\win32u.dll
0x00007ffbb19e0000 - 0x00007ffbb1a09000 	C:\WINDOWS\System32\GDI32.dll
0x00007ffbaf4b0000 - 0x00007ffbaf5c8000 	C:\WINDOWS\System32\gdi32full.dll
0x00007ffbaf740000 - 0x00007ffbaf7da000 	C:\WINDOWS\System32\msvcp_win.dll
0x00007ffb7aa50000 - 0x00007ffb7aa65000 	C:\Program Files\Microsoft\jdk-11.0.20.8-hotspot\bin\VCRUNTIME140.dll
0x00007ffb964f0000 - 0x00007ffb96783000 	C:\WINDOWS\WinSxS\amd64_microsoft.windows.common-controls_6595b64144ccf1df_6.0.22621.2215_none_270d72677387dfc3\COMCTL32.dll
0x00007ffbafd90000 - 0x00007ffbafe37000 	C:\WINDOWS\System32\msvcrt.dll
0x00007ffbb0230000 - 0x00007ffbb0261000 	C:\WINDOWS\System32\IMM32.DLL
0x00007ffb52d30000 - 0x00007ffb52dcb000 	C:\Program Files\Microsoft\jdk-11.0.20.8-hotspot\bin\msvcp140.dll
0x00007ffb30420000 - 0x00007ffb30fb6000 	C:\Program Files\Microsoft\jdk-11.0.20.8-hotspot\bin\server\jvm.dll
0x00007ffbb1930000 - 0x00007ffbb19e0000 	C:\WINDOWS\System32\ADVAPI32.dll
0x00007ffbaf860000 - 0x00007ffbaf906000 	C:\WINDOWS\System32\sechost.dll
0x00007ffbafe40000 - 0x00007ffbaff57000 	C:\WINDOWS\System32\RPCRT4.dll
0x00007ffbb1300000 - 0x00007ffbb1308000 	C:\WINDOWS\System32\PSAPI.DLL
0x00007ffb84b80000 - 0x00007ffb84b89000 	C:\WINDOWS\SYSTEM32\WSOCK32.dll
0x00007ffbb1a10000 - 0x00007ffbb1a81000 	C:\WINDOWS\System32\WS2_32.dll
0x00007ffba72d0000 - 0x00007ffba7304000 	C:\WINDOWS\SYSTEM32\WINMM.dll
0x00007ffbabf70000 - 0x00007ffbabf7a000 	C:\WINDOWS\SYSTEM32\VERSION.dll
0x00007ffbadf40000 - 0x00007ffbadf58000 	C:\WINDOWS\SYSTEM32\kernel.appcore.dll
0x00007ffbacb80000 - 0x00007ffbacb90000 	C:\Program Files\Microsoft\jdk-11.0.20.8-hotspot\bin\verify.dll
0x00007ffbac800000 - 0x00007ffbaca2e000 	C:\WINDOWS\SYSTEM32\DBGHELP.DLL
0x00007ffbaf910000 - 0x00007ffbafc9a000 	C:\WINDOWS\System32\combase.dll
0x00007ffbb1220000 - 0x00007ffbb12f7000 	C:\WINDOWS\System32\OLEAUT32.dll
0x00007ffb91840000 - 0x00007ffb91872000 	C:\WINDOWS\SYSTEM32\dbgcore.DLL
0x00007ffbaf7e0000 - 0x00007ffbaf85a000 	C:\WINDOWS\System32\bcryptPrimitives.dll
0x00007ffb7aa70000 - 0x00007ffb7aa98000 	C:\Program Files\Microsoft\jdk-11.0.20.8-hotspot\bin\java.dll
0x00007ffba0b60000 - 0x00007ffba0b6a000 	C:\Program Files\Microsoft\jdk-11.0.20.8-hotspot\bin\jimage.dll
0x00007ffb84c00000 - 0x00007ffb84c18000 	C:\Program Files\Microsoft\jdk-11.0.20.8-hotspot\bin\zip.dll
0x00007ffbb0940000 - 0x00007ffbb1163000 	C:\WINDOWS\System32\SHELL32.dll
0x00007ffbacdd0000 - 0x00007ffbad6ba000 	C:\WINDOWS\SYSTEM32\windows.storage.dll
0x00007ffbacc90000 - 0x00007ffbacdce000 	C:\WINDOWS\SYSTEM32\wintypes.dll
0x00007ffbb0770000 - 0x00007ffbb0863000 	C:\WINDOWS\System32\SHCORE.dll
0x00007ffbb0710000 - 0x00007ffbb076e000 	C:\WINDOWS\System32\shlwapi.dll
0x00007ffbaedb0000 - 0x00007ffbaedd6000 	C:\WINDOWS\SYSTEM32\profapi.dll
0x00007ffb84b90000 - 0x00007ffb84ba9000 	C:\Program Files\Microsoft\jdk-11.0.20.8-hotspot\bin\net.dll
0x00007ffba89b0000 - 0x00007ffba8ae7000 	C:\WINDOWS\SYSTEM32\WINHTTP.dll
0x00007ffbae420000 - 0x00007ffbae489000 	C:\WINDOWS\system32\mswsock.dll
0x00007ffb81bb0000 - 0x00007ffb81bc3000 	C:\Program Files\Microsoft\jdk-11.0.20.8-hotspot\bin\nio.dll
0x00007ffb6c1f0000 - 0x00007ffb6c217000 	C:\Users\Danisa\.gradle\native\68d5fa5c4cc2d200863cafc0d521ce42e7d3e7ee720ec0a83991735586a16f82\windows-amd64\native-platform.dll
0x00007ffb3c790000 - 0x00007ffb3c8d4000 	C:\Users\Danisa\.gradle\native\e376f236ea51e6404a007f0833ffe2c6e607c4080706a723a18a27aeea778392\windows-amd64\native-platform-file-events.dll
0x00007ffb9e6d0000 - 0x00007ffb9e6d9000 	C:\Program Files\Microsoft\jdk-11.0.20.8-hotspot\bin\management.dll
0x00007ffb9d5a0000 - 0x00007ffb9d5ab000 	C:\Program Files\Microsoft\jdk-11.0.20.8-hotspot\bin\management_ext.dll
0x00007ffbae690000 - 0x00007ffbae6ab000 	C:\WINDOWS\SYSTEM32\CRYPTSP.dll
0x00007ffbadf00000 - 0x00007ffbadf35000 	C:\WINDOWS\system32\rsaenh.dll
0x00007ffbae530000 - 0x00007ffbae55c000 	C:\WINDOWS\SYSTEM32\USERENV.dll
0x00007ffbae850000 - 0x00007ffbae878000 	C:\WINDOWS\SYSTEM32\bcrypt.dll
0x00007ffbae6b0000 - 0x00007ffbae6bc000 	C:\WINDOWS\SYSTEM32\CRYPTBASE.dll
0x00007ffbad990000 - 0x00007ffbad9bd000 	C:\WINDOWS\SYSTEM32\IPHLPAPI.DLL
0x00007ffbb0700000 - 0x00007ffbb0709000 	C:\WINDOWS\System32\NSI.dll
0x00007ffba7510000 - 0x00007ffba7529000 	C:\WINDOWS\SYSTEM32\dhcpcsvc6.DLL
0x00007ffba72b0000 - 0x00007ffba72cf000 	C:\WINDOWS\SYSTEM32\dhcpcsvc.DLL
0x00007ffbada00000 - 0x00007ffbadaf2000 	C:\WINDOWS\SYSTEM32\DNSAPI.dll

dbghelp: loaded successfully - version: 4.0.5 - missing functions: none
symbol engine: initialized successfully - sym options: 0x614 - pdb path: .;C:\Program Files\Microsoft\jdk-11.0.20.8-hotspot\bin;C:\WINDOWS\SYSTEM32;C:\WINDOWS\WinSxS\amd64_microsoft.windows.common-controls_6595b64144ccf1df_6.0.22621.2215_none_270d72677387dfc3;C:\Program Files\Microsoft\jdk-11.0.20.8-hotspot\bin\server;C:\Users\Danisa\.gradle\native\68d5fa5c4cc2d200863cafc0d521ce42e7d3e7ee720ec0a83991735586a16f82\windows-amd64;C:\Users\Danisa\.gradle\native\e376f236ea51e6404a007f0833ffe2c6e607c4080706a723a18a27aeea778392\windows-amd64

VM Arguments:
jvm_args: -XX:MaxMetaspaceSize=512m --add-opens=java.base/java.util=ALL-UNNAMED --add-opens=java.base/java.lang=ALL-UNNAMED --add-opens=java.base/java.lang.invoke=ALL-UNNAMED --add-opens=java.prefs/java.util.prefs=ALL-UNNAMED --add-opens=java.base/java.nio.charset=ALL-UNNAMED --add-opens=java.base/java.net=ALL-UNNAMED --add-opens=java.base/java.util.concurrent.atomic=ALL-UNNAMED -Xmx2048m -Dfile.encoding=windows-1252 -Duser.country=ID -Duser.language=en -Duser.variant 
java_command: org.gradle.launcher.daemon.bootstrap.GradleDaemon 8.0.1
java_class_path (initial): C:\Users\Danisa\.gradle\wrapper\dists\gradle-8.0.1-all\aro4hu1c3oeioove7l0i4i14o\gradle-8.0.1\lib\gradle-launcher-8.0.1.jar
Launcher Type: SUN_STANDARD

[Global flags]
     intx CICompilerCount                          = 4                                         {product} {ergonomic}
   size_t CompressedClassSpaceSize                 = 528482304                                 {product} {ergonomic}
     uint ConcGCThreads                            = 3                                         {product} {ergonomic}
     uint G1ConcRefinementThreads                  = 10                                        {product} {ergonomic}
   size_t G1HeapRegionSize                         = 1048576                                   {product} {ergonomic}
    uintx GCDrainStackTargetSize                   = 64                                        {product} {ergonomic}
   size_t InitialHeapSize                          = 125829120                                 {product} {ergonomic}
   size_t MarkStackSize                            = 4194304                                   {product} {ergonomic}
   size_t MaxHeapSize                              = 2147483648                                {product} {command line}
   size_t MaxMetaspaceSize                         = 536870912                                 {product} {command line}
   size_t MaxNewSize                               = 1287651328                                {product} {ergonomic}
   size_t MinHeapDeltaBytes                        = 1048576                                   {product} {ergonomic}
    uintx NonNMethodCodeHeapSize                   = 5836300                                {pd product} {ergonomic}
    uintx NonProfiledCodeHeapSize                  = 122910970                              {pd product} {ergonomic}
    uintx ProfiledCodeHeapSize                     = 122910970                              {pd product} {ergonomic}
    uintx ReservedCodeCacheSize                    = 251658240                              {pd product} {ergonomic}
     bool SegmentedCodeCache                       = true                                      {product} {ergonomic}
     bool UseCompressedClassPointers               = true                                 {lp64_product} {ergonomic}
     bool UseCompressedOops                        = true                                 {lp64_product} {ergonomic}
     bool UseG1GC                                  = true                                      {product} {ergonomic}
     bool UseLargePagesIndividualAllocation        = false                                  {pd product} {ergonomic}

Logging:
Log output configuration:
 #0: stdout all=warning uptime,level,tags
 #1: stderr all=off uptime,level,tags

Environment Variables:
JAVA_HOME=C:\Program Files\Microsoft\jdk-11.0.20.8-hotspot\
CLASSPATH=D:\mas aldo\mobile-app\banksampah\android\\gradle\wrapper\gradle-wrapper.jar
PATH=D:\mas aldo\mobile-app\banksampah\node_modules\.bin;D:\mas aldo\mobile-app\banksampah\node_modules\.bin;D:\mas aldo\mobile-app\node_modules\.bin;D:\mas aldo\node_modules\.bin;D:\node_modules\.bin;C:\Users\Danisa\AppData\Roaming\npm\node_modules\npm\node_modules\@npmcli\run-script\lib\node-gyp-bin;D:\mas aldo\mobile-app\banksampah\node_modules\.bin;D:\mas aldo\mobile-app\node_modules\.bin;D:\mas aldo\node_modules\.bin;D:\node_modules\.bin;C:\Users\Danisa\AppData\Roaming\npm\node_modules\npm\node_modules\@npmcli\run-script\lib\node-gyp-bin;C:\Program Files\Microsoft\jdk-11.0.20.8-hotspot\bin;C:\Python311\Scripts\;C:\Python311\;C:\WINDOWS\system32;C:\WINDOWS;C:\WINDOWS\System32\Wbem;C:\WINDOWS\System32\WindowsPowerShell\v1.0\;C:\WINDOWS\System32\OpenSSH\;C:\Users\Danisa\AppData\Roaming\nvm;C:\Program Files\nodejs;C:\ProgramData\chocolatey\bin;D:\dhanissa\cmd;C:\Program Files\Docker\Docker\resources\bin;D:\dhanissa\nodejs\;C:\Program Files\Microsoft\jdk-11.0.20.8-hotspot\bin;C:\Python311\Scripts\;C:\Python311\;C:\WINDOWS\system32;C:\WINDOWS;C:\WINDOWS\System32\Wbem;C:\WINDOWS\System32\WindowsPowerShell\v1.0\;C:\WINDOWS\System32\OpenSSH\;C:\Users\Danisa\AppData\Roaming\nvm;C:\Program Files\nodejs;C:\ProgramData\chocolatey\bin;D:\dhanissa\cmd;C:\Program Files\Docker\Docker\resources\bin;D:\dhanissa\nodejs\;D:\software\Android\Sdk\tools\bin;D:\software\Android\Sdk\platform-tools;
USERNAME=Danisa
LANG=en_US.UTF-8
OS=Windows_NT
PROCESSOR_IDENTIFIER=AMD64 Family 25 Model 80 Stepping 0, AuthenticAMD
TMP=C:\Users\Danisa\AppData\Local\Temp
TEMP=C:\Users\Danisa\AppData\Local\Temp



---------------  S Y S T E M  ---------------

OS: Windows 11 , 64 bit Build 22621 (10.0.22621.2215)
OS uptime: 2 days 15:47 hours
Hyper-V role detected

CPU:total 12 (initial active 12) (12 cores per cpu, 2 threads per core) family 25 model 80 stepping 0 microcode 0x0, cmov, cx8, fxsr, mmx, sse, sse2, sse3, ssse3, sse4.1, sse4.2, popcnt, avx, avx2, aes, clmul, erms, mmxext, 3dnowpref, lzcnt, sse4a, ht, tsc, tscinvbit, tscinv, bmi1, bmi2, adx, sha, fma

Memory: 4k page, system-wide physical 7583M (17M free)
TotalPageFile size 24672M (AvailPageFile size 24M)
current process WorkingSet (physical memory assigned to process): 135M, peak: 192M
current process commit charge ("private bytes"): 288M, peak: 296M

vm_info: OpenJDK 64-Bit Server VM (11.0.20+8-LTS) for windows-amd64 JRE (11.0.20+8-LTS), built on Jul  7 2023 17:05:21 by "MicrosoftCorporation" with MS VC++ 15.9 (VS2017)

END.
