#
# There is insufficient memory for the Java Runtime Environment to continue.
# Native memory allocation (malloc) failed to allocate 1048576 bytes for AllocateHeap
# Possible reasons:
#   The system is out of physical RAM or swap space
#   The process is running with CompressedOops enabled, and the Java Heap may be blocking the growth of the native heap
# Possible solutions:
#   Reduce memory load on the system
#   Increase physical memory or swap space
#   Check if swap backing store is full
#   Decrease Java heap size (-Xmx/-Xms)
#   Decrease number of Java threads
#   Decrease Java thread stack sizes (-Xss)
#   Set larger code cache with -XX:ReservedCodeCacheSize=
#   JVM is running with Unscaled Compressed Oops mode in which the Java heap is
#     placed in the first 4GB address space. The Java Heap base address is the
#     maximum limit for the native heap growth. Please use -XX:HeapBaseMinAddress
#     to set the Java Heap base and to place the Java Heap above 4GB virtual address.
# This output file may be truncated or incomplete.
#
#  Out of Memory Error (allocation.cpp:46), pid=15888, tid=10684
#
# JRE version: OpenJDK Runtime Environment Microsoft-8035250 (11.0.20+8) (build 11.0.20+8-LTS)
# Java VM: OpenJDK 64-Bit Server VM Microsoft-8035250 (11.0.20+8-LTS, mixed mode, tiered, compressed oops, g1 gc, windows-amd64)
# No core dump will be written. Minidumps are not enabled by default on client versions of Windows
#

---------------  S U M M A R Y ------------

Command Line: -XX:MaxMetaspaceSize=512m --add-opens=java.base/java.util=ALL-UNNAMED --add-opens=java.base/java.lang=ALL-UNNAMED --add-opens=java.base/java.lang.invoke=ALL-UNNAMED --add-opens=java.prefs/java.util.prefs=ALL-UNNAMED --add-opens=java.base/java.nio.charset=ALL-UNNAMED --add-opens=java.base/java.net=ALL-UNNAMED --add-opens=java.base/java.util.concurrent.atomic=ALL-UNNAMED -Xmx2048m -Dfile.encoding=windows-1252 -Duser.country=ID -Duser.language=en -Duser.variant org.gradle.launcher.daemon.bootstrap.GradleDaemon 8.0.1

Host: AMD Ryzen 5 5600H with Radeon Graphics         , 12 cores, 7G,  Windows 11 , 64 bit Build 22621 (10.0.22621.2215)
Time: Sat Sep 30 13:47:43 2023 SE Asia Standard Time elapsed time: 53.271544 seconds (0d 0h 0m 53s)

---------------  T H R E A D  ---------------

Current thread (0x00000255f51a7800):  VMThread "VM Thread" [stack: 0x0000007dedc00000,0x0000007dedd00000] [id=10684]

Stack: [0x0000007dedc00000,0x0000007dedd00000]
[error occurred during error reporting (printing stack bounds), id 0xc0000005, EXCEPTION_ACCESS_VIOLATION (0xc0000005) at pc=0x00000255de40112d]

Native frames: (J=compiled Java code, j=interpreted, Vv=VM code, C=native code)
V  [jvm.dll+0x62e9da]
V  [jvm.dll+0x7bc4e9]
V  [jvm.dll+0x7bdbd8]
V  [jvm.dll+0x7be215]
V  [jvm.dll+0x7be1cb]
V  [jvm.dll+0x62dd67]
V  [jvm.dll+0x62e478]
C  [ntdll.dll+0xa3dff]
C  [ntdll.dll+0x1e456]
C  [ntdll.dll+0xa2dee]
C  0x00000255de40112d

VM_Operation (0x0000007deedf60d0): CollectForMetadataAllocation, mode: safepoint, requested by thread 0x00000255f70c7800


---------------  P R O C E S S  ---------------

Threads class SMR info:
_java_thread_list=0x00000255f7fc0af0, length=34, elements={
0x00000255d3b2d000, 0x00000255f51ad000, 0x00000255f51af000, 0x00000255f51c9800,
0x00000255f51ca800, 0x00000255f51cb800, 0x00000255f51cd000, 0x00000255f51d0000,
0x00000255f51d2800, 0x00000255f5cb6000, 0x00000255f7c84000, 0x00000255f7d3a800,
0x00000255f7c65000, 0x00000255f6ac7800, 0x00000255f6ac8800, 0x00000255f69da800,
0x00000255f70c7800, 0x00000255f6d47800, 0x00000255f712e800, 0x00000255f740f800,
0x00000255f740e800, 0x00000255f7410000, 0x00000255f740a800, 0x00000255f7411000,
0x00000255f740b800, 0x00000255f740c000, 0x00000255f740d000, 0x00000255f740e000,
0x00000255fa15e800, 0x00000255fa161000, 0x00000255fa15f800, 0x00000255fa160000,
0x00000255fa15d800, 0x00000255fa15b800
}

Java Threads: ( => current thread )
  0x00000255d3b2d000 JavaThread "main" [_thread_blocked, id=21276, stack(0x0000007ded600000,0x0000007ded700000)]
  0x00000255f51ad000 JavaThread "Reference Handler" daemon [_thread_blocked, id=24260, stack(0x0000007dedd00000,0x0000007dede00000)]
  0x00000255f51af000 JavaThread "Finalizer" daemon [_thread_blocked, id=6308, stack(0x0000007dede00000,0x0000007dedf00000)]
  0x00000255f51c9800 JavaThread "Signal Dispatcher" daemon [_thread_blocked, id=10368, stack(0x0000007dedf00000,0x0000007dee000000)]
  0x00000255f51ca800 JavaThread "Attach Listener" daemon [_thread_blocked, id=21712, stack(0x0000007dee000000,0x0000007dee100000)]
  0x00000255f51cb800 JavaThread "Service Thread" daemon [_thread_blocked, id=25060, stack(0x0000007dee100000,0x0000007dee200000)]
  0x00000255f51cd000 JavaThread "C2 CompilerThread0" daemon [_thread_blocked, id=13700, stack(0x0000007dee200000,0x0000007dee300000)]
  0x00000255f51d0000 JavaThread "C1 CompilerThread0" daemon [_thread_blocked, id=20872, stack(0x0000007dee300000,0x0000007dee400000)]
  0x00000255f51d2800 JavaThread "Sweeper thread" daemon [_thread_blocked, id=24168, stack(0x0000007dee400000,0x0000007dee500000)]
  0x00000255f5cb6000 JavaThread "Common-Cleaner" daemon [_thread_blocked, id=18732, stack(0x0000007dee500000,0x0000007dee600000)]
  0x00000255f7c84000 JavaThread "Daemon health stats" [_thread_blocked, id=3908, stack(0x0000007dee800000,0x0000007dee900000)]
  0x00000255f7d3a800 JavaThread "Incoming local TCP Connector on port 53123" [_thread_in_native, id=14608, stack(0x0000007dee900000,0x0000007deea00000)]
  0x00000255f7c65000 JavaThread "Daemon periodic checks" [_thread_blocked, id=1636, stack(0x0000007deea00000,0x0000007deeb00000)]
  0x00000255f6ac7800 JavaThread "Daemon" [_thread_blocked, id=25656, stack(0x0000007deeb00000,0x0000007deec00000)]
  0x00000255f6ac8800 JavaThread "Handler for socket connection from /127.0.0.1:53123 to /127.0.0.1:53145" [_thread_in_native, id=25580, stack(0x0000007deec00000,0x0000007deed00000)]
  0x00000255f69da800 JavaThread "Cancel handler" [_thread_blocked, id=9112, stack(0x0000007ded300000,0x0000007ded400000)]
  0x00000255f70c7800 JavaThread "Daemon worker" [_thread_blocked, id=15536, stack(0x0000007deed00000,0x0000007deee00000)]
  0x00000255f6d47800 JavaThread "Asynchronous log dispatcher for DefaultDaemonConnection: socket connection from /127.0.0.1:53123 to /127.0.0.1:53145" [_thread_blocked, id=25904, stack(0x0000007deee00000,0x0000007deef00000)]
  0x00000255f712e800 JavaThread "Stdin handler" [_thread_blocked, id=9552, stack(0x0000007deef00000,0x0000007def000000)]
  0x00000255f740f800 JavaThread "Daemon client event forwarder" [_thread_blocked, id=24600, stack(0x0000007def000000,0x0000007def100000)]
  0x00000255f740e800 JavaThread "Cache worker for journal cache (C:\Users\Danisa\.gradle\caches\journal-1)" [_thread_blocked, id=26892, stack(0x0000007defd00000,0x0000007defe00000)]
  0x00000255f7410000 JavaThread "File lock request listener" [_thread_in_native, id=26928, stack(0x0000007defe00000,0x0000007deff00000)]
  0x00000255f740a800 JavaThread "Cache worker for file hash cache (C:\Users\Danisa\.gradle\caches\8.0.1\fileHashes)" [_thread_blocked, id=27068, stack(0x0000007deff00000,0x0000007df0000000)]
  0x00000255f7411000 JavaThread "File lock release action executor" [_thread_blocked, id=27080, stack(0x0000007df0000000,0x0000007df0100000)]
  0x00000255f740b800 JavaThread "File watcher server" daemon [_thread_in_native, id=27224, stack(0x0000007df0100000,0x0000007df0200000)]
  0x00000255f740c000 JavaThread "File watcher consumer" daemon [_thread_blocked, id=27236, stack(0x0000007df0200000,0x0000007df0300000)]
  0x00000255f740d000 JavaThread "Cache worker for checksums cache (D:\mas aldo\mobile-app\banksampah\android\.gradle\8.0.1\checksums)" [_thread_blocked, id=27304, stack(0x0000007df0300000,0x0000007df0400000)]
  0x00000255f740e000 JavaThread "Cache worker for cache directory md-rule (C:\Users\Danisa\.gradle\caches\8.0.1\md-rule)" [_thread_blocked, id=27344, stack(0x0000007df0400000,0x0000007df0500000)]
  0x00000255fa15e800 JavaThread "Cache worker for file content cache (C:\Users\Danisa\.gradle\caches\8.0.1\fileContent)" [_thread_blocked, id=27356, stack(0x0000007df0500000,0x0000007df0600000)]
  0x00000255fa161000 JavaThread "Cache worker for file hash cache (D:\mas aldo\mobile-app\banksampah\android\.gradle\8.0.1\fileHashes)" [_thread_blocked, id=27496, stack(0x0000007df0600000,0x0000007df0700000)]
  0x00000255fa15f800 JavaThread "Cache worker for cache directory md-supplier (C:\Users\Danisa\.gradle\caches\8.0.1\md-supplier)" [_thread_blocked, id=27508, stack(0x0000007df0700000,0x0000007df0800000)]
  0x00000255fa160000 JavaThread "Cache worker for execution history cache (C:\Users\Danisa\.gradle\caches\8.0.1\executionHistory)" [_thread_blocked, id=27528, stack(0x0000007df0800000,0x0000007df0900000)]
  0x00000255fa15d800 JavaThread "jar transforms" [_thread_blocked, id=26228, stack(0x0000007df0900000,0x0000007df0a00000)]
  0x00000255fa15b800 JavaThread "jar transforms Thread 2" [_thread_blocked, id=10576, stack(0x0000007df0a00000,0x0000007df0b00000)]

Other Threads:
=>0x00000255f51a7800 VMThread "VM Thread" [stack: 0x0000007dedc00000,0x0000007dedd00000] [id=10684]
  0x00000255f5cc0000 WatcherThread [stack: 0x0000007dee600000,0x0000007dee700000] [id=22928]
  0x00000255d5ca7000 GCTaskThread "GC Thread#0" [stack: 0x0000007ded700000,0x0000007ded800000] [id=212]
  0x00000255f6595800 GCTaskThread "GC Thread#1" [stack: 0x0000007dee700000,0x0000007dee800000] [id=4008]
  0x00000255f5e6e800 GCTaskThread "GC Thread#2" [stack: 0x0000007def100000,0x0000007def200000] [id=20492]
  0x00000255f5e1e800 GCTaskThread "GC Thread#3" [stack: 0x0000007def200000,0x0000007def300000] [id=19212]
  0x00000255f6d57800 GCTaskThread "GC Thread#4" [stack: 0x0000007def300000,0x0000007def400000] [id=21324]
  0x00000255f7643000 GCTaskThread "GC Thread#5" [stack: 0x0000007def400000,0x0000007def500000] [id=22140]
  0x00000255f6d42800 GCTaskThread "GC Thread#6" [stack: 0x0000007def500000,0x0000007def600000] [id=16808]
  0x00000255f5eed000 GCTaskThread "GC Thread#7" [stack: 0x0000007def600000,0x0000007def700000] [id=2412]
  0x00000255f6939800 GCTaskThread "GC Thread#8" [stack: 0x0000007def700000,0x0000007def800000] [id=23848]
  0x00000255f5c0d800 GCTaskThread "GC Thread#9" [stack: 0x0000007def800000,0x0000007def900000] [id=22236]
  0x00000255d5cd7800 ConcurrentGCThread "G1 Main Marker" [stack: 0x0000007ded800000,0x0000007ded900000] [id=22420]
  0x00000255d5cd9000 ConcurrentGCThread "G1 Conc#0" [stack: 0x0000007ded900000,0x0000007deda00000] [id=12344]
  0x00000255f68b2800 ConcurrentGCThread "G1 Conc#1" [stack: 0x0000007defb00000,0x0000007defc00000] [id=26872]
  0x00000255f6abb800 ConcurrentGCThread "G1 Conc#2" [stack: 0x0000007defc00000,0x0000007defd00000] [id=26876]
  0x00000255f5014800 ConcurrentGCThread "G1 Refine#0" [stack: 0x0000007deda00000,0x0000007dedb00000] [id=17068]
  0x00000255f5be1000 ConcurrentGCThread "G1 Refine#1" [stack: 0x0000007def900000,0x0000007defa00000] [id=15152]
  0x00000255f7644000 ConcurrentGCThread "G1 Refine#2" [stack: 0x0000007defa00000,0x0000007defb00000] [id=22292]
  0x00000255f5016000 ConcurrentGCThread "G1 Young RemSet Sampling" [stack: 0x0000007dedb00000,0x0000007dedc00000] [id=24624]

Threads with active compile tasks:
C2 CompilerThread0    53351 3564   !   4       java.net.URLClassLoader$1::run (81 bytes)

VM state:at safepoint (normal execution)

VM Mutex/Monitor currently owned by a thread:  ([mutex/lock_event])
[0x00000255d5c8ff80] Threads_lock - owner thread: 0x00000255f51a7800
[0x00000255d5c8e6c0] Heap_lock - owner thread: 0x00000255f70c7800

Heap address: 0x0000000080000000, size: 2048 MB, Compressed Oops mode: 32-bit
Narrow klass base: 0x0000000000000000, Narrow klass shift: 3
Compressed class space size: 528482304 Address: 0x0000000100000000

Heap:
 garbage-first heap   total 122880K, used 28283K [0x0000000080000000, 0x0000000100000000)
  region size 1024K, 7 young (7168K), 7 survivors (7168K)
 Metaspace       used 40614K, capacity 41611K, committed 41680K, reserved 561152K
  class space    used 5072K, capacity 5461K, committed 5504K, reserved 516096K
Heap Regions: E=young(eden), S=young(survivor), O=old, HS=humongous(starts), HC=humongous(continues), CS=collection set, F=free, A=archive, TAMS=top-at-mark-start (previous, next)
|   0|0x0000000080000000, 0x0000000080100000, 0x0000000080100000|100%|HS|  |TAMS 0x0000000080100000, 0x0000000080100000| Complete 
|   1|0x0000000080100000, 0x0000000080200000, 0x0000000080200000|100%|HC|  |TAMS 0x0000000080200000, 0x0000000080200000| Complete 
|   2|0x0000000080200000, 0x0000000080300000, 0x0000000080300000|100%|HC|  |TAMS 0x0000000080300000, 0x0000000080300000| Complete 
|   3|0x0000000080300000, 0x0000000080400000, 0x0000000080400000|100%|HC|  |TAMS 0x0000000080400000, 0x0000000080400000| Complete 
|   4|0x0000000080400000, 0x0000000080500000, 0x0000000080500000|100%| O|  |TAMS 0x0000000080500000, 0x0000000080500000| Untracked 
|   5|0x0000000080500000, 0x0000000080600000, 0x0000000080600000|100%| O|  |TAMS 0x0000000080600000, 0x0000000080600000| Untracked 
|   6|0x0000000080600000, 0x0000000080700000, 0x0000000080700000|100%| O|  |TAMS 0x0000000080700000, 0x0000000080700000| Untracked 
|   7|0x0000000080700000, 0x0000000080800000, 0x0000000080800000|100%| O|  |TAMS 0x0000000080800000, 0x0000000080800000| Untracked 
|   8|0x0000000080800000, 0x0000000080900000, 0x0000000080900000|100%| O|  |TAMS 0x0000000080900000, 0x0000000080900000| Untracked 
|   9|0x0000000080900000, 0x0000000080a00000, 0x0000000080a00000|100%| O|  |TAMS 0x0000000080a00000, 0x0000000080a00000| Untracked 
|  10|0x0000000080a00000, 0x0000000080b00000, 0x0000000080b00000|100%| O|  |TAMS 0x0000000080b00000, 0x0000000080b00000| Untracked 
|  11|0x0000000080b00000, 0x0000000080c00000, 0x0000000080c00000|100%| O|  |TAMS 0x0000000080c00000, 0x0000000080c00000| Untracked 
|  12|0x0000000080c00000, 0x0000000080d00000, 0x0000000080d00000|100%| O|  |TAMS 0x0000000080d00000, 0x0000000080d00000| Untracked 
|  13|0x0000000080d00000, 0x0000000080e00000, 0x0000000080e00000|100%| O|  |TAMS 0x0000000080e00000, 0x0000000080e00000| Untracked 
|  14|0x0000000080e00000, 0x0000000080f00000, 0x0000000080f00000|100%| O|  |TAMS 0x0000000080f00000, 0x0000000080f00000| Untracked 
|  15|0x0000000080f00000, 0x0000000081000000, 0x0000000081000000|100%| O|  |TAMS 0x0000000081000000, 0x0000000081000000| Untracked 
|  16|0x0000000081000000, 0x0000000081100000, 0x0000000081100000|100%| O|  |TAMS 0x0000000081100000, 0x0000000081100000| Untracked 
|  17|0x0000000081100000, 0x0000000081200000, 0x0000000081200000|100%| O|  |TAMS 0x00000000811f8800, 0x0000000081200000| Untracked 
|  18|0x0000000081200000, 0x0000000081200000, 0x0000000081300000|  0%| F|  |TAMS 0x0000000081200000, 0x0000000081200000| Untracked 
|  19|0x0000000081300000, 0x0000000081300000, 0x0000000081400000|  0%| F|  |TAMS 0x0000000081300000, 0x0000000081300000| Untracked 
|  20|0x0000000081400000, 0x0000000081400000, 0x0000000081500000|  0%| F|  |TAMS 0x0000000081400000, 0x0000000081400000| Untracked 
|  21|0x0000000081500000, 0x0000000081600000, 0x0000000081600000|100%| O|  |TAMS 0x0000000081500000, 0x0000000081600000| Untracked 
|  22|0x0000000081600000, 0x0000000081700000, 0x0000000081700000|100%| O|  |TAMS 0x0000000081600000, 0x0000000081700000| Untracked 
|  23|0x0000000081700000, 0x0000000081800000, 0x0000000081800000|100%| O|  |TAMS 0x0000000081700000, 0x0000000081800000| Untracked 
|  24|0x0000000081800000, 0x0000000081828e00, 0x0000000081900000| 15%| O|  |TAMS 0x0000000081800000, 0x0000000081828e00| Untracked 
|  25|0x0000000081900000, 0x0000000081900000, 0x0000000081a00000|  0%| F|  |TAMS 0x0000000081900000, 0x0000000081900000| Untracked 
|  26|0x0000000081a00000, 0x0000000081a00000, 0x0000000081b00000|  0%| F|  |TAMS 0x0000000081a00000, 0x0000000081a00000| Untracked 
|  27|0x0000000081b00000, 0x0000000081b00000, 0x0000000081c00000|  0%| F|  |TAMS 0x0000000081b00000, 0x0000000081b00000| Untracked 
|  28|0x0000000081c00000, 0x0000000081c00000, 0x0000000081d00000|  0%| F|  |TAMS 0x0000000081c00000, 0x0000000081c00000| Untracked 
|  29|0x0000000081d00000, 0x0000000081d00000, 0x0000000081e00000|  0%| F|  |TAMS 0x0000000081d00000, 0x0000000081d00000| Untracked 
|  30|0x0000000081e00000, 0x0000000081e00000, 0x0000000081f00000|  0%| F|  |TAMS 0x0000000081e00000, 0x0000000081e00000| Untracked 
|  31|0x0000000081f00000, 0x0000000081f00000, 0x0000000082000000|  0%| F|  |TAMS 0x0000000081f00000, 0x0000000081f00000| Untracked 
|  32|0x0000000082000000, 0x0000000082000000, 0x0000000082100000|  0%| F|  |TAMS 0x0000000082000000, 0x0000000082000000| Untracked 
|  33|0x0000000082100000, 0x0000000082100000, 0x0000000082200000|  0%| F|  |TAMS 0x0000000082100000, 0x0000000082100000| Untracked 
|  34|0x0000000082200000, 0x0000000082200000, 0x0000000082300000|  0%| F|  |TAMS 0x0000000082200000, 0x0000000082200000| Untracked 
|  35|0x0000000082300000, 0x0000000082300000, 0x0000000082400000|  0%| F|  |TAMS 0x0000000082300000, 0x0000000082300000| Untracked 
|  36|0x0000000082400000, 0x0000000082400000, 0x0000000082500000|  0%| F|  |TAMS 0x0000000082400000, 0x0000000082400000| Untracked 
|  37|0x0000000082500000, 0x0000000082500000, 0x0000000082600000|  0%| F|  |TAMS 0x0000000082500000, 0x0000000082500000| Untracked 
|  38|0x0000000082600000, 0x0000000082600000, 0x0000000082700000|  0%| F|  |TAMS 0x0000000082600000, 0x0000000082600000| Untracked 
|  39|0x0000000082700000, 0x0000000082700000, 0x0000000082800000|  0%| F|  |TAMS 0x0000000082700000, 0x0000000082700000| Untracked 
|  40|0x0000000082800000, 0x0000000082800000, 0x0000000082900000|  0%| F|  |TAMS 0x0000000082800000, 0x0000000082800000| Untracked 
|  41|0x0000000082900000, 0x0000000082900000, 0x0000000082a00000|  0%| F|  |TAMS 0x0000000082900000, 0x0000000082900000| Untracked 
|  42|0x0000000082a00000, 0x0000000082a00000, 0x0000000082b00000|  0%| F|  |TAMS 0x0000000082a00000, 0x0000000082a00000| Untracked 
|  43|0x0000000082b00000, 0x0000000082b00000, 0x0000000082c00000|  0%| F|  |TAMS 0x0000000082b00000, 0x0000000082b00000| Untracked 
|  44|0x0000000082c00000, 0x0000000082c00000, 0x0000000082d00000|  0%| F|  |TAMS 0x0000000082c00000, 0x0000000082c00000| Untracked 
|  45|0x0000000082d00000, 0x0000000082d00000, 0x0000000082e00000|  0%| F|  |TAMS 0x0000000082d00000, 0x0000000082d00000| Untracked 
|  46|0x0000000082e00000, 0x0000000082e00000, 0x0000000082f00000|  0%| F|  |TAMS 0x0000000082e00000, 0x0000000082e00000| Untracked 
|  47|0x0000000082f00000, 0x0000000082f00000, 0x0000000083000000|  0%| F|  |TAMS 0x0000000082f00000, 0x0000000082f00000| Untracked 
|  48|0x0000000083000000, 0x0000000083000000, 0x0000000083100000|  0%| F|  |TAMS 0x0000000083000000, 0x0000000083000000| Untracked 
|  49|0x0000000083100000, 0x0000000083100000, 0x0000000083200000|  0%| F|  |TAMS 0x0000000083100000, 0x0000000083100000| Untracked 
|  50|0x0000000083200000, 0x0000000083200000, 0x0000000083300000|  0%| F|  |TAMS 0x0000000083200000, 0x0000000083200000| Untracked 
|  51|0x0000000083300000, 0x0000000083300000, 0x0000000083400000|  0%| F|  |TAMS 0x0000000083300000, 0x0000000083300000| Untracked 
|  52|0x0000000083400000, 0x0000000083400000, 0x0000000083500000|  0%| F|  |TAMS 0x0000000083400000, 0x0000000083400000| Untracked 
|  53|0x0000000083500000, 0x0000000083500000, 0x0000000083600000|  0%| F|  |TAMS 0x0000000083500000, 0x0000000083500000| Untracked 
|  54|0x0000000083600000, 0x0000000083600000, 0x0000000083700000|  0%| F|  |TAMS 0x0000000083600000, 0x0000000083600000| Untracked 
|  55|0x0000000083700000, 0x0000000083700000, 0x0000000083800000|  0%| F|  |TAMS 0x0000000083700000, 0x0000000083700000| Untracked 
|  56|0x0000000083800000, 0x0000000083800000, 0x0000000083900000|  0%| F|  |TAMS 0x0000000083800000, 0x0000000083800000| Untracked 
|  57|0x0000000083900000, 0x0000000083900000, 0x0000000083a00000|  0%| F|  |TAMS 0x0000000083900000, 0x0000000083900000| Untracked 
|  58|0x0000000083a00000, 0x0000000083a00000, 0x0000000083b00000|  0%| F|  |TAMS 0x0000000083a00000, 0x0000000083a00000| Untracked 
|  59|0x0000000083b00000, 0x0000000083b00000, 0x0000000083c00000|  0%| F|  |TAMS 0x0000000083b00000, 0x0000000083b00000| Untracked 
|  60|0x0000000083c00000, 0x0000000083c00000, 0x0000000083d00000|  0%| F|  |TAMS 0x0000000083c00000, 0x0000000083c00000| Untracked 
|  61|0x0000000083d00000, 0x0000000083d75f80, 0x0000000083e00000| 46%| S|CS|TAMS 0x0000000083d00000, 0x0000000083d00000| Complete 
|  62|0x0000000083e00000, 0x0000000083f00000, 0x0000000083f00000|100%| S|CS|TAMS 0x0000000083e00000, 0x0000000083e00000| Complete 
|  63|0x0000000083f00000, 0x0000000084000000, 0x0000000084000000|100%| S|CS|TAMS 0x0000000083f00000, 0x0000000083f00000| Complete 
|  64|0x0000000084000000, 0x0000000084100000, 0x0000000084100000|100%| S|CS|TAMS 0x0000000084000000, 0x0000000084000000| Complete 
|  65|0x0000000084100000, 0x0000000084200000, 0x0000000084200000|100%| S|CS|TAMS 0x0000000084100000, 0x0000000084100000| Complete 
|  66|0x0000000084200000, 0x0000000084300000, 0x0000000084300000|100%| S|CS|TAMS 0x0000000084200000, 0x0000000084200000| Complete 
|  67|0x0000000084300000, 0x0000000084400000, 0x0000000084400000|100%| S|CS|TAMS 0x0000000084300000, 0x0000000084300000| Complete 
|  68|0x0000000084400000, 0x0000000084400000, 0x0000000084500000|  0%| F|  |TAMS 0x0000000084400000, 0x0000000084400000| Untracked 
|  69|0x0000000084500000, 0x0000000084500000, 0x0000000084600000|  0%| F|  |TAMS 0x0000000084500000, 0x0000000084500000| Untracked 
|  70|0x0000000084600000, 0x0000000084600000, 0x0000000084700000|  0%| F|  |TAMS 0x0000000084600000, 0x0000000084600000| Untracked 
|  71|0x0000000084700000, 0x0000000084700000, 0x0000000084800000|  0%| F|  |TAMS 0x0000000084700000, 0x0000000084700000| Untracked 
|  72|0x0000000084800000, 0x0000000084800000, 0x0000000084900000|  0%| F|  |TAMS 0x0000000084800000, 0x0000000084800000| Untracked 
|  73|0x0000000084900000, 0x0000000084900000, 0x0000000084a00000|  0%| F|  |TAMS 0x0000000084900000, 0x0000000084900000| Untracked 
|  74|0x0000000084a00000, 0x0000000084a00000, 0x0000000084b00000|  0%| F|  |TAMS 0x0000000084a00000, 0x0000000084a00000| Untracked 
|  75|0x0000000084b00000, 0x0000000084b00000, 0x0000000084c00000|  0%| F|  |TAMS 0x0000000084b00000, 0x0000000084b00000| Untracked 
|  76|0x0000000084c00000, 0x0000000084c00000, 0x0000000084d00000|  0%| F|  |TAMS 0x0000000084c00000, 0x0000000084c00000| Untracked 
|  77|0x0000000084d00000, 0x0000000084d00000, 0x0000000084e00000|  0%| F|  |TAMS 0x0000000084d00000, 0x0000000084d00000| Untracked 
|  78|0x0000000084e00000, 0x0000000084e00000, 0x0000000084f00000|  0%| F|  |TAMS 0x0000000084e00000, 0x0000000084e00000| Untracked 
|  79|0x0000000084f00000, 0x0000000084f00000, 0x0000000085000000|  0%| F|  |TAMS 0x0000000084f00000, 0x0000000084f00000| Untracked 
|  80|0x0000000085000000, 0x0000000085000000, 0x0000000085100000|  0%| F|  |TAMS 0x0000000085000000, 0x0000000085000000| Untracked 
|  81|0x0000000085100000, 0x0000000085100000, 0x0000000085200000|  0%| F|  |TAMS 0x0000000085100000, 0x0000000085100000| Untracked 
|  82|0x0000000085200000, 0x0000000085200000, 0x0000000085300000|  0%| F|  |TAMS 0x0000000085200000, 0x0000000085200000| Untracked 
|  83|0x0000000085300000, 0x0000000085300000, 0x0000000085400000|  0%| F|  |TAMS 0x0000000085300000, 0x0000000085300000| Untracked 
|  84|0x0000000085400000, 0x0000000085400000, 0x0000000085500000|  0%| F|  |TAMS 0x0000000085400000, 0x0000000085400000| Untracked 
|  85|0x0000000085500000, 0x0000000085500000, 0x0000000085600000|  0%| F|  |TAMS 0x0000000085500000, 0x0000000085500000| Untracked 
|  86|0x0000000085600000, 0x0000000085600000, 0x0000000085700000|  0%| F|  |TAMS 0x0000000085600000, 0x0000000085600000| Untracked 
|  87|0x0000000085700000, 0x0000000085700000, 0x0000000085800000|  0%| F|  |TAMS 0x0000000085700000, 0x0000000085700000| Untracked 
|  88|0x0000000085800000, 0x0000000085800000, 0x0000000085900000|  0%| F|  |TAMS 0x0000000085800000, 0x0000000085800000| Untracked 
|  89|0x0000000085900000, 0x0000000085900000, 0x0000000085a00000|  0%| F|  |TAMS 0x0000000085900000, 0x0000000085900000| Untracked 
|  90|0x0000000085a00000, 0x0000000085a00000, 0x0000000085b00000|  0%| F|  |TAMS 0x0000000085a00000, 0x0000000085a00000| Untracked 
|  91|0x0000000085b00000, 0x0000000085b00000, 0x0000000085c00000|  0%| F|  |TAMS 0x0000000085b00000, 0x0000000085b00000| Untracked 
|  92|0x0000000085c00000, 0x0000000085c00000, 0x0000000085d00000|  0%| F|  |TAMS 0x0000000085c00000, 0x0000000085c00000| Untracked 
|  93|0x0000000085d00000, 0x0000000085d00000, 0x0000000085e00000|  0%| F|  |TAMS 0x0000000085d00000, 0x0000000085d00000| Untracked 
|  94|0x0000000085e00000, 0x0000000085e00000, 0x0000000085f00000|  0%| F|  |TAMS 0x0000000085e00000, 0x0000000085e00000| Untracked 
|  95|0x0000000085f00000, 0x0000000085f00000, 0x0000000086000000|  0%| F|  |TAMS 0x0000000085f00000, 0x0000000085f00000| Untracked 
|  96|0x0000000086000000, 0x0000000086000000, 0x0000000086100000|  0%| F|  |TAMS 0x0000000086000000, 0x0000000086000000| Untracked 
|  97|0x0000000086100000, 0x0000000086100000, 0x0000000086200000|  0%| F|  |TAMS 0x0000000086100000, 0x0000000086100000| Untracked 
|  98|0x0000000086200000, 0x0000000086200000, 0x0000000086300000|  0%| F|  |TAMS 0x0000000086200000, 0x0000000086200000| Untracked 
|  99|0x0000000086300000, 0x0000000086300000, 0x0000000086400000|  0%| F|  |TAMS 0x0000000086300000, 0x0000000086300000| Untracked 
| 100|0x0000000086400000, 0x0000000086400000, 0x0000000086500000|  0%| F|  |TAMS 0x0000000086400000, 0x0000000086400000| Untracked 
| 101|0x0000000086500000, 0x0000000086500000, 0x0000000086600000|  0%| F|  |TAMS 0x0000000086500000, 0x0000000086500000| Untracked 
| 102|0x0000000086600000, 0x0000000086600000, 0x0000000086700000|  0%| F|  |TAMS 0x0000000086600000, 0x0000000086600000| Untracked 
| 103|0x0000000086700000, 0x0000000086700000, 0x0000000086800000|  0%| F|  |TAMS 0x0000000086700000, 0x0000000086700000| Untracked 
| 104|0x0000000086800000, 0x0000000086800000, 0x0000000086900000|  0%| F|  |TAMS 0x0000000086800000, 0x0000000086800000| Untracked 
| 105|0x0000000086900000, 0x0000000086900000, 0x0000000086a00000|  0%| F|  |TAMS 0x0000000086900000, 0x0000000086900000| Untracked 
| 106|0x0000000086a00000, 0x0000000086a00000, 0x0000000086b00000|  0%| F|  |TAMS 0x0000000086a00000, 0x0000000086a00000| Untracked 
| 107|0x0000000086b00000, 0x0000000086b00000, 0x0000000086c00000|  0%| F|  |TAMS 0x0000000086b00000, 0x0000000086b00000| Untracked 
| 108|0x0000000086c00000, 0x0000000086c00000, 0x0000000086d00000|  0%| F|  |TAMS 0x0000000086c00000, 0x0000000086c00000| Untracked 
| 109|0x0000000086d00000, 0x0000000086d00000, 0x0000000086e00000|  0%| F|  |TAMS 0x0000000086d00000, 0x0000000086d00000| Untracked 
| 110|0x0000000086e00000, 0x0000000086e00000, 0x0000000086f00000|  0%| F|  |TAMS 0x0000000086e00000, 0x0000000086e00000| Untracked 
| 111|0x0000000086f00000, 0x0000000086f00000, 0x0000000087000000|  0%| F|  |TAMS 0x0000000086f00000, 0x0000000086f00000| Untracked 
| 112|0x0000000087000000, 0x0000000087000000, 0x0000000087100000|  0%| F|  |TAMS 0x0000000087000000, 0x0000000087000000| Untracked 
| 113|0x0000000087100000, 0x0000000087100000, 0x0000000087200000|  0%| F|  |TAMS 0x0000000087100000, 0x0000000087100000| Untracked 
| 114|0x0000000087200000, 0x0000000087200000, 0x0000000087300000|  0%| F|  |TAMS 0x0000000087200000, 0x0000000087200000| Untracked 
| 115|0x0000000087300000, 0x0000000087300000, 0x0000000087400000|  0%| F|  |TAMS 0x0000000087300000, 0x0000000087300000| Untracked 
| 116|0x0000000087400000, 0x0000000087400000, 0x0000000087500000|  0%| F|  |TAMS 0x0000000087400000, 0x0000000087400000| Untracked 
| 117|0x0000000087500000, 0x0000000087500000, 0x0000000087600000|  0%| F|  |TAMS 0x0000000087500000, 0x0000000087500000| Untracked 
| 118|0x0000000087600000, 0x0000000087600000, 0x0000000087700000|  0%| F|  |TAMS 0x0000000087600000, 0x0000000087600000| Untracked 
| 119|0x0000000087700000, 0x0000000087700000, 0x0000000087800000|  0%| F|  |TAMS 0x0000000087700000, 0x0000000087700000| Untracked 

Card table byte_map: [0x00000255edd50000,0x00000255ee150000] _byte_map_base: 0x00000255ed950000

Marking Bits (Prev, Next): (CMBitMap*) 0x00000255d5cceb68, (CMBitMap*) 0x00000255d5cceba0
 Prev Bits: [0x00000255ee550000, 0x00000255f0550000)
 Next Bits: [0x00000255f0550000, 0x00000255f2550000)

Polling page: 0x00000255d3c10000

Metaspace:

Usage:
  Non-class:     35.30 MB capacity,    34.71 MB ( 98%) used,   504.12 KB (  1%) free+waste,   104.06 KB ( <1%) overhead. 
      Class:      5.33 MB capacity,     4.95 MB ( 93%) used,   337.87 KB (  6%) free+waste,    50.25 KB ( <1%) overhead. 
       Both:     40.64 MB capacity,    39.66 MB ( 98%) used,   841.98 KB (  2%) free+waste,   154.31 KB ( <1%) overhead. 

Virtual space:
  Non-class space:       44.00 MB reserved,      35.33 MB ( 80%) committed 
      Class space:      504.00 MB reserved,       5.38 MB (  1%) committed 
             Both:      548.00 MB reserved,      40.70 MB (  7%) committed 

Chunk freelists:
   Non-Class:  26.00 KB
       Class:  11.00 KB
        Both:  37.00 KB

MaxMetaspaceSize: 512.00 MB
CompressedClassSpaceSize: 504.00 MB
Initial GC threshold: 20.80 MB
Current GC threshold: 59.21 MB
CDS: off

CodeHeap 'non-profiled nmethods': size=120000Kb used=1790Kb max_used=1790Kb free=118209Kb
 bounds [0x00000255e5ed0000, 0x00000255e6140000, 0x00000255ed400000]
CodeHeap 'profiled nmethods': size=120000Kb used=7753Kb max_used=7753Kb free=112246Kb
 bounds [0x00000255de9a0000, 0x00000255df140000, 0x00000255e5ed0000]
CodeHeap 'non-nmethods': size=5760Kb used=2273Kb max_used=2273Kb free=3486Kb
 bounds [0x00000255de400000, 0x00000255de670000, 0x00000255de9a0000]
 total_blobs=4390 nmethods=3623 adapters=679
 compilation: enabled
              stopped_count=0, restarted_count=0
 full_count=0

Compilation events (20 events):
Event: 52.933 Thread 0x00000255f51d0000 3646       3       java.util.TreeMap::rotateLeft (96 bytes)
Event: 52.934 Thread 0x00000255f51d0000 nmethod 3646 0x00000255df129710 code [0x00000255df129900, 0x00000255df129e18]
Event: 52.947 Thread 0x00000255f51d0000 3660       3       groovy.lang.MetaClassImpl::createMetaBeanProperty (35 bytes)
Event: 52.948 Thread 0x00000255f51d0000 nmethod 3660 0x00000255df129f90 code [0x00000255df12a180, 0x00000255df12a628]
Event: 52.948 Thread 0x00000255f51d0000 3661       3       groovy.lang.MetaClassImpl::makeReplacementMetaProperty (241 bytes)
Event: 52.952 Thread 0x00000255f51d0000 nmethod 3661 0x00000255df12a810 code [0x00000255df12ac40, 0x00000255df12d418]
Event: 52.952 Thread 0x00000255f51d0000 3662       3       groovy.lang.MetaClassImpl$Index::getNotNull (32 bytes)
Event: 52.953 Thread 0x00000255f51d0000 nmethod 3662 0x00000255df12dd90 code [0x00000255df12df80, 0x00000255df12e608]
Event: 53.114 Thread 0x00000255f51d0000 3664       3       javax.management.ObjectName::setCanonicalName (251 bytes)
Event: 53.116 Thread 0x00000255f51d0000 nmethod 3664 0x00000255df12e810 code [0x00000255df12eae0, 0x00000255df12fc78]
Event: 53.149 Thread 0x00000255f51d0000 3665       3       groovyjarjarasm.asm.SymbolTable::get (13 bytes)
Event: 53.150 Thread 0x00000255f51d0000 nmethod 3665 0x00000255df130310 code [0x00000255df1304c0, 0x00000255df130618]
Event: 53.157 Thread 0x00000255f51d0000 3666       3       java.util.Spliterators$ArraySpliterator::forEachRemaining (68 bytes)
Event: 53.158 Thread 0x00000255f51d0000 nmethod 3666 0x00000255df130710 code [0x00000255df130900, 0x00000255df130d78]
Event: 53.160 Thread 0x00000255f51d0000 3667       3       java.util.Arrays::asList (9 bytes)
Event: 53.160 Thread 0x00000255f51d0000 nmethod 3667 0x00000255df130f10 code [0x00000255df131100, 0x00000255df131568]
Event: 53.160 Thread 0x00000255f51d0000 3668       3       java.util.Arrays$ArrayList::<init> (16 bytes)
Event: 53.161 Thread 0x00000255f51d0000 nmethod 3668 0x00000255df131710 code [0x00000255df131900, 0x00000255df131cc8]
Event: 53.165 Thread 0x00000255f51d0000 3670       3       java.lang.Class::getDeclaringClass (31 bytes)
Event: 53.165 Thread 0x00000255f51d0000 nmethod 3670 0x00000255df131e90 code [0x00000255df132080, 0x00000255df1323e8]

GC Heap History (14 events):
Event: 5.638 GC heap before
{Heap before GC invocations=0 (full 0):
 garbage-first heap   total 122880K, used 27648K [0x0000000080000000, 0x0000000100000000)
  region size 1024K, 24 young (24576K), 0 survivors (0K)
 Metaspace       used 10137K, capacity 10387K, committed 10624K, reserved 526336K
  class space    used 1030K, capacity 1106K, committed 1152K, reserved 516096K
}
Event: 5.657 GC heap after
{Heap after GC invocations=1 (full 0):
 garbage-first heap   total 122880K, used 10578K [0x0000000080000000, 0x0000000100000000)
  region size 1024K, 3 young (3072K), 3 survivors (3072K)
 Metaspace       used 10137K, capacity 10387K, committed 10624K, reserved 526336K
  class space    used 1030K, capacity 1106K, committed 1152K, reserved 516096K
}
Event: 31.997 GC heap before
{Heap before GC invocations=1 (full 0):
 garbage-first heap   total 122880K, used 82258K [0x0000000080000000, 0x0000000100000000)
  region size 1024K, 72 young (73728K), 3 survivors (3072K)
 Metaspace       used 18309K, capacity 18677K, committed 18944K, reserved 534528K
  class space    used 2081K, capacity 2210K, committed 2304K, reserved 516096K
}
Event: 32.065 GC heap after
{Heap after GC invocations=2 (full 0):
 garbage-first heap   total 122880K, used 17930K [0x0000000080000000, 0x0000000100000000)
  region size 1024K, 9 young (9216K), 9 survivors (9216K)
 Metaspace       used 18309K, capacity 18677K, committed 18944K, reserved 534528K
  class space    used 2081K, capacity 2210K, committed 2304K, reserved 516096K
}
Event: 34.184 GC heap before
{Heap before GC invocations=2 (full 0):
 garbage-first heap   total 122880K, used 34314K [0x0000000080000000, 0x0000000100000000)
  region size 1024K, 27 young (27648K), 9 survivors (9216K)
 Metaspace       used 20720K, capacity 21126K, committed 21296K, reserved 536576K
  class space    used 2439K, capacity 2608K, committed 2688K, reserved 516096K
}
Event: 34.194 GC heap after
{Heap after GC invocations=3 (full 0):
 garbage-first heap   total 122880K, used 18684K [0x0000000080000000, 0x0000000100000000)
  region size 1024K, 1 young (1024K), 1 survivors (1024K)
 Metaspace       used 20720K, capacity 21126K, committed 21296K, reserved 536576K
  class space    used 2439K, capacity 2608K, committed 2688K, reserved 516096K
}
Event: 36.945 GC heap before
{Heap before GC invocations=4 (full 0):
 garbage-first heap   total 122880K, used 61692K [0x0000000080000000, 0x0000000100000000)
  region size 1024K, 43 young (44032K), 1 survivors (1024K)
 Metaspace       used 24900K, capacity 25481K, committed 25520K, reserved 538624K
  class space    used 3100K, capacity 3318K, committed 3328K, reserved 516096K
}
Event: 36.950 GC heap after
{Heap after GC invocations=5 (full 0):
 garbage-first heap   total 122880K, used 20151K [0x0000000080000000, 0x0000000100000000)
  region size 1024K, 3 young (3072K), 3 survivors (3072K)
 Metaspace       used 24900K, capacity 25481K, committed 25520K, reserved 538624K
  class space    used 3100K, capacity 3318K, committed 3328K, reserved 516096K
}
Event: 41.191 GC heap before
{Heap before GC invocations=5 (full 0):
 garbage-first heap   total 122880K, used 68279K [0x0000000080000000, 0x0000000100000000)
  region size 1024K, 50 young (51200K), 3 survivors (3072K)
 Metaspace       used 29599K, capacity 30375K, committed 30512K, reserved 542720K
  class space    used 3833K, capacity 4126K, committed 4224K, reserved 516096K
}
Event: 41.197 GC heap after
{Heap after GC invocations=6 (full 0):
 garbage-first heap   total 122880K, used 21825K [0x0000000080000000, 0x0000000100000000)
  region size 1024K, 4 young (4096K), 4 survivors (4096K)
 Metaspace       used 29599K, capacity 30375K, committed 30512K, reserved 542720K
  class space    used 3833K, capacity 4126K, committed 4224K, reserved 516096K
}
Event: 46.377 GC heap before
{Heap before GC invocations=6 (full 0):
 garbage-first heap   total 122880K, used 58689K [0x0000000080000000, 0x0000000100000000)
  region size 1024K, 41 young (41984K), 4 survivors (4096K)
 Metaspace       used 34934K, capacity 35819K, committed 35920K, reserved 548864K
  class space    used 4450K, capacity 4814K, committed 4864K, reserved 516096K
}
Event: 46.394 GC heap after
{Heap after GC invocations=7 (full 0):
 garbage-first heap   total 122880K, used 24275K [0x0000000080000000, 0x0000000100000000)
  region size 1024K, 6 young (6144K), 6 survivors (6144K)
 Metaspace       used 34934K, capacity 35819K, committed 35920K, reserved 548864K
  class space    used 4450K, capacity 4814K, committed 4864K, reserved 516096K
}
Event: 53.173 GC heap before
{Heap before GC invocations=8 (full 0):
 garbage-first heap   total 122880K, used 73427K [0x0000000080000000, 0x0000000100000000)
  region size 1024K, 52 young (53248K), 6 survivors (6144K)
 Metaspace       used 40614K, capacity 41611K, committed 41680K, reserved 559104K
  class space    used 5072K, capacity 5461K, committed 5504K, reserved 516096K
}
Event: 53.263 GC heap after
{Heap after GC invocations=9 (full 0):
 garbage-first heap   total 122880K, used 28283K [0x0000000080000000, 0x0000000100000000)
  region size 1024K, 7 young (7168K), 7 survivors (7168K)
 Metaspace       used 40614K, capacity 41611K, committed 41680K, reserved 559104K
  class space    used 5072K, capacity 5461K, committed 5504K, reserved 516096K
}

Deoptimization events (20 events):
Event: 52.527 Thread 0x00000255f70c7800 DEOPT PACKING pc=0x00000255e5f50f70 sp=0x0000007deedf4ca0
Event: 52.527 Thread 0x00000255f70c7800 DEOPT UNPACKING pc=0x00000255de44a1af sp=0x0000007deedf4c50 mode 2
Event: 52.531 Thread 0x00000255f70c7800 Uncommon trap: trap_request=0xffffff4d fr.pc=0x00000255e60197dc relative=0x000000000000067c
Event: 52.531 Thread 0x00000255f70c7800 Uncommon trap: reason=unstable_if action=reinterpret pc=0x00000255e60197dc method=java.lang.Class.getPackageName()Ljava/lang/String; @ 55 c2
Event: 52.531 Thread 0x00000255f70c7800 DEOPT PACKING pc=0x00000255e60197dc sp=0x0000007deedf8760
Event: 52.531 Thread 0x00000255f70c7800 DEOPT UNPACKING pc=0x00000255de44a1af sp=0x0000007deedf8720 mode 2
Event: 52.661 Thread 0x00000255f70c7800 Uncommon trap: trap_request=0xffffffde fr.pc=0x00000255e6064c50 relative=0x00000000000003d0
Event: 52.661 Thread 0x00000255f70c7800 Uncommon trap: reason=class_check action=maybe_recompile pc=0x00000255e6064c50 method=java.util.regex.Pattern$Start.match(Ljava/util/regex/Matcher;ILjava/lang/CharSequence;)Z @ 44 c2
Event: 52.661 Thread 0x00000255f70c7800 DEOPT PACKING pc=0x00000255e6064c50 sp=0x0000007deedf6d00
Event: 52.661 Thread 0x00000255f70c7800 DEOPT UNPACKING pc=0x00000255de44a1af sp=0x0000007deedf6c30 mode 2
Event: 52.662 Thread 0x00000255f70c7800 Uncommon trap: trap_request=0xffffffde fr.pc=0x00000255e6064c50 relative=0x00000000000003d0
Event: 52.662 Thread 0x00000255f70c7800 Uncommon trap: reason=class_check action=maybe_recompile pc=0x00000255e6064c50 method=java.util.regex.Pattern$Start.match(Ljava/util/regex/Matcher;ILjava/lang/CharSequence;)Z @ 44 c2
Event: 52.662 Thread 0x00000255f70c7800 DEOPT PACKING pc=0x00000255e6064c50 sp=0x0000007deedf6d00
Event: 52.662 Thread 0x00000255f70c7800 DEOPT UNPACKING pc=0x00000255de44a1af sp=0x0000007deedf6c30 mode 2
Event: 52.933 Thread 0x00000255f70c7800 DEOPT PACKING pc=0x00000255dee4a476 sp=0x0000007deedf8eb0
Event: 52.933 Thread 0x00000255f70c7800 DEOPT UNPACKING pc=0x00000255de44a95e sp=0x0000007deedf83d0 mode 0
Event: 53.165 Thread 0x00000255f70c7800 Uncommon trap: trap_request=0xffffffde fr.pc=0x00000255e6064c50 relative=0x00000000000003d0
Event: 53.165 Thread 0x00000255f70c7800 Uncommon trap: reason=class_check action=maybe_recompile pc=0x00000255e6064c50 method=java.util.regex.Pattern$Start.match(Ljava/util/regex/Matcher;ILjava/lang/CharSequence;)Z @ 44 c2
Event: 53.165 Thread 0x00000255f70c7800 DEOPT PACKING pc=0x00000255e6064c50 sp=0x0000007deedf7e20
Event: 53.165 Thread 0x00000255f70c7800 DEOPT UNPACKING pc=0x00000255de44a1af sp=0x0000007deedf7d50 mode 2

Classes redefined (0 events):
No events

Internal exceptions (20 events):
Event: 52.647 Thread 0x00000255f70c7800 Exception <a 'java/lang/ClassNotFoundException'{0x0000000084b59100}: org/gradle/groovy/scripts/BasicScriptBeanInfo> (0x0000000084b59100) thrown at [s\src\hotspot\share\classfile\systemDictionary.cpp, line 230]
Event: 52.648 Thread 0x00000255f70c7800 Exception <a 'java/lang/ClassNotFoundException'{0x0000000084b6d460}: org/gradle/groovy/scripts/ScriptBeanInfo> (0x0000000084b6d460) thrown at [s\src\hotspot\share\classfile\systemDictionary.cpp, line 230]
Event: 52.649 Thread 0x00000255f70c7800 Exception <a 'java/lang/ClassNotFoundException'{0x0000000084b8d550}: groovy/lang/ScriptBeanInfo> (0x0000000084b8d550) thrown at [s\src\hotspot\share\classfile\systemDictionary.cpp, line 230]
Event: 52.651 Thread 0x00000255f70c7800 Exception <a 'java/lang/ClassNotFoundException'{0x0000000084badc48}: groovy/lang/ScriptCustomizer> (0x0000000084badc48) thrown at [s\src\hotspot\share\classfile\systemDictionary.cpp, line 230]
Event: 52.652 Thread 0x00000255f70c7800 Exception <a 'java/lang/ClassNotFoundException'{0x0000000084bca0d0}: org/gradle/groovy/scripts/ScriptCustomizer> (0x0000000084bca0d0) thrown at [s\src\hotspot\share\classfile\systemDictionary.cpp, line 230]
Event: 52.654 Thread 0x00000255f70c7800 Exception <a 'java/lang/ClassNotFoundException'{0x0000000084be6228}: org/gradle/groovy/scripts/BasicScriptCustomizer> (0x0000000084be6228) thrown at [s\src\hotspot\share\classfile\systemDictionary.cpp, line 230]
Event: 52.660 Thread 0x00000255f70c7800 Exception <a 'java/lang/ClassNotFoundException'{0x0000000084a083c0}: org/gradle/groovy/scripts/DefaultScriptCustomizer> (0x0000000084a083c0) thrown at [s\src\hotspot\share\classfile\systemDictionary.cpp, line 230]
Event: 52.665 Thread 0x00000255f70c7800 Exception <a 'java/lang/ClassNotFoundException'{0x0000000084a3a308}: org/gradle/plugin/use/internal/PluginsAwareScriptCustomizer> (0x0000000084a3a308) thrown at [s\src\hotspot\share\classfile\systemDictionary.cpp, line 230]
Event: 52.670 Thread 0x00000255f70c7800 Exception <a 'java/lang/ClassNotFoundException'{0x0000000084a582f0}: org/gradle/initialization/SettingsScriptCustomizer> (0x0000000084a582f0) thrown at [s\src\hotspot\share\classfile\systemDictionary.cpp, line 230]
Event: 52.673 Thread 0x00000255f70c7800 Exception <a 'java/lang/ClassNotFoundException'{0x0000000084a6b968}: settings_2404eflogchw3scor1kgr7tahCustomizer> (0x0000000084a6b968) thrown at [s\src\hotspot\share\classfile\systemDictionary.cpp, line 230]
Event: 52.904 Thread 0x00000255f70c7800 Exception <a 'java/lang/ClassNotFoundException'{0x00000000849acec8}: org/gradle/initialization/DefaultSettings_DecoratedBeanInfo> (0x00000000849acec8) thrown at [s\src\hotspot\share\classfile\systemDictionary.cpp, line 230]
Event: 52.907 Thread 0x00000255f70c7800 Exception <a 'java/lang/ClassNotFoundException'{0x00000000849cfd98}: org/gradle/initialization/DefaultSettingsBeanInfo> (0x00000000849cfd98) thrown at [s\src\hotspot\share\classfile\systemDictionary.cpp, line 230]
Event: 52.909 Thread 0x00000255f70c7800 Exception <a 'java/lang/ClassNotFoundException'{0x00000000849f7110}: org/gradle/api/internal/project/AbstractPluginAwareBeanInfo> (0x00000000849f7110) thrown at [s\src\hotspot\share\classfile\systemDictionary.cpp, line 230]
Event: 52.910 Thread 0x00000255f70c7800 Exception <a 'java/lang/ClassNotFoundException'{0x000000008481e8d0}: org/gradle/api/internal/project/AbstractPluginAwareCustomizer> (0x000000008481e8d0) thrown at [s\src\hotspot\share\classfile\systemDictionary.cpp, line 230]
Event: 52.911 Thread 0x00000255f70c7800 Exception <a 'java/lang/ClassNotFoundException'{0x00000000848490c0}: org/gradle/initialization/DefaultSettingsCustomizer> (0x00000000848490c0) thrown at [s\src\hotspot\share\classfile\systemDictionary.cpp, line 230]
Event: 52.923 Thread 0x00000255f70c7800 Exception <a 'java/lang/ClassNotFoundException'{0x00000000848a2068}: org/gradle/initialization/DefaultSettings_DecoratedCustomizer> (0x00000000848a2068) thrown at [s\src\hotspot\share\classfile\systemDictionary.cpp, line 230]
Event: 52.944 Thread 0x00000255f70c7800 Exception <a 'java/lang/ClassNotFoundException'{0x0000000084765120}: org/gradle/initialization/DefaultProjectDescriptorBeanInfo> (0x0000000084765120) thrown at [s\src\hotspot\share\classfile\systemDictionary.cpp, line 230]
Event: 52.945 Thread 0x00000255f70c7800 Exception <a 'java/lang/ClassNotFoundException'{0x000000008478ac18}: org/gradle/initialization/DefaultProjectDescriptorCustomizer> (0x000000008478ac18) thrown at [s\src\hotspot\share\classfile\systemDictionary.cpp, line 230]
Event: 53.162 Thread 0x00000255f70c7800 Exception <a 'java/lang/ClassNotFoundException'{0x0000000084475270}: org/gradle/api/internal/plugins/DefaultObjectConfigurationActionBeanInfo> (0x0000000084475270) thrown at [s\src\hotspot\share\classfile\systemDictionary.cpp, line 230]
Event: 53.164 Thread 0x00000255f70c7800 Exception <a 'java/lang/ClassNotFoundException'{0x000000008449e418}: org/gradle/api/internal/plugins/DefaultObjectConfigurationActionCustomizer> (0x000000008449e418) thrown at [s\src\hotspot\share\classfile\systemDictionary.cpp, line 230]

Events (20 events):
Event: 53.161 loading class org/gradle/api/internal/plugins/DefaultObjectConfigurationActionBeanInfo done
Event: 53.162 loading class org/gradle/api/internal/plugins/DefaultObjectConfigurationActionBeanInfo
Event: 53.162 loading class org/gradle/api/internal/plugins/DefaultObjectConfigurationActionBeanInfo done
Event: 53.162 loading class org/gradle/api/internal/plugins/DefaultObjectConfigurationActionBeanInfo
Event: 53.162 loading class org/gradle/api/internal/plugins/DefaultObjectConfigurationActionBeanInfo done
Event: 53.163 loading class org/gradle/api/internal/plugins/DefaultObjectConfigurationActionCustomizer
Event: 53.163 loading class org/gradle/api/internal/plugins/DefaultObjectConfigurationActionCustomizer done
Event: 53.163 loading class org/gradle/api/internal/plugins/DefaultObjectConfigurationActionCustomizer
Event: 53.163 loading class org/gradle/api/internal/plugins/DefaultObjectConfigurationActionCustomizer done
Event: 53.163 loading class org/gradle/api/internal/plugins/DefaultObjectConfigurationActionCustomizer
Event: 53.163 loading class org/gradle/api/internal/plugins/DefaultObjectConfigurationActionCustomizer done
Event: 53.164 loading class org/gradle/api/internal/plugins/DefaultObjectConfigurationActionCustomizer
Event: 53.164 loading class org/gradle/api/internal/plugins/DefaultObjectConfigurationActionCustomizer done
Event: 53.168 loading class jdk/internal/reflect/UnsafeObjectFieldAccessorImpl
Event: 53.168 loading class jdk/internal/reflect/UnsafeObjectFieldAccessorImpl done
Event: 53.170 loading class groovy/lang/ExpandoMetaClassCreationHandle
Event: 53.170 loading class groovy/lang/ExpandoMetaClassCreationHandle done
Event: 53.171 loading class org/gradle/api/internal/plugins/DefaultObjectConfigurationAction$1
Event: 53.171 loading class org/gradle/api/internal/plugins/DefaultObjectConfigurationAction$1 done
Event: 53.173 Executing VM operation: CollectForMetadataAllocation


Dynamic libraries:
0x00007ff733450000 - 0x00007ff73345d000 	C:\Program Files\Microsoft\jdk-11.0.20.8-hotspot\bin\java.exe
0x00007ffbb1ad0000 - 0x00007ffbb1ce4000 	C:\WINDOWS\SYSTEM32\ntdll.dll
0x00007ffbafcc0000 - 0x00007ffbafd84000 	C:\WINDOWS\System32\KERNEL32.DLL
0x00007ffbaef70000 - 0x00007ffbaf314000 	C:\WINDOWS\System32\KERNELBASE.dll
0x00007ffbaf390000 - 0x00007ffbaf4a1000 	C:\WINDOWS\System32\ucrtbase.dll
0x00007ffb84c80000 - 0x00007ffb84c97000 	C:\Program Files\Microsoft\jdk-11.0.20.8-hotspot\bin\jli.dll
0x00007ffb7aa50000 - 0x00007ffb7aa65000 	C:\Program Files\Microsoft\jdk-11.0.20.8-hotspot\bin\VCRUNTIME140.dll
0x00007ffbb0440000 - 0x00007ffbb05ee000 	C:\WINDOWS\System32\USER32.dll
0x00007ffb964f0000 - 0x00007ffb96783000 	C:\WINDOWS\WinSxS\amd64_microsoft.windows.common-controls_6595b64144ccf1df_6.0.22621.2215_none_270d72677387dfc3\COMCTL32.dll
0x00007ffbaee80000 - 0x00007ffbaeea6000 	C:\WINDOWS\System32\win32u.dll
0x00007ffbafd90000 - 0x00007ffbafe37000 	C:\WINDOWS\System32\msvcrt.dll
0x00007ffbb19e0000 - 0x00007ffbb1a09000 	C:\WINDOWS\System32\GDI32.dll
0x00007ffbaf4b0000 - 0x00007ffbaf5c8000 	C:\WINDOWS\System32\gdi32full.dll
0x00007ffbaf740000 - 0x00007ffbaf7da000 	C:\WINDOWS\System32\msvcp_win.dll
0x00007ffbb0230000 - 0x00007ffbb0261000 	C:\WINDOWS\System32\IMM32.DLL
0x00007ffb52d30000 - 0x00007ffb52dcb000 	C:\Program Files\Microsoft\jdk-11.0.20.8-hotspot\bin\msvcp140.dll
0x00007ffb30420000 - 0x00007ffb30fb6000 	C:\Program Files\Microsoft\jdk-11.0.20.8-hotspot\bin\server\jvm.dll
0x00007ffbb1930000 - 0x00007ffbb19e0000 	C:\WINDOWS\System32\ADVAPI32.dll
0x00007ffbaf860000 - 0x00007ffbaf906000 	C:\WINDOWS\System32\sechost.dll
0x00007ffbafe40000 - 0x00007ffbaff57000 	C:\WINDOWS\System32\RPCRT4.dll
0x00007ffbb1300000 - 0x00007ffbb1308000 	C:\WINDOWS\System32\PSAPI.DLL
0x00007ffb84b80000 - 0x00007ffb84b89000 	C:\WINDOWS\SYSTEM32\WSOCK32.dll
0x00007ffbb1a10000 - 0x00007ffbb1a81000 	C:\WINDOWS\System32\WS2_32.dll
0x00007ffba72d0000 - 0x00007ffba7304000 	C:\WINDOWS\SYSTEM32\WINMM.dll
0x00007ffbabf70000 - 0x00007ffbabf7a000 	C:\WINDOWS\SYSTEM32\VERSION.dll
0x00007ffbadf40000 - 0x00007ffbadf58000 	C:\WINDOWS\SYSTEM32\kernel.appcore.dll
0x00007ffbacb80000 - 0x00007ffbacb90000 	C:\Program Files\Microsoft\jdk-11.0.20.8-hotspot\bin\verify.dll
0x00007ffbac800000 - 0x00007ffbaca2e000 	C:\WINDOWS\SYSTEM32\DBGHELP.DLL
0x00007ffbaf910000 - 0x00007ffbafc9a000 	C:\WINDOWS\System32\combase.dll
0x00007ffbb1220000 - 0x00007ffbb12f7000 	C:\WINDOWS\System32\OLEAUT32.dll
0x00007ffb91840000 - 0x00007ffb91872000 	C:\WINDOWS\SYSTEM32\dbgcore.DLL
0x00007ffbaf7e0000 - 0x00007ffbaf85a000 	C:\WINDOWS\System32\bcryptPrimitives.dll
0x00007ffb7aa70000 - 0x00007ffb7aa98000 	C:\Program Files\Microsoft\jdk-11.0.20.8-hotspot\bin\java.dll
0x00007ffba0b60000 - 0x00007ffba0b6a000 	C:\Program Files\Microsoft\jdk-11.0.20.8-hotspot\bin\jimage.dll
0x00007ffb84c00000 - 0x00007ffb84c18000 	C:\Program Files\Microsoft\jdk-11.0.20.8-hotspot\bin\zip.dll
0x00007ffbb0940000 - 0x00007ffbb1163000 	C:\WINDOWS\System32\SHELL32.dll
0x00007ffbacdd0000 - 0x00007ffbad6ba000 	C:\WINDOWS\SYSTEM32\windows.storage.dll
0x00007ffbacc90000 - 0x00007ffbacdce000 	C:\WINDOWS\SYSTEM32\wintypes.dll
0x00007ffbb0770000 - 0x00007ffbb0863000 	C:\WINDOWS\System32\SHCORE.dll
0x00007ffbb0710000 - 0x00007ffbb076e000 	C:\WINDOWS\System32\shlwapi.dll
0x00007ffbaedb0000 - 0x00007ffbaedd6000 	C:\WINDOWS\SYSTEM32\profapi.dll
0x00007ffb84b90000 - 0x00007ffb84ba9000 	C:\Program Files\Microsoft\jdk-11.0.20.8-hotspot\bin\net.dll
0x00007ffba89b0000 - 0x00007ffba8ae7000 	C:\WINDOWS\SYSTEM32\WINHTTP.dll
0x00007ffbae420000 - 0x00007ffbae489000 	C:\WINDOWS\system32\mswsock.dll
0x00007ffb81bb0000 - 0x00007ffb81bc3000 	C:\Program Files\Microsoft\jdk-11.0.20.8-hotspot\bin\nio.dll
0x00007ffb6c1f0000 - 0x00007ffb6c217000 	C:\Users\Danisa\.gradle\native\68d5fa5c4cc2d200863cafc0d521ce42e7d3e7ee720ec0a83991735586a16f82\windows-amd64\native-platform.dll
0x00007ffb3c790000 - 0x00007ffb3c8d4000 	C:\Users\Danisa\.gradle\native\e376f236ea51e6404a007f0833ffe2c6e607c4080706a723a18a27aeea778392\windows-amd64\native-platform-file-events.dll
0x00007ffb9e6d0000 - 0x00007ffb9e6d9000 	C:\Program Files\Microsoft\jdk-11.0.20.8-hotspot\bin\management.dll
0x00007ffb9d5a0000 - 0x00007ffb9d5ab000 	C:\Program Files\Microsoft\jdk-11.0.20.8-hotspot\bin\management_ext.dll
0x00007ffbae690000 - 0x00007ffbae6ab000 	C:\WINDOWS\SYSTEM32\CRYPTSP.dll
0x00007ffbadf00000 - 0x00007ffbadf35000 	C:\WINDOWS\system32\rsaenh.dll
0x00007ffbae530000 - 0x00007ffbae55c000 	C:\WINDOWS\SYSTEM32\USERENV.dll
0x00007ffbae850000 - 0x00007ffbae878000 	C:\WINDOWS\SYSTEM32\bcrypt.dll
0x00007ffbae6b0000 - 0x00007ffbae6bc000 	C:\WINDOWS\SYSTEM32\CRYPTBASE.dll
0x00007ffbad990000 - 0x00007ffbad9bd000 	C:\WINDOWS\SYSTEM32\IPHLPAPI.DLL
0x00007ffbb0700000 - 0x00007ffbb0709000 	C:\WINDOWS\System32\NSI.dll
0x00007ffba7510000 - 0x00007ffba7529000 	C:\WINDOWS\SYSTEM32\dhcpcsvc6.DLL
0x00007ffba72b0000 - 0x00007ffba72cf000 	C:\WINDOWS\SYSTEM32\dhcpcsvc.DLL
0x00007ffbada00000 - 0x00007ffbadaf2000 	C:\WINDOWS\SYSTEM32\DNSAPI.dll

dbghelp: loaded successfully - version: 4.0.5 - missing functions: none
symbol engine: initialized successfully - sym options: 0x614 - pdb path: .;C:\Program Files\Microsoft\jdk-11.0.20.8-hotspot\bin;C:\WINDOWS\SYSTEM32;C:\WINDOWS\WinSxS\amd64_microsoft.windows.common-controls_6595b64144ccf1df_6.0.22621.2215_none_270d72677387dfc3;C:\Program Files\Microsoft\jdk-11.0.20.8-hotspot\bin\server;C:\Users\Danisa\.gradle\native\68d5fa5c4cc2d200863cafc0d521ce42e7d3e7ee720ec0a83991735586a16f82\windows-amd64;C:\Users\Danisa\.gradle\native\e376f236ea51e6404a007f0833ffe2c6e607c4080706a723a18a27aeea778392\windows-amd64

VM Arguments:
jvm_args: -XX:MaxMetaspaceSize=512m --add-opens=java.base/java.util=ALL-UNNAMED --add-opens=java.base/java.lang=ALL-UNNAMED --add-opens=java.base/java.lang.invoke=ALL-UNNAMED --add-opens=java.prefs/java.util.prefs=ALL-UNNAMED --add-opens=java.base/java.nio.charset=ALL-UNNAMED --add-opens=java.base/java.net=ALL-UNNAMED --add-opens=java.base/java.util.concurrent.atomic=ALL-UNNAMED -Xmx2048m -Dfile.encoding=windows-1252 -Duser.country=ID -Duser.language=en -Duser.variant 
java_command: org.gradle.launcher.daemon.bootstrap.GradleDaemon 8.0.1
java_class_path (initial): C:\Users\Danisa\.gradle\wrapper\dists\gradle-8.0.1-all\aro4hu1c3oeioove7l0i4i14o\gradle-8.0.1\lib\gradle-launcher-8.0.1.jar
Launcher Type: SUN_STANDARD

[Global flags]
     intx CICompilerCount                          = 4                                         {product} {ergonomic}
   size_t CompressedClassSpaceSize                 = 528482304                                 {product} {ergonomic}
     uint ConcGCThreads                            = 3                                         {product} {ergonomic}
     uint G1ConcRefinementThreads                  = 10                                        {product} {ergonomic}
   size_t G1HeapRegionSize                         = 1048576                                   {product} {ergonomic}
    uintx GCDrainStackTargetSize                   = 64                                        {product} {ergonomic}
   size_t InitialHeapSize                          = 125829120                                 {product} {ergonomic}
   size_t MarkStackSize                            = 4194304                                   {product} {ergonomic}
   size_t MaxHeapSize                              = 2147483648                                {product} {command line}
   size_t MaxMetaspaceSize                         = 536870912                                 {product} {command line}
   size_t MaxNewSize                               = 1287651328                                {product} {ergonomic}
   size_t MinHeapDeltaBytes                        = 1048576                                   {product} {ergonomic}
    uintx NonNMethodCodeHeapSize                   = 5836300                                {pd product} {ergonomic}
    uintx NonProfiledCodeHeapSize                  = 122910970                              {pd product} {ergonomic}
    uintx ProfiledCodeHeapSize                     = 122910970                              {pd product} {ergonomic}
    uintx ReservedCodeCacheSize                    = 251658240                              {pd product} {ergonomic}
     bool SegmentedCodeCache                       = true                                      {product} {ergonomic}
     bool UseCompressedClassPointers               = true                                 {lp64_product} {ergonomic}
     bool UseCompressedOops                        = true                                 {lp64_product} {ergonomic}
     bool UseG1GC                                  = true                                      {product} {ergonomic}
     bool UseLargePagesIndividualAllocation        = false                                  {pd product} {ergonomic}

Logging:
Log output configuration:
 #0: stdout all=warning uptime,level,tags
 #1: stderr all=off uptime,level,tags

Environment Variables:
JAVA_HOME=C:\Program Files\Microsoft\jdk-11.0.20.8-hotspot\
CLASSPATH=D:\mas aldo\mobile-app\banksampah\android\\gradle\wrapper\gradle-wrapper.jar
PATH=D:\mas aldo\mobile-app\banksampah\node_modules\.bin;D:\mas aldo\mobile-app\banksampah\node_modules\.bin;D:\mas aldo\mobile-app\node_modules\.bin;D:\mas aldo\node_modules\.bin;D:\node_modules\.bin;C:\Users\Danisa\AppData\Roaming\npm\node_modules\npm\node_modules\@npmcli\run-script\lib\node-gyp-bin;D:\mas aldo\mobile-app\banksampah\node_modules\.bin;D:\mas aldo\mobile-app\node_modules\.bin;D:\mas aldo\node_modules\.bin;D:\node_modules\.bin;C:\Users\Danisa\AppData\Roaming\npm\node_modules\npm\node_modules\@npmcli\run-script\lib\node-gyp-bin;C:\Program Files\Microsoft\jdk-11.0.20.8-hotspot\bin;C:\Python311\Scripts\;C:\Python311\;C:\WINDOWS\system32;C:\WINDOWS;C:\WINDOWS\System32\Wbem;C:\WINDOWS\System32\WindowsPowerShell\v1.0\;C:\WINDOWS\System32\OpenSSH\;C:\Users\Danisa\AppData\Roaming\nvm;C:\Program Files\nodejs;C:\ProgramData\chocolatey\bin;D:\dhanissa\cmd;C:\Program Files\Docker\Docker\resources\bin;D:\dhanissa\nodejs\;C:\Program Files\Microsoft\jdk-11.0.20.8-hotspot\bin;C:\Python311\Scripts\;C:\Python311\;C:\WINDOWS\system32;C:\WINDOWS;C:\WINDOWS\System32\Wbem;C:\WINDOWS\System32\WindowsPowerShell\v1.0\;C:\WINDOWS\System32\OpenSSH\;C:\Users\Danisa\AppData\Roaming\nvm;C:\Program Files\nodejs;C:\ProgramData\chocolatey\bin;D:\dhanissa\cmd;C:\Program Files\Docker\Docker\resources\bin;D:\dhanissa\nodejs\;D:\software\Android\Sdk\tools\bin;D:\software\Android\Sdk\platform-tools;
USERNAME=Danisa
LANG=en_US.UTF-8
OS=Windows_NT
PROCESSOR_IDENTIFIER=AMD64 Family 25 Model 80 Stepping 0, AuthenticAMD
TMP=C:\Users\Danisa\AppData\Local\Temp
TEMP=C:\Users\Danisa\AppData\Local\Temp



---------------  S Y S T E M  ---------------

OS: Windows 11 , 64 bit Build 22621 (10.0.22621.2215)
OS uptime: 2 days 15:47 hours
Hyper-V role detected

CPU:total 12 (initial active 12) (12 cores per cpu, 2 threads per core) family 25 model 80 stepping 0 microcode 0x0, cmov, cx8, fxsr, mmx, sse, sse2, sse3, ssse3, sse4.1, sse4.2, popcnt, avx, avx2, aes, clmul, erms, mmxext, 3dnowpref, lzcnt, sse4a, ht, tsc, tscinvbit, tscinv, bmi1, bmi2, adx, sha, fma

Memory: 4k page, system-wide physical 7583M (27M free)
TotalPageFile size 24672M (AvailPageFile size 25M)
current process WorkingSet (physical memory assigned to process): 169M, peak: 169M
current process commit charge ("private bytes"): 297M, peak: 298M

vm_info: OpenJDK 64-Bit Server VM (11.0.20+8-LTS) for windows-amd64 JRE (11.0.20+8-LTS), built on Jul  7 2023 17:05:21 by "MicrosoftCorporation" with MS VC++ 15.9 (VS2017)

END.
