#
# There is insufficient memory for the Java Runtime Environment to continue.
# Native memory allocation (malloc) failed to allocate 1220336 bytes for Chunk::new
# Possible reasons:
#   The system is out of physical RAM or swap space
#   The process is running with CompressedOops enabled, and the Java Heap may be blocking the growth of the native heap
# Possible solutions:
#   Reduce memory load on the system
#   Increase physical memory or swap space
#   Check if swap backing store is full
#   Decrease Java heap size (-Xmx/-Xms)
#   Decrease number of Java threads
#   Decrease Java thread stack sizes (-Xss)
#   Set larger code cache with -XX:ReservedCodeCacheSize=
#   JVM is running with Unscaled Compressed Oops mode in which the Java heap is
#     placed in the first 4GB address space. The Java Heap base address is the
#     maximum limit for the native heap growth. Please use -XX:HeapBaseMinAddress
#     to set the Java Heap base and to place the Java Heap above 4GB virtual address.
# This output file may be truncated or incomplete.
#
#  Out of Memory Error (arena.cpp:197), pid=21332, tid=3412
#
# JRE version: OpenJDK Runtime Environment Microsoft-8035250 (11.0.20+8) (build 11.0.20+8-LTS)
# Java VM: OpenJDK 64-Bit Server VM Microsoft-8035250 (11.0.20+8-LTS, mixed mode, tiered, compressed oops, g1 gc, windows-amd64)
# No core dump will be written. Minidumps are not enabled by default on client versions of Windows
#

---------------  S U M M A R Y ------------

Command Line: -XX:MaxMetaspaceSize=512m --add-opens=java.base/java.util=ALL-UNNAMED --add-opens=java.base/java.lang=ALL-UNNAMED --add-opens=java.base/java.lang.invoke=ALL-UNNAMED --add-opens=java.prefs/java.util.prefs=ALL-UNNAMED --add-opens=java.base/java.nio.charset=ALL-UNNAMED --add-opens=java.base/java.net=ALL-UNNAMED --add-opens=java.base/java.util.concurrent.atomic=ALL-UNNAMED -Xmx2048m -Dfile.encoding=windows-1252 -Duser.country=ID -Duser.language=en -Duser.variant org.gradle.launcher.daemon.bootstrap.GradleDaemon 8.0.1

Host: AMD Ryzen 5 5600H with Radeon Graphics         , 12 cores, 7G,  Windows 11 , 64 bit Build 22621 (10.0.22621.2215)
Time: Sat Sep 30 13:47:43 2023 SE Asia Standard Time elapsed time: 53.722923 seconds (0d 0h 0m 53s)

---------------  T H R E A D  ---------------

Current thread (0x000001fc6ece1800):  JavaThread "C2 CompilerThread0" daemon [_thread_in_native, id=3412, stack(0x0000007a71100000,0x0000007a71200000)]


Current CompileTask:
C2:  53723 2788   !   4       java.lang.reflect.Executable::declaredAnnotations (85 bytes)

Stack: [0x0000007a71100000,0x0000007a71200000]
Native frames: (J=compiled Java code, j=interpreted, Vv=VM code, C=native code)
V  [jvm.dll+0x62e9da]
V  [jvm.dll+0x7bc4e9]
V  [jvm.dll+0x7bdbd8]
V  [jvm.dll+0x7be2b3]
V  [jvm.dll+0x2505a8]
V  [jvm.dll+0xc263c]
V  [jvm.dll+0xc2bfc]
V  [jvm.dll+0x35fd82]
V  [jvm.dll+0x32bf13]
V  [jvm.dll+0x32b24a]
V  [jvm.dll+0x2097e3]
V  [jvm.dll+0x20893d]
V  [jvm.dll+0x18a7de]
V  [jvm.dll+0x2181ec]
V  [jvm.dll+0x21642b]
V  [jvm.dll+0x77efc0]
V  [jvm.dll+0x777db4]
V  [jvm.dll+0x62d845]
C  [ucrtbase.dll+0x29363]
C  [KERNEL32.DLL+0x1257d]
C  [ntdll.dll+0x5aa68]


---------------  P R O C E S S  ---------------

Threads class SMR info:
_java_thread_list=0x000001fc737fc430, length=32, elements={
0x000001fc4f7a0000, 0x000001fc6eccd800, 0x000001fc6eccf800, 0x000001fc6f652800,
0x000001fc6f653800, 0x000001fc6ecde800, 0x000001fc6ece1800, 0x000001fc6ece4000,
0x000001fc6ece6800, 0x000001fc6f799800, 0x000001fc711d0000, 0x000001fc70574800,
0x000001fc70ead800, 0x000001fc71183000, 0x000001fc70ae3800, 0x000001fc6f7c4800,
0x000001fc7044d000, 0x000001fc71ecf000, 0x000001fc7044d800, 0x000001fc6f6ac000,
0x000001fc6f6ab000, 0x000001fc6f6a7000, 0x000001fc6f6ad000, 0x000001fc6f6ad800,
0x000001fc6f6a8000, 0x000001fc6f6a9000, 0x000001fc6f6a9800, 0x000001fc6f6aa800,
0x000001fc70ef4000, 0x000001fc70ef4800, 0x000001fc70ef5800, 0x000001fc70ef9800
}

Java Threads: ( => current thread )
  0x000001fc4f7a0000 JavaThread "main" [_thread_blocked, id=23180, stack(0x0000007a70500000,0x0000007a70600000)]
  0x000001fc6eccd800 JavaThread "Reference Handler" daemon [_thread_blocked, id=17692, stack(0x0000007a70c00000,0x0000007a70d00000)]
  0x000001fc6eccf800 JavaThread "Finalizer" daemon [_thread_blocked, id=25888, stack(0x0000007a70d00000,0x0000007a70e00000)]
  0x000001fc6f652800 JavaThread "Signal Dispatcher" daemon [_thread_blocked, id=15388, stack(0x0000007a70e00000,0x0000007a70f00000)]
  0x000001fc6f653800 JavaThread "Attach Listener" daemon [_thread_blocked, id=13000, stack(0x0000007a70f00000,0x0000007a71000000)]
  0x000001fc6ecde800 JavaThread "Service Thread" daemon [_thread_blocked, id=13480, stack(0x0000007a71000000,0x0000007a71100000)]
=>0x000001fc6ece1800 JavaThread "C2 CompilerThread0" daemon [_thread_in_native, id=3412, stack(0x0000007a71100000,0x0000007a71200000)]
  0x000001fc6ece4000 JavaThread "C1 CompilerThread0" daemon [_thread_blocked, id=23196, stack(0x0000007a71200000,0x0000007a71300000)]
  0x000001fc6ece6800 JavaThread "Sweeper thread" daemon [_thread_blocked, id=26516, stack(0x0000007a71300000,0x0000007a71400000)]
  0x000001fc6f799800 JavaThread "Common-Cleaner" daemon [_thread_blocked, id=8052, stack(0x0000007a71400000,0x0000007a71500000)]
  0x000001fc711d0000 JavaThread "Daemon health stats" [_thread_blocked, id=18872, stack(0x0000007a71700000,0x0000007a71800000)]
  0x000001fc70574800 JavaThread "Incoming local TCP Connector on port 53117" [_thread_in_native, id=13924, stack(0x0000007a71800000,0x0000007a71900000)]
  0x000001fc70ead800 JavaThread "Daemon periodic checks" [_thread_blocked, id=18412, stack(0x0000007a71900000,0x0000007a71a00000)]
  0x000001fc71183000 JavaThread "Daemon" [_thread_blocked, id=13648, stack(0x0000007a70300000,0x0000007a70400000)]
  0x000001fc70ae3800 JavaThread "Handler for socket connection from /127.0.0.1:53117 to /127.0.0.1:53164" [_thread_in_native, id=15612, stack(0x0000007a71a00000,0x0000007a71b00000)]
  0x000001fc6f7c4800 JavaThread "Cancel handler" [_thread_blocked, id=26688, stack(0x0000007a71b00000,0x0000007a71c00000)]
  0x000001fc7044d000 JavaThread "Daemon worker" [_thread_blocked, id=26700, stack(0x0000007a71c00000,0x0000007a71d00000)]
  0x000001fc71ecf000 JavaThread "Asynchronous log dispatcher for DefaultDaemonConnection: socket connection from /127.0.0.1:53117 to /127.0.0.1:53164" [_thread_blocked, id=26760, stack(0x0000007a71d00000,0x0000007a71e00000)]
  0x000001fc7044d800 JavaThread "Stdin handler" [_thread_blocked, id=26764, stack(0x0000007a71e00000,0x0000007a71f00000)]
  0x000001fc6f6ac000 JavaThread "Daemon client event forwarder" [_thread_blocked, id=26780, stack(0x0000007a71f00000,0x0000007a72000000)]
  0x000001fc6f6ab000 JavaThread "Cache worker for journal cache (C:\Users\Danisa\.gradle\caches\journal-1)" [_thread_blocked, id=27376, stack(0x0000007a72b00000,0x0000007a72c00000)]
  0x000001fc6f6a7000 JavaThread "File lock request listener" [_thread_in_native, id=27460, stack(0x0000007a72c00000,0x0000007a72d00000)]
  0x000001fc6f6ad000 JavaThread "Cache worker for file hash cache (C:\Users\Danisa\.gradle\caches\8.0.1\fileHashes)" [_thread_blocked, id=27520, stack(0x0000007a72d00000,0x0000007a72e00000)]
  0x000001fc6f6ad800 JavaThread "File lock release action executor" [_thread_blocked, id=27540, stack(0x0000007a72e00000,0x0000007a72f00000)]
  0x000001fc6f6a8000 JavaThread "File watcher server" daemon [_thread_in_native, id=16668, stack(0x0000007a72f00000,0x0000007a73000000)]
  0x000001fc6f6a9000 JavaThread "File watcher consumer" daemon [_thread_blocked, id=8816, stack(0x0000007a73000000,0x0000007a73100000)]
  0x000001fc6f6a9800 JavaThread "Cache worker for checksums cache (D:\mas aldo\mobile-app\banksampah\android\.gradle\8.0.1\checksums)" [_thread_blocked, id=27424, stack(0x0000007a73100000,0x0000007a73200000)]
  0x000001fc6f6aa800 JavaThread "Cache worker for cache directory md-rule (C:\Users\Danisa\.gradle\caches\8.0.1\md-rule)" [_thread_blocked, id=27432, stack(0x0000007a73200000,0x0000007a73300000)]
  0x000001fc70ef4000 JavaThread "Cache worker for file content cache (C:\Users\Danisa\.gradle\caches\8.0.1\fileContent)" [_thread_blocked, id=27436, stack(0x0000007a73300000,0x0000007a73400000)]
  0x000001fc70ef4800 JavaThread "Cache worker for file hash cache (D:\mas aldo\mobile-app\banksampah\android\.gradle\8.0.1\fileHashes)" [_thread_blocked, id=27384, stack(0x0000007a73400000,0x0000007a73500000)]
  0x000001fc70ef5800 JavaThread "Cache worker for cache directory md-supplier (C:\Users\Danisa\.gradle\caches\8.0.1\md-supplier)" [_thread_blocked, id=27360, stack(0x0000007a73500000,0x0000007a73600000)]
  0x000001fc70ef9800 JavaThread "Cache worker for execution history cache (C:\Users\Danisa\.gradle\caches\8.0.1\executionHistory)" [_thread_blocked, id=15692, stack(0x0000007a73600000,0x0000007a73700000)]

Other Threads:
  0x000001fc6ecb8000 VMThread "VM Thread" [stack: 0x0000007a70b00000,0x0000007a70c00000] [id=21380]
  0x000001fc6f7ab000 WatcherThread [stack: 0x0000007a71500000,0x0000007a71600000] [id=16672]
  0x000001fc4f7b9000 GCTaskThread "GC Thread#0" [stack: 0x0000007a70600000,0x0000007a70700000] [id=25236]
  0x000001fc70827800 GCTaskThread "GC Thread#1" [stack: 0x0000007a71600000,0x0000007a71700000] [id=9280]
  0x000001fc7228a800 GCTaskThread "GC Thread#2" [stack: 0x0000007a72000000,0x0000007a72100000] [id=26836]
  0x000001fc6f946000 GCTaskThread "GC Thread#3" [stack: 0x0000007a72100000,0x0000007a72200000] [id=26840]
  0x000001fc6f946800 GCTaskThread "GC Thread#4" [stack: 0x0000007a72200000,0x0000007a72300000] [id=26844]
  0x000001fc6f88a000 GCTaskThread "GC Thread#5" [stack: 0x0000007a72300000,0x0000007a72400000] [id=26848]
  0x000001fc6f88a800 GCTaskThread "GC Thread#6" [stack: 0x0000007a72400000,0x0000007a72500000] [id=26852]
  0x000001fc6fb91000 GCTaskThread "GC Thread#7" [stack: 0x0000007a72500000,0x0000007a72600000] [id=26856]
  0x000001fc6fb92000 GCTaskThread "GC Thread#8" [stack: 0x0000007a72600000,0x0000007a72700000] [id=26860]
  0x000001fc705f4000 GCTaskThread "GC Thread#9" [stack: 0x0000007a72700000,0x0000007a72800000] [id=26864]
  0x000001fc4f7e9000 ConcurrentGCThread "G1 Main Marker" [stack: 0x0000007a70700000,0x0000007a70800000] [id=13852]
  0x000001fc4f7ea800 ConcurrentGCThread "G1 Conc#0" [stack: 0x0000007a70800000,0x0000007a70900000] [id=21684]
  0x000001fc70121800 ConcurrentGCThread "G1 Conc#1" [stack: 0x0000007a72900000,0x0000007a72a00000] [id=27268]
  0x000001fc6f9b5800 ConcurrentGCThread "G1 Conc#2" [stack: 0x0000007a72a00000,0x0000007a72b00000] [id=27272]
  0x000001fc6eb26800 ConcurrentGCThread "G1 Refine#0" [stack: 0x0000007a70900000,0x0000007a70a00000] [id=1528]
  0x000001fc70454800 ConcurrentGCThread "G1 Refine#1" [stack: 0x0000007a72800000,0x0000007a72900000] [id=26888]
  0x000001fc6eb28000 ConcurrentGCThread "G1 Young RemSet Sampling" [stack: 0x0000007a70a00000,0x0000007a70b00000] [id=1932]

Threads with active compile tasks:
C2 CompilerThread0    53917 2788   !   4       java.lang.reflect.Executable::declaredAnnotations (85 bytes)

VM state:at safepoint (normal execution)

VM Mutex/Monitor currently owned by a thread:  ([mutex/lock_event])
[0x000001fc4f79c010] Threads_lock - owner thread: 0x000001fc6ecb8000
[0x000001fc4f79a510] Heap_lock - owner thread: 0x000001fc7044d000

Heap address: 0x0000000080000000, size: 2048 MB, Compressed Oops mode: 32-bit
Narrow klass base: 0x0000000000000000, Narrow klass shift: 3
Compressed class space size: 528482304 Address: 0x0000000100000000

Heap:
 garbage-first heap   total 122880K, used 22997K [0x0000000080000000, 0x0000000100000000)
  region size 1024K, 5 young (5120K), 5 survivors (5120K)
 Metaspace       used 32080K, capacity 32783K, committed 32816K, reserved 557056K
  class space    used 4193K, capacity 4479K, committed 4480K, reserved 516096K
Heap Regions: E=young(eden), S=young(survivor), O=old, HS=humongous(starts), HC=humongous(continues), CS=collection set, F=free, A=archive, TAMS=top-at-mark-start (previous, next)
|   0|0x0000000080000000, 0x0000000080100000, 0x0000000080100000|100%|HS|  |TAMS 0x0000000080100000, 0x0000000080100000| Complete 
|   1|0x0000000080100000, 0x0000000080200000, 0x0000000080200000|100%|HC|  |TAMS 0x0000000080200000, 0x0000000080200000| Complete 
|   2|0x0000000080200000, 0x0000000080300000, 0x0000000080300000|100%|HC|  |TAMS 0x0000000080300000, 0x0000000080300000| Complete 
|   3|0x0000000080300000, 0x0000000080400000, 0x0000000080400000|100%|HC|  |TAMS 0x0000000080400000, 0x0000000080400000| Complete 
|   4|0x0000000080400000, 0x0000000080500000, 0x0000000080500000|100%| O|  |TAMS 0x0000000080500000, 0x0000000080500000| Untracked 
|   5|0x0000000080500000, 0x0000000080600000, 0x0000000080600000|100%| O|  |TAMS 0x0000000080600000, 0x0000000080600000| Untracked 
|   6|0x0000000080600000, 0x0000000080700000, 0x0000000080700000|100%| O|  |TAMS 0x0000000080700000, 0x0000000080700000| Untracked 
|   7|0x0000000080700000, 0x0000000080800000, 0x0000000080800000|100%| O|  |TAMS 0x0000000080800000, 0x0000000080800000| Untracked 
|   8|0x0000000080800000, 0x0000000080900000, 0x0000000080900000|100%| O|  |TAMS 0x0000000080900000, 0x0000000080900000| Untracked 
|   9|0x0000000080900000, 0x0000000080a00000, 0x0000000080a00000|100%| O|  |TAMS 0x0000000080a00000, 0x0000000080a00000| Untracked 
|  10|0x0000000080a00000, 0x0000000080b00000, 0x0000000080b00000|100%| O|  |TAMS 0x0000000080b00000, 0x0000000080b00000| Untracked 
|  11|0x0000000080b00000, 0x0000000080c00000, 0x0000000080c00000|100%| O|  |TAMS 0x0000000080c00000, 0x0000000080c00000| Untracked 
|  12|0x0000000080c00000, 0x0000000080d00000, 0x0000000080d00000|100%| O|  |TAMS 0x0000000080d00000, 0x0000000080d00000| Untracked 
|  13|0x0000000080d00000, 0x0000000080e00000, 0x0000000080e00000|100%| O|  |TAMS 0x0000000080e00000, 0x0000000080e00000| Untracked 
|  14|0x0000000080e00000, 0x0000000080f00000, 0x0000000080f00000|100%| O|  |TAMS 0x0000000080f00000, 0x0000000080f00000| Untracked 
|  15|0x0000000080f00000, 0x0000000081000000, 0x0000000081000000|100%| O|  |TAMS 0x0000000081000000, 0x0000000081000000| Untracked 
|  16|0x0000000081000000, 0x0000000081100000, 0x0000000081100000|100%| O|  |TAMS 0x0000000081100000, 0x0000000081100000| Untracked 
|  17|0x0000000081100000, 0x0000000081200000, 0x0000000081200000|100%| O|  |TAMS 0x0000000081188600, 0x0000000081200000| Untracked 
|  18|0x0000000081200000, 0x000000008121d400, 0x0000000081300000| 11%| O|  |TAMS 0x0000000081200000, 0x000000008121d400| Untracked 
|  19|0x0000000081300000, 0x0000000081300000, 0x0000000081400000|  0%| F|  |TAMS 0x0000000081300000, 0x0000000081300000| Untracked 
|  20|0x0000000081400000, 0x0000000081400000, 0x0000000081500000|  0%| F|  |TAMS 0x0000000081400000, 0x0000000081400000| Untracked 
|  21|0x0000000081500000, 0x0000000081500000, 0x0000000081600000|  0%| F|  |TAMS 0x0000000081500000, 0x0000000081500000| Untracked 
|  22|0x0000000081600000, 0x0000000081600000, 0x0000000081700000|  0%| F|  |TAMS 0x0000000081600000, 0x0000000081600000| Untracked 
|  23|0x0000000081700000, 0x0000000081700000, 0x0000000081800000|  0%| F|  |TAMS 0x0000000081700000, 0x0000000081700000| Untracked 
|  24|0x0000000081800000, 0x0000000081800000, 0x0000000081900000|  0%| F|  |TAMS 0x0000000081800000, 0x0000000081800000| Untracked 
|  25|0x0000000081900000, 0x0000000081900000, 0x0000000081a00000|  0%| F|  |TAMS 0x0000000081900000, 0x0000000081900000| Untracked 
|  26|0x0000000081a00000, 0x0000000081a00000, 0x0000000081b00000|  0%| F|  |TAMS 0x0000000081a00000, 0x0000000081a00000| Untracked 
|  27|0x0000000081b00000, 0x0000000081b00000, 0x0000000081c00000|  0%| F|  |TAMS 0x0000000081b00000, 0x0000000081b00000| Untracked 
|  28|0x0000000081c00000, 0x0000000081c00000, 0x0000000081d00000|  0%| F|  |TAMS 0x0000000081c00000, 0x0000000081c00000| Untracked 
|  29|0x0000000081d00000, 0x0000000081d00000, 0x0000000081e00000|  0%| F|  |TAMS 0x0000000081d00000, 0x0000000081d00000| Untracked 
|  30|0x0000000081e00000, 0x0000000081e00000, 0x0000000081f00000|  0%| F|  |TAMS 0x0000000081e00000, 0x0000000081e00000| Untracked 
|  31|0x0000000081f00000, 0x0000000081f00000, 0x0000000082000000|  0%| F|  |TAMS 0x0000000081f00000, 0x0000000081f00000| Untracked 
|  32|0x0000000082000000, 0x0000000082000000, 0x0000000082100000|  0%| F|  |TAMS 0x0000000082000000, 0x0000000082000000| Untracked 
|  33|0x0000000082100000, 0x0000000082100000, 0x0000000082200000|  0%| F|  |TAMS 0x0000000082100000, 0x0000000082100000| Untracked 
|  34|0x0000000082200000, 0x0000000082200000, 0x0000000082300000|  0%| F|  |TAMS 0x0000000082200000, 0x0000000082200000| Untracked 
|  35|0x0000000082300000, 0x0000000082300000, 0x0000000082400000|  0%| F|  |TAMS 0x0000000082300000, 0x0000000082300000| Untracked 
|  36|0x0000000082400000, 0x0000000082400000, 0x0000000082500000|  0%| F|  |TAMS 0x0000000082400000, 0x0000000082400000| Untracked 
|  37|0x0000000082500000, 0x0000000082500000, 0x0000000082600000|  0%| F|  |TAMS 0x0000000082500000, 0x0000000082500000| Untracked 
|  38|0x0000000082600000, 0x0000000082600000, 0x0000000082700000|  0%| F|  |TAMS 0x0000000082600000, 0x0000000082600000| Untracked 
|  39|0x0000000082700000, 0x0000000082700000, 0x0000000082800000|  0%| F|  |TAMS 0x0000000082700000, 0x0000000082700000| Untracked 
|  40|0x0000000082800000, 0x0000000082800000, 0x0000000082900000|  0%| F|  |TAMS 0x0000000082800000, 0x0000000082800000| Untracked 
|  41|0x0000000082900000, 0x0000000082900000, 0x0000000082a00000|  0%| F|  |TAMS 0x0000000082900000, 0x0000000082900000| Untracked 
|  42|0x0000000082a00000, 0x0000000082a00000, 0x0000000082b00000|  0%| F|  |TAMS 0x0000000082a00000, 0x0000000082a00000| Untracked 
|  43|0x0000000082b00000, 0x0000000082b00000, 0x0000000082c00000|  0%| F|  |TAMS 0x0000000082b00000, 0x0000000082b00000| Untracked 
|  44|0x0000000082c00000, 0x0000000082c00000, 0x0000000082d00000|  0%| F|  |TAMS 0x0000000082c00000, 0x0000000082c00000| Untracked 
|  45|0x0000000082d00000, 0x0000000082d00000, 0x0000000082e00000|  0%| F|  |TAMS 0x0000000082d00000, 0x0000000082d00000| Untracked 
|  46|0x0000000082e00000, 0x0000000082e00000, 0x0000000082f00000|  0%| F|  |TAMS 0x0000000082e00000, 0x0000000082e00000| Untracked 
|  47|0x0000000082f00000, 0x0000000082f00000, 0x0000000083000000|  0%| F|  |TAMS 0x0000000082f00000, 0x0000000082f00000| Untracked 
|  48|0x0000000083000000, 0x0000000083000000, 0x0000000083100000|  0%| F|  |TAMS 0x0000000083000000, 0x0000000083000000| Untracked 
|  49|0x0000000083100000, 0x0000000083100000, 0x0000000083200000|  0%| F|  |TAMS 0x0000000083100000, 0x0000000083100000| Untracked 
|  50|0x0000000083200000, 0x0000000083200000, 0x0000000083300000|  0%| F|  |TAMS 0x0000000083200000, 0x0000000083200000| Untracked 
|  51|0x0000000083300000, 0x0000000083300000, 0x0000000083400000|  0%| F|  |TAMS 0x0000000083300000, 0x0000000083300000| Untracked 
|  52|0x0000000083400000, 0x0000000083400000, 0x0000000083500000|  0%| F|  |TAMS 0x0000000083400000, 0x0000000083400000| Untracked 
|  53|0x0000000083500000, 0x0000000083500000, 0x0000000083600000|  0%| F|  |TAMS 0x0000000083500000, 0x0000000083500000| Untracked 
|  54|0x0000000083600000, 0x0000000083600000, 0x0000000083700000|  0%| F|  |TAMS 0x0000000083600000, 0x0000000083600000| Untracked 
|  55|0x0000000083700000, 0x0000000083700000, 0x0000000083800000|  0%| F|  |TAMS 0x0000000083700000, 0x0000000083700000| Untracked 
|  56|0x0000000083800000, 0x0000000083800000, 0x0000000083900000|  0%| F|  |TAMS 0x0000000083800000, 0x0000000083800000| Untracked 
|  57|0x0000000083900000, 0x0000000083900000, 0x0000000083a00000|  0%| F|  |TAMS 0x0000000083900000, 0x0000000083900000| Untracked 
|  58|0x0000000083a00000, 0x0000000083a00000, 0x0000000083b00000|  0%| F|  |TAMS 0x0000000083a00000, 0x0000000083a00000| Untracked 
|  59|0x0000000083b00000, 0x0000000083b00000, 0x0000000083c00000|  0%| F|  |TAMS 0x0000000083b00000, 0x0000000083b00000| Untracked 
|  60|0x0000000083c00000, 0x0000000083c00000, 0x0000000083d00000|  0%| F|  |TAMS 0x0000000083c00000, 0x0000000083c00000| Untracked 
|  61|0x0000000083d00000, 0x0000000083d00000, 0x0000000083e00000|  0%| F|  |TAMS 0x0000000083d00000, 0x0000000083d00000| Untracked 
|  62|0x0000000083e00000, 0x0000000083e00000, 0x0000000083f00000|  0%| F|  |TAMS 0x0000000083e00000, 0x0000000083e00000| Untracked 
|  63|0x0000000083f00000, 0x0000000083f00000, 0x0000000084000000|  0%| F|  |TAMS 0x0000000083f00000, 0x0000000083f00000| Untracked 
|  64|0x0000000084000000, 0x0000000084000000, 0x0000000084100000|  0%| F|  |TAMS 0x0000000084000000, 0x0000000084000000| Untracked 
|  65|0x0000000084100000, 0x0000000084100000, 0x0000000084200000|  0%| F|  |TAMS 0x0000000084100000, 0x0000000084100000| Untracked 
|  66|0x0000000084200000, 0x0000000084200000, 0x0000000084300000|  0%| F|  |TAMS 0x0000000084200000, 0x0000000084200000| Untracked 
|  67|0x0000000084300000, 0x0000000084300000, 0x0000000084400000|  0%| F|  |TAMS 0x0000000084300000, 0x0000000084300000| Untracked 
|  68|0x0000000084400000, 0x0000000084400000, 0x0000000084500000|  0%| F|  |TAMS 0x0000000084400000, 0x0000000084400000| Untracked 
|  69|0x0000000084500000, 0x0000000084500000, 0x0000000084600000|  0%| F|  |TAMS 0x0000000084500000, 0x0000000084500000| Untracked 
|  70|0x0000000084600000, 0x0000000084600000, 0x0000000084700000|  0%| F|  |TAMS 0x0000000084600000, 0x0000000084600000| Untracked 
|  71|0x0000000084700000, 0x0000000084700000, 0x0000000084800000|  0%| F|  |TAMS 0x0000000084700000, 0x0000000084700000| Untracked 
|  72|0x0000000084800000, 0x0000000084800000, 0x0000000084900000|  0%| F|  |TAMS 0x0000000084800000, 0x0000000084800000| Untracked 
|  73|0x0000000084900000, 0x0000000084900000, 0x0000000084a00000|  0%| F|  |TAMS 0x0000000084900000, 0x0000000084900000| Untracked 
|  74|0x0000000084a00000, 0x0000000084a00000, 0x0000000084b00000|  0%| F|  |TAMS 0x0000000084a00000, 0x0000000084a00000| Untracked 
|  75|0x0000000084b00000, 0x0000000084b00000, 0x0000000084c00000|  0%| F|  |TAMS 0x0000000084b00000, 0x0000000084b00000| Untracked 
|  76|0x0000000084c00000, 0x0000000084c00000, 0x0000000084d00000|  0%| F|  |TAMS 0x0000000084c00000, 0x0000000084c00000| Untracked 
|  77|0x0000000084d00000, 0x0000000084d00000, 0x0000000084e00000|  0%| F|  |TAMS 0x0000000084d00000, 0x0000000084d00000| Untracked 
|  78|0x0000000084e00000, 0x0000000084e00000, 0x0000000084f00000|  0%| F|  |TAMS 0x0000000084e00000, 0x0000000084e00000| Untracked 
|  79|0x0000000084f00000, 0x0000000084f00000, 0x0000000085000000|  0%| F|  |TAMS 0x0000000084f00000, 0x0000000084f00000| Untracked 
|  80|0x0000000085000000, 0x0000000085000000, 0x0000000085100000|  0%| F|  |TAMS 0x0000000085000000, 0x0000000085000000| Untracked 
|  81|0x0000000085100000, 0x0000000085100000, 0x0000000085200000|  0%| F|  |TAMS 0x0000000085100000, 0x0000000085100000| Untracked 
|  82|0x0000000085200000, 0x0000000085200000, 0x0000000085300000|  0%| F|  |TAMS 0x0000000085200000, 0x0000000085200000| Untracked 
|  83|0x0000000085300000, 0x0000000085300000, 0x0000000085400000|  0%| F|  |TAMS 0x0000000085300000, 0x0000000085300000| Untracked 
|  84|0x0000000085400000, 0x0000000085400000, 0x0000000085500000|  0%| F|  |TAMS 0x0000000085400000, 0x0000000085400000| Untracked 
|  85|0x0000000085500000, 0x0000000085500000, 0x0000000085600000|  0%| F|  |TAMS 0x0000000085500000, 0x0000000085500000| Untracked 
|  86|0x0000000085600000, 0x0000000085600000, 0x0000000085700000|  0%| F|  |TAMS 0x0000000085600000, 0x0000000085600000| Untracked 
|  87|0x0000000085700000, 0x0000000085700000, 0x0000000085800000|  0%| F|  |TAMS 0x0000000085700000, 0x0000000085700000| Untracked 
|  88|0x0000000085800000, 0x0000000085800000, 0x0000000085900000|  0%| F|  |TAMS 0x0000000085800000, 0x0000000085800000| Untracked 
|  89|0x0000000085900000, 0x0000000085900000, 0x0000000085a00000|  0%| F|  |TAMS 0x0000000085900000, 0x0000000085900000| Untracked 
|  90|0x0000000085a00000, 0x0000000085a58330, 0x0000000085b00000| 34%| S|CS|TAMS 0x0000000085a00000, 0x0000000085a00000| Complete 
|  91|0x0000000085b00000, 0x0000000085c00000, 0x0000000085c00000|100%| S|CS|TAMS 0x0000000085b00000, 0x0000000085b00000| Complete 
|  92|0x0000000085c00000, 0x0000000085d00000, 0x0000000085d00000|100%| S|CS|TAMS 0x0000000085c00000, 0x0000000085c00000| Complete 
|  93|0x0000000085d00000, 0x0000000085e00000, 0x0000000085e00000|100%| S|CS|TAMS 0x0000000085d00000, 0x0000000085d00000| Complete 
|  94|0x0000000085e00000, 0x0000000085f00000, 0x0000000085f00000|100%| S|CS|TAMS 0x0000000085e00000, 0x0000000085e00000| Complete 
|  95|0x0000000085f00000, 0x0000000085f00000, 0x0000000086000000|  0%| F|  |TAMS 0x0000000085f00000, 0x0000000085f00000| Untracked 
|  96|0x0000000086000000, 0x0000000086000000, 0x0000000086100000|  0%| F|  |TAMS 0x0000000086000000, 0x0000000086000000| Untracked 
|  97|0x0000000086100000, 0x0000000086100000, 0x0000000086200000|  0%| F|  |TAMS 0x0000000086100000, 0x0000000086100000| Untracked 
|  98|0x0000000086200000, 0x0000000086200000, 0x0000000086300000|  0%| F|  |TAMS 0x0000000086200000, 0x0000000086200000| Untracked 
|  99|0x0000000086300000, 0x0000000086300000, 0x0000000086400000|  0%| F|  |TAMS 0x0000000086300000, 0x0000000086300000| Untracked 
| 100|0x0000000086400000, 0x0000000086400000, 0x0000000086500000|  0%| F|  |TAMS 0x0000000086400000, 0x0000000086400000| Untracked 
| 101|0x0000000086500000, 0x0000000086500000, 0x0000000086600000|  0%| F|  |TAMS 0x0000000086500000, 0x0000000086500000| Untracked 
| 102|0x0000000086600000, 0x0000000086600000, 0x0000000086700000|  0%| F|  |TAMS 0x0000000086600000, 0x0000000086600000| Untracked 
| 103|0x0000000086700000, 0x0000000086700000, 0x0000000086800000|  0%| F|  |TAMS 0x0000000086700000, 0x0000000086700000| Untracked 
| 104|0x0000000086800000, 0x0000000086800000, 0x0000000086900000|  0%| F|  |TAMS 0x0000000086800000, 0x0000000086800000| Untracked 
| 105|0x0000000086900000, 0x0000000086900000, 0x0000000086a00000|  0%| F|  |TAMS 0x0000000086900000, 0x0000000086900000| Untracked 
| 106|0x0000000086a00000, 0x0000000086a00000, 0x0000000086b00000|  0%| F|  |TAMS 0x0000000086a00000, 0x0000000086a00000| Untracked 
| 107|0x0000000086b00000, 0x0000000086b00000, 0x0000000086c00000|  0%| F|  |TAMS 0x0000000086b00000, 0x0000000086b00000| Untracked 
| 108|0x0000000086c00000, 0x0000000086c00000, 0x0000000086d00000|  0%| F|  |TAMS 0x0000000086c00000, 0x0000000086c00000| Untracked 
| 109|0x0000000086d00000, 0x0000000086d00000, 0x0000000086e00000|  0%| F|  |TAMS 0x0000000086d00000, 0x0000000086d00000| Untracked 
| 110|0x0000000086e00000, 0x0000000086e00000, 0x0000000086f00000|  0%| F|  |TAMS 0x0000000086e00000, 0x0000000086e00000| Untracked 
| 111|0x0000000086f00000, 0x0000000086f00000, 0x0000000087000000|  0%| F|  |TAMS 0x0000000086f00000, 0x0000000086f00000| Untracked 
| 112|0x0000000087000000, 0x0000000087000000, 0x0000000087100000|  0%| F|  |TAMS 0x0000000087000000, 0x0000000087000000| Untracked 
| 113|0x0000000087100000, 0x0000000087100000, 0x0000000087200000|  0%| F|  |TAMS 0x0000000087100000, 0x0000000087100000| Untracked 
| 114|0x0000000087200000, 0x0000000087200000, 0x0000000087300000|  0%| F|  |TAMS 0x0000000087200000, 0x0000000087200000| Untracked 
| 115|0x0000000087300000, 0x0000000087300000, 0x0000000087400000|  0%| F|  |TAMS 0x0000000087300000, 0x0000000087300000| Untracked 
| 116|0x0000000087400000, 0x0000000087400000, 0x0000000087500000|  0%| F|  |TAMS 0x0000000087400000, 0x0000000087400000| Untracked 
| 117|0x0000000087500000, 0x0000000087500000, 0x0000000087600000|  0%| F|  |TAMS 0x0000000087500000, 0x0000000087500000| Untracked 
| 118|0x0000000087600000, 0x0000000087600000, 0x0000000087700000|  0%| F|  |TAMS 0x0000000087600000, 0x0000000087600000| Untracked 
| 119|0x0000000087700000, 0x0000000087700000, 0x0000000087800000|  0%| F|  |TAMS 0x0000000087700000, 0x0000000087700000| Untracked 

Card table byte_map: [0x000001fc67870000,0x000001fc67c70000] _byte_map_base: 0x000001fc67470000

Marking Bits (Prev, Next): (CMBitMap*) 0x000001fc4f7e0340, (CMBitMap*) 0x000001fc4f7e0308
 Prev Bits: [0x000001fc6a070000, 0x000001fc6c070000)
 Next Bits: [0x000001fc68070000, 0x000001fc6a070000)

Polling page: 0x000001fc4d740000

Metaspace:

Usage:
  Non-class:     27.64 MB capacity,    27.23 MB ( 99%) used,   341.78 KB (  1%) free+waste,    75.31 KB ( <1%) overhead. 
      Class:      4.37 MB capacity,     4.10 MB ( 94%) used,   247.73 KB (  6%) free+waste,    37.69 KB ( <1%) overhead. 
       Both:     32.01 MB capacity,    31.33 MB ( 98%) used,   589.51 KB (  2%) free+waste,   113.00 KB ( <1%) overhead. 

Virtual space:
  Non-class space:       40.00 MB reserved,      27.67 MB ( 69%) committed 
      Class space:      504.00 MB reserved,       4.38 MB ( <1%) committed 
             Both:      544.00 MB reserved,      32.05 MB (  6%) committed 

Chunk freelists:
   Non-Class:  32.00 KB
       Class:  1.00 KB
        Both:  33.00 KB

MaxMetaspaceSize: 512.00 MB
CompressedClassSpaceSize: 504.00 MB
Initial GC threshold: 20.80 MB
Current GC threshold: 35.40 MB
CDS: off

CodeHeap 'non-profiled nmethods': size=120000Kb used=1372Kb max_used=1372Kb free=118627Kb
 bounds [0x000001fc5f9e0000, 0x000001fc5fc50000, 0x000001fc66f10000]
CodeHeap 'profiled nmethods': size=120000Kb used=6149Kb max_used=6149Kb free=113850Kb
 bounds [0x000001fc584b0000, 0x000001fc58ac0000, 0x000001fc5f9e0000]
CodeHeap 'non-nmethods': size=5760Kb used=1241Kb max_used=1271Kb free=4518Kb
 bounds [0x000001fc57f10000, 0x000001fc58180000, 0x000001fc584b0000]
 total_blobs=3361 nmethods=2839 adapters=434
 compilation: enabled
              stopped_count=0, restarted_count=0
 full_count=0

Compilation events (20 events):
Event: 53.624 Thread 0x000001fc6ece4000 nmethod 2804 0x000001fc58a95510 code [0x000001fc58a95be0, 0x000001fc58a983a8]
Event: 53.624 Thread 0x000001fc6ece4000 2805       3       org.objectweb.asm.Handler::putExceptionTable (63 bytes)
Event: 53.625 Thread 0x000001fc6ece4000 nmethod 2805 0x000001fc58a99710 code [0x000001fc58a99940, 0x000001fc58a99da8]
Event: 53.625 Thread 0x000001fc6ece4000 2801       3       org.gradle.internal.instantiation.generator.AbstractClassGenerator$PropertyMetadata::findAnnotation (22 bytes)
Event: 53.627 Thread 0x000001fc6ece4000 nmethod 2801 0x000001fc58a9a090 code [0x000001fc58a9a3c0, 0x000001fc58a9b7e8]
Event: 53.627 Thread 0x000001fc6ece4000 2802       3       org.gradle.internal.instantiation.generator.AbstractClassGenerator$PropertyMetadata$$Lambda$104/0x000000010021d840::get$Lambda (10 bytes)
Event: 53.627 Thread 0x000001fc6ece4000 nmethod 2802 0x000001fc58a9bf10 code [0x000001fc58a9c0e0, 0x000001fc58a9c398]
Event: 53.635 Thread 0x000001fc6ece4000 2806       3       java.util.AbstractCollection::toArray (70 bytes)
Event: 53.636 Thread 0x000001fc6ece4000 nmethod 2806 0x000001fc58a9c490 code [0x000001fc58a9c6e0, 0x000001fc58a9d008]
Event: 53.643 Thread 0x000001fc6ece4000 2807       3       java.lang.ThreadLocal$ThreadLocalMap::set (136 bytes)
Event: 53.644 Thread 0x000001fc6ece4000 nmethod 2807 0x000001fc58a9d290 code [0x000001fc58a9d500, 0x000001fc58a9e088]
Event: 53.709 Thread 0x000001fc6ece4000 2809       3       java.lang.CharacterDataLatin1::isUpperCase (20 bytes)
Event: 53.709 Thread 0x000001fc6ece4000 nmethod 2809 0x000001fc58a9e490 code [0x000001fc58a9e660, 0x000001fc58a9e858]
Event: 53.709 Thread 0x000001fc6ece4000 2810       3       java.lang.CharacterDataLatin1::isOtherUppercase (18 bytes)
Event: 53.709 Thread 0x000001fc6ece4000 nmethod 2810 0x000001fc58a9e990 code [0x000001fc58a9eb60, 0x000001fc58a9ed58]
Event: 53.709 Thread 0x000001fc6ece4000 2811       3       java.lang.CharacterDataLatin1::getPropertiesEx (11 bytes)
Event: 53.709 Thread 0x000001fc6ece4000 nmethod 2811 0x000001fc58a9ee90 code [0x000001fc58a9f040, 0x000001fc58a9f178]
Event: 53.709 Thread 0x000001fc6ece4000 2812       3       org.gradle.internal.reflect.MutablePropertyDetails::getGetters (8 bytes)
Event: 53.710 Thread 0x000001fc6ece4000 nmethod 2812 0x000001fc58a9f290 code [0x000001fc58a9f4a0, 0x000001fc58a9f998]
Event: 53.710 Thread 0x000001fc6ece4000 2814       3       java.util.HashMap::putVal (300 bytes)

GC Heap History (10 events):
Event: 3.756 GC heap before
{Heap before GC invocations=0 (full 0):
 garbage-first heap   total 122880K, used 27648K [0x0000000080000000, 0x0000000100000000)
  region size 1024K, 24 young (24576K), 0 survivors (0K)
 Metaspace       used 10141K, capacity 10395K, committed 10624K, reserved 526336K
  class space    used 1030K, capacity 1106K, committed 1152K, reserved 516096K
}
Event: 3.843 GC heap after
{Heap after GC invocations=1 (full 0):
 garbage-first heap   total 122880K, used 10576K [0x0000000080000000, 0x0000000100000000)
  region size 1024K, 3 young (3072K), 3 survivors (3072K)
 Metaspace       used 10141K, capacity 10395K, committed 10624K, reserved 526336K
  class space    used 1030K, capacity 1106K, committed 1152K, reserved 516096K
}
Event: 34.654 GC heap before
{Heap before GC invocations=1 (full 0):
 garbage-first heap   total 122880K, used 81232K [0x0000000080000000, 0x0000000100000000)
  region size 1024K, 72 young (73728K), 3 survivors (3072K)
 Metaspace       used 18306K, capacity 18685K, committed 18944K, reserved 534528K
  class space    used 2083K, capacity 2210K, committed 2304K, reserved 516096K
}
Event: 34.824 GC heap after
{Heap after GC invocations=2 (full 0):
 garbage-first heap   total 122880K, used 17685K [0x0000000080000000, 0x0000000100000000)
  region size 1024K, 9 young (9216K), 9 survivors (9216K)
 Metaspace       used 18306K, capacity 18685K, committed 18944K, reserved 534528K
  class space    used 2083K, capacity 2210K, committed 2304K, reserved 516096K
}
Event: 39.094 GC heap before
{Heap before GC invocations=2 (full 0):
 garbage-first heap   total 122880K, used 35093K [0x0000000080000000, 0x0000000100000000)
  region size 1024K, 27 young (27648K), 9 survivors (9216K)
 Metaspace       used 20755K, capacity 21134K, committed 21296K, reserved 536576K
  class space    used 2440K, capacity 2608K, committed 2688K, reserved 516096K
}
Event: 39.114 GC heap after
{Heap after GC invocations=3 (full 0):
 garbage-first heap   total 122880K, used 18848K [0x0000000080000000, 0x0000000100000000)
  region size 1024K, 1 young (1024K), 1 survivors (1024K)
 Metaspace       used 20755K, capacity 21134K, committed 21296K, reserved 536576K
  class space    used 2440K, capacity 2608K, committed 2688K, reserved 516096K
}
Event: 47.853 GC heap before
{Heap before GC invocations=4 (full 0):
 garbage-first heap   total 122880K, used 61856K [0x0000000080000000, 0x0000000100000000)
  region size 1024K, 43 young (44032K), 1 survivors (1024K)
 Metaspace       used 24957K, capacity 25554K, committed 25776K, reserved 538624K
  class space    used 3109K, capacity 3318K, committed 3328K, reserved 516096K
}
Event: 47.858 GC heap after
{Heap after GC invocations=5 (full 0):
 garbage-first heap   total 122880K, used 20314K [0x0000000080000000, 0x0000000100000000)
  region size 1024K, 3 young (3072K), 3 survivors (3072K)
 Metaspace       used 24957K, capacity 25554K, committed 25776K, reserved 538624K
  class space    used 3109K, capacity 3318K, committed 3328K, reserved 516096K
}
Event: 52.346 GC heap before
{Heap before GC invocations=5 (full 0):
 garbage-first heap   total 122880K, used 68442K [0x0000000080000000, 0x0000000100000000)
  region size 1024K, 50 young (51200K), 3 survivors (3072K)
 Metaspace       used 29690K, capacity 30391K, committed 30512K, reserved 542720K
  class space    used 3844K, capacity 4128K, committed 4224K, reserved 516096K
}
Event: 52.354 GC heap after
{Heap after GC invocations=6 (full 0):
 garbage-first heap   total 122880K, used 21964K [0x0000000080000000, 0x0000000100000000)
  region size 1024K, 4 young (4096K), 4 survivors (4096K)
 Metaspace       used 29690K, capacity 30391K, committed 30512K, reserved 542720K
  class space    used 3844K, capacity 4128K, committed 4224K, reserved 516096K
}

Deoptimization events (20 events):
Event: 50.966 Thread 0x000001fc7044d000 DEOPT PACKING pc=0x000001fc588aa9f9 sp=0x0000007a71cf7eb0
Event: 50.966 Thread 0x000001fc7044d000 DEOPT UNPACKING pc=0x000001fc57f5a95e sp=0x0000007a71cf73f8 mode 0
Event: 51.479 Thread 0x000001fc7044d000 Uncommon trap: trap_request=0xffffff4d fr.pc=0x000001fc5facd1b4 relative=0x00000000000001f4
Event: 51.479 Thread 0x000001fc7044d000 Uncommon trap: reason=unstable_if action=reinterpret pc=0x000001fc5facd1b4 method=java.util.HashMap.hash(Ljava/lang/Object;)I @ 1 c2
Event: 51.479 Thread 0x000001fc7044d000 DEOPT PACKING pc=0x000001fc5facd1b4 sp=0x0000007a71cf7b20
Event: 51.479 Thread 0x000001fc7044d000 DEOPT UNPACKING pc=0x000001fc57f5a1af sp=0x0000007a71cf7a58 mode 2
Event: 51.480 Thread 0x000001fc7044d000 Uncommon trap: trap_request=0xffffff4d fr.pc=0x000001fc5f9f802c relative=0x000000000000008c
Event: 51.480 Thread 0x000001fc7044d000 Uncommon trap: reason=unstable_if action=reinterpret pc=0x000001fc5f9f802c method=java.util.HashMap.hash(Ljava/lang/Object;)I @ 1 c2
Event: 51.480 Thread 0x000001fc7044d000 DEOPT PACKING pc=0x000001fc5f9f802c sp=0x0000007a71cf7890
Event: 51.480 Thread 0x000001fc7044d000 DEOPT UNPACKING pc=0x000001fc57f5a1af sp=0x0000007a71cf7828 mode 2
Event: 52.143 Thread 0x000001fc7044d000 Uncommon trap: trap_request=0xffffff4d fr.pc=0x000001fc5fb2617c relative=0x00000000000001bc
Event: 52.143 Thread 0x000001fc7044d000 Uncommon trap: reason=unstable_if action=reinterpret pc=0x000001fc5fb2617c method=java.util.regex.Pattern$BmpCharProperty.match(Ljava/util/regex/Matcher;ILjava/lang/CharSequence;)Z @ 39 c2
Event: 52.143 Thread 0x000001fc7044d000 DEOPT PACKING pc=0x000001fc5fb2617c sp=0x0000007a71cf95d0
Event: 52.143 Thread 0x000001fc7044d000 DEOPT UNPACKING pc=0x000001fc57f5a1af sp=0x0000007a71cf9580 mode 2
Event: 53.535 Thread 0x000001fc7044d000 DEOPT PACKING pc=0x000001fc5893b355 sp=0x0000007a71cf8d70
Event: 53.535 Thread 0x000001fc7044d000 DEOPT UNPACKING pc=0x000001fc57f5a95e sp=0x0000007a71cf8290 mode 0
Event: 53.708 Thread 0x000001fc7044d000 Uncommon trap: trap_request=0xffffff4d fr.pc=0x000001fc5fb2f5d0 relative=0x00000000000001f0
Event: 53.708 Thread 0x000001fc7044d000 Uncommon trap: reason=unstable_if action=reinterpret pc=0x000001fc5fb2f5d0 method=java.util.HashMap.putVal(ILjava/lang/Object;Ljava/lang/Object;ZZ)Ljava/lang/Object; @ 162 c2
Event: 53.708 Thread 0x000001fc7044d000 DEOPT PACKING pc=0x000001fc5fb2f5d0 sp=0x0000007a71cfa710
Event: 53.708 Thread 0x000001fc7044d000 DEOPT UNPACKING pc=0x000001fc57f5a1af sp=0x0000007a71cfa690 mode 2

Classes redefined (0 events):
No events

Internal exceptions (20 events):
Event: 42.999 Thread 0x000001fc7044d000 Exception <a 'java/lang/IncompatibleClassChangeError'{0x000000008631cb38}: Found class java.lang.Object, but interface was expected> (0x000000008631cb38) thrown at [s\src\hotspot\share\interpreter\linkResolver.cpp, line 839]
Event: 47.104 Thread 0x000001fc7044d000 Exception <a 'java/lang/NoSuchMethodError'{0x000000008528b950}: 'java.lang.Object java.lang.invoke.DirectMethodHandle$Holder.invokeVirtual(java.lang.Object, java.lang.Object, java.lang.Object, java.lang.Object)'> (0x000000008528b950) thrown at [s\src\hotspot\share\interpreter\linkResolver.cpp, line 773]
Event: 47.676 Thread 0x000001fc7044d000 Exception <a 'java/lang/NoSuchMethodError'{0x0000000084f5a280}: 'java.lang.Object java.lang.invoke.Invokers$Holder.linkToTargetMethod(java.lang.Object, java.lang.Object, java.lang.Object, java.lang.Object, java.lang.Object, java.lang.Object, java.lang.Object)'> (0x0000000084f5a280) thrown at [s\src\hotspot\share\interpreter\linkResolver.cpp, line 773]
Event: 47.826 Thread 0x000001fc7044d000 Exception <a 'java/lang/NoSuchMethodError'{0x0000000084eec608}: 'java.lang.Object java.lang.invoke.DirectMethodHandle$Holder.invokeVirtual(java.lang.Object, java.lang.Object, java.lang.Object, java.lang.Object, java.lang.Object, java.lang.Object, java.lang.Object, java.lang.Object, java.lang.Object, java.lang.Object, java.lang.Object, java.lang.Object, java.lang.Object, java.lang.Object, java.lang.Object, java.lang.Object, java.lang.Object, java.lang.Object, java.lang.Object, java.lang.Object, java.lang.Ob
Event: 48.493 Thread 0x000001fc7044d000 Exception <a 'java/lang/NoSuchMethodError'{0x00000000872bb340}: 'void java.lang.invoke.DirectMethodHandle$Holder.invokeStatic(java.lang.Object, java.lang.Object, java.lang.Object, java.lang.Object, java.lang.Object)'> (0x00000000872bb340) thrown at [s\src\hotspot\share\interpreter\linkResolver.cpp, line 773]
Event: 48.525 Thread 0x000001fc7044d000 Implicit null exception at 0x000001fc5fb0633b to 0x000001fc5fb069ae
Event: 48.933 Thread 0x000001fc7044d000 Exception <a 'java/lang/NoSuchMethodError'{0x0000000086a139e0}: 'void java.lang.invoke.DirectMethodHandle$Holder.invokeStaticInit(java.lang.Object, java.lang.Object)'> (0x0000000086a139e0) thrown at [s\src\hotspot\share\interpreter\linkResolver.cpp, line 773]
Event: 49.419 Thread 0x000001fc7044d000 Exception <a 'java/lang/NoSuchMethodError'{0x0000000086480350}: 'void java.lang.invoke.DirectMethodHandle$Holder.invokeStatic(java.lang.Object, java.lang.Object, java.lang.Object, java.lang.Object)'> (0x0000000086480350) thrown at [s\src\hotspot\share\interpreter\linkResolver.cpp, line 773]
Event: 49.424 Thread 0x000001fc7044d000 Exception <a 'java/lang/NoSuchMethodError'{0x000000008649ef50}: 'int java.lang.invoke.DirectMethodHandle$Holder.invokeVirtual(java.lang.Object, java.lang.Object)'> (0x000000008649ef50) thrown at [s\src\hotspot\share\interpreter\linkResolver.cpp, line 773]
Event: 49.455 Thread 0x000001fc7044d000 Exception <a 'java/lang/NoSuchMethodError'{0x00000000864dc240}: 'int java.lang.invoke.DirectMethodHandle$Holder.invokeVirtual(java.lang.Object, java.lang.Object, java.lang.Object)'> (0x00000000864dc240) thrown at [s\src\hotspot\share\interpreter\linkResolver.cpp, line 773]
Event: 51.066 Thread 0x000001fc7044d000 Exception <a 'java/lang/NoSuchMethodError'{0x0000000085373208}: 'java.lang.Object java.lang.invoke.DirectMethodHandle$Holder.invokeSpecialIFC(java.lang.Object, java.lang.Object, java.lang.Object, java.lang.Object)'> (0x0000000085373208) thrown at [s\src\hotspot\share\interpreter\linkResolver.cpp, line 773]
Event: 51.479 Thread 0x000001fc7044d000 Implicit null exception at 0x000001fc5faccff5 to 0x000001fc5facd1a4
Event: 51.480 Thread 0x000001fc7044d000 Implicit null exception at 0x000001fc5f9f7faf to 0x000001fc5f9f801d
Event: 52.344 Thread 0x000001fc7044d000 Exception <a 'java/lang/NoSuchMethodError'{0x00000000846f2780}: 'java.lang.Object java.lang.invoke.DirectMethodHandle$Holder.invokeSpecial(java.lang.Object, java.lang.Object, java.lang.Object, java.lang.Object, java.lang.Object, java.lang.Object, java.lang.Object, java.lang.Object, java.lang.Object, java.lang.Object, java.lang.Object, java.lang.Object, java.lang.Object)'> (0x00000000846f2780) thrown at [s\src\hotspot\share\interpreter\linkResolver.cpp, line 773]
Event: 52.356 Thread 0x000001fc7044d000 Exception <a 'java/lang/NoSuchMethodError'{0x0000000087703ca8}: 'java.lang.Object java.lang.invoke.Invokers$Holder.linkToTargetMethod(java.lang.Object, java.lang.Object, java.lang.Object, java.lang.Object, java.lang.Object, java.lang.Object, java.lang.Object, java.lang.Object, java.lang.Object, java.lang.Object, java.lang.Object)'> (0x0000000087703ca8) thrown at [s\src\hotspot\share\interpreter\linkResolver.cpp, line 773]
Event: 52.376 Thread 0x000001fc7044d000 Exception <a 'java/lang/NoSuchMethodError'{0x00000000877a81b8}: 'java.lang.Object java.lang.invoke.DirectMethodHandle$Holder.invokeSpecial(java.lang.Object, java.lang.Object, java.lang.Object, java.lang.Object, java.lang.Object, java.lang.Object, java.lang.Object, java.lang.Object, java.lang.Object, java.lang.Object, java.lang.Object, java.lang.Object, java.lang.Object, java.lang.Object)'> (0x00000000877a81b8) thrown at [s\src\hotspot\share\interpreter\linkResolver.cpp, line 773]
Event: 52.377 Thread 0x000001fc7044d000 Exception <a 'java/lang/NoSuchMethodError'{0x00000000877b9a20}: 'java.lang.Object java.lang.invoke.Invokers$Holder.linkToTargetMethod(java.lang.Object, java.lang.Object, java.lang.Object, java.lang.Object, java.lang.Object, java.lang.Object, java.lang.Object, java.lang.Object, java.lang.Object, java.lang.Object, java.lang.Object, java.lang.Object)'> (0x00000000877b9a20) thrown at [s\src\hotspot\share\interpreter\linkResolver.cpp, line 773]
Event: 52.598 Thread 0x000001fc7044d000 Exception <a 'java/lang/NoSuchMethodError'{0x00000000876e1998}: 'java.lang.Object java.lang.invoke.DirectMethodHandle$Holder.invokeStaticInit(java.lang.Object, java.lang.Object, java.lang.Object, java.lang.Object)'> (0x00000000876e1998) thrown at [s\src\hotspot\share\interpreter\linkResolver.cpp, line 773]
Event: 53.390 Thread 0x000001fc7044d000 Exception <a 'java/lang/NoSuchMethodError'{0x00000000868fc500}: 'java.lang.Object java.lang.invoke.Invokers$Holder.linkToTargetMethod(java.lang.Object, java.lang.Object, java.lang.Object, java.lang.Object, java.lang.Object, java.lang.Object, java.lang.Object, java.lang.Object)'> (0x00000000868fc500) thrown at [s\src\hotspot\share\interpreter\linkResolver.cpp, line 773]
Event: 53.413 Thread 0x000001fc7044d000 Exception <a 'java/lang/IncompatibleClassChangeError'{0x000000008677c9c0}: Found class java.lang.Object, but interface was expected> (0x000000008677c9c0) thrown at [s\src\hotspot\share\interpreter\linkResolver.cpp, line 839]

Events (20 events):
Event: 53.671 loading class org/gradle/api/internal/artifacts/JavaEcosystemAttributesDescriber
Event: 53.671 loading class org/gradle/api/internal/artifacts/JavaEcosystemAttributesDescriber done
Event: 53.683 loading class org/gradle/api/attributes/DocsType
Event: 53.683 loading class org/gradle/api/attributes/DocsType done
Event: 53.697 loading class org/gradle/api/ProjectState
Event: 53.697 loading class org/gradle/api/ProjectState done
Event: 53.698 loading class org/gradle/normalization/InputNormalizationHandler
Event: 53.698 loading class org/gradle/normalization/InputNormalizationHandler done
Event: 53.699 loading class org/gradle/api/initialization/ProjectDescriptor
Event: 53.699 loading class org/gradle/api/initialization/ProjectDescriptor done
Event: 53.701 loading class org/gradle/initialization/DefaultProjectDescriptor
Event: 53.701 loading class org/gradle/initialization/DefaultProjectDescriptor done
Event: 53.706 loading class org/gradle/initialization/ProjectDescriptorRegistry
Event: 53.706 loading class org/gradle/initialization/ProjectDescriptorRegistry done
Event: 53.707 loading class org/gradle/vcs/SourceControl
Event: 53.707 loading class org/gradle/vcs/SourceControl done
Event: 53.707 loading class org/gradle/plugin/management/PluginManagementSpec
Event: 53.707 loading class org/gradle/plugin/management/PluginManagementSpec done
Event: 53.710 loading class org/gradle/initialization/IncludedBuildSpec
Event: 53.710 loading class org/gradle/initialization/IncludedBuildSpec done


Dynamic libraries:
0x00007ff733450000 - 0x00007ff73345d000 	C:\Program Files\Microsoft\jdk-11.0.20.8-hotspot\bin\java.exe
0x00007ffbb1ad0000 - 0x00007ffbb1ce4000 	C:\WINDOWS\SYSTEM32\ntdll.dll
0x00007ffbafcc0000 - 0x00007ffbafd84000 	C:\WINDOWS\System32\KERNEL32.DLL
0x00007ffbaef70000 - 0x00007ffbaf314000 	C:\WINDOWS\System32\KERNELBASE.dll
0x00007ffbaf390000 - 0x00007ffbaf4a1000 	C:\WINDOWS\System32\ucrtbase.dll
0x00007ffb7aa50000 - 0x00007ffb7aa65000 	C:\Program Files\Microsoft\jdk-11.0.20.8-hotspot\bin\VCRUNTIME140.dll
0x00007ffb84c80000 - 0x00007ffb84c97000 	C:\Program Files\Microsoft\jdk-11.0.20.8-hotspot\bin\jli.dll
0x00007ffb964f0000 - 0x00007ffb96783000 	C:\WINDOWS\WinSxS\amd64_microsoft.windows.common-controls_6595b64144ccf1df_6.0.22621.2215_none_270d72677387dfc3\COMCTL32.dll
0x00007ffbb0440000 - 0x00007ffbb05ee000 	C:\WINDOWS\System32\USER32.dll
0x00007ffbafd90000 - 0x00007ffbafe37000 	C:\WINDOWS\System32\msvcrt.dll
0x00007ffbb19e0000 - 0x00007ffbb1a09000 	C:\WINDOWS\System32\GDI32.dll
0x00007ffbaee80000 - 0x00007ffbaeea6000 	C:\WINDOWS\System32\win32u.dll
0x00007ffbaf4b0000 - 0x00007ffbaf5c8000 	C:\WINDOWS\System32\gdi32full.dll
0x00007ffbaf740000 - 0x00007ffbaf7da000 	C:\WINDOWS\System32\msvcp_win.dll
0x00007ffbb0230000 - 0x00007ffbb0261000 	C:\WINDOWS\System32\IMM32.DLL
0x00007ffb52d30000 - 0x00007ffb52dcb000 	C:\Program Files\Microsoft\jdk-11.0.20.8-hotspot\bin\msvcp140.dll
0x00007ffb30420000 - 0x00007ffb30fb6000 	C:\Program Files\Microsoft\jdk-11.0.20.8-hotspot\bin\server\jvm.dll
0x00007ffbb1930000 - 0x00007ffbb19e0000 	C:\WINDOWS\System32\ADVAPI32.dll
0x00007ffbaf860000 - 0x00007ffbaf906000 	C:\WINDOWS\System32\sechost.dll
0x00007ffbafe40000 - 0x00007ffbaff57000 	C:\WINDOWS\System32\RPCRT4.dll
0x00007ffbb1300000 - 0x00007ffbb1308000 	C:\WINDOWS\System32\PSAPI.DLL
0x00007ffb84b80000 - 0x00007ffb84b89000 	C:\WINDOWS\SYSTEM32\WSOCK32.dll
0x00007ffbb1a10000 - 0x00007ffbb1a81000 	C:\WINDOWS\System32\WS2_32.dll
0x00007ffba72d0000 - 0x00007ffba7304000 	C:\WINDOWS\SYSTEM32\WINMM.dll
0x00007ffbabf70000 - 0x00007ffbabf7a000 	C:\WINDOWS\SYSTEM32\VERSION.dll
0x00007ffbadf40000 - 0x00007ffbadf58000 	C:\WINDOWS\SYSTEM32\kernel.appcore.dll
0x00007ffbacb80000 - 0x00007ffbacb90000 	C:\Program Files\Microsoft\jdk-11.0.20.8-hotspot\bin\verify.dll
0x00007ffbac800000 - 0x00007ffbaca2e000 	C:\WINDOWS\SYSTEM32\DBGHELP.DLL
0x00007ffbaf910000 - 0x00007ffbafc9a000 	C:\WINDOWS\System32\combase.dll
0x00007ffbb1220000 - 0x00007ffbb12f7000 	C:\WINDOWS\System32\OLEAUT32.dll
0x00007ffb91840000 - 0x00007ffb91872000 	C:\WINDOWS\SYSTEM32\dbgcore.DLL
0x00007ffbaf7e0000 - 0x00007ffbaf85a000 	C:\WINDOWS\System32\bcryptPrimitives.dll
0x00007ffb7aa70000 - 0x00007ffb7aa98000 	C:\Program Files\Microsoft\jdk-11.0.20.8-hotspot\bin\java.dll
0x00007ffba0b60000 - 0x00007ffba0b6a000 	C:\Program Files\Microsoft\jdk-11.0.20.8-hotspot\bin\jimage.dll
0x00007ffb84c00000 - 0x00007ffb84c18000 	C:\Program Files\Microsoft\jdk-11.0.20.8-hotspot\bin\zip.dll
0x00007ffbb0940000 - 0x00007ffbb1163000 	C:\WINDOWS\System32\SHELL32.dll
0x00007ffbacdd0000 - 0x00007ffbad6ba000 	C:\WINDOWS\SYSTEM32\windows.storage.dll
0x00007ffbacc90000 - 0x00007ffbacdce000 	C:\WINDOWS\SYSTEM32\wintypes.dll
0x00007ffbb0770000 - 0x00007ffbb0863000 	C:\WINDOWS\System32\SHCORE.dll
0x00007ffbb0710000 - 0x00007ffbb076e000 	C:\WINDOWS\System32\shlwapi.dll
0x00007ffbaedb0000 - 0x00007ffbaedd6000 	C:\WINDOWS\SYSTEM32\profapi.dll
0x00007ffb84b90000 - 0x00007ffb84ba9000 	C:\Program Files\Microsoft\jdk-11.0.20.8-hotspot\bin\net.dll
0x00007ffba89b0000 - 0x00007ffba8ae7000 	C:\WINDOWS\SYSTEM32\WINHTTP.dll
0x00007ffbae420000 - 0x00007ffbae489000 	C:\WINDOWS\system32\mswsock.dll
0x00007ffb81bb0000 - 0x00007ffb81bc3000 	C:\Program Files\Microsoft\jdk-11.0.20.8-hotspot\bin\nio.dll
0x00007ffb6c1f0000 - 0x00007ffb6c217000 	C:\Users\Danisa\.gradle\native\68d5fa5c4cc2d200863cafc0d521ce42e7d3e7ee720ec0a83991735586a16f82\windows-amd64\native-platform.dll
0x00007ffb3c790000 - 0x00007ffb3c8d4000 	C:\Users\Danisa\.gradle\native\e376f236ea51e6404a007f0833ffe2c6e607c4080706a723a18a27aeea778392\windows-amd64\native-platform-file-events.dll
0x00007ffb9e6d0000 - 0x00007ffb9e6d9000 	C:\Program Files\Microsoft\jdk-11.0.20.8-hotspot\bin\management.dll
0x00007ffb9d5a0000 - 0x00007ffb9d5ab000 	C:\Program Files\Microsoft\jdk-11.0.20.8-hotspot\bin\management_ext.dll
0x00007ffbae690000 - 0x00007ffbae6ab000 	C:\WINDOWS\SYSTEM32\CRYPTSP.dll
0x00007ffbadf00000 - 0x00007ffbadf35000 	C:\WINDOWS\system32\rsaenh.dll
0x00007ffbae530000 - 0x00007ffbae55c000 	C:\WINDOWS\SYSTEM32\USERENV.dll
0x00007ffbae850000 - 0x00007ffbae878000 	C:\WINDOWS\SYSTEM32\bcrypt.dll
0x00007ffbae6b0000 - 0x00007ffbae6bc000 	C:\WINDOWS\SYSTEM32\CRYPTBASE.dll
0x00007ffbad990000 - 0x00007ffbad9bd000 	C:\WINDOWS\SYSTEM32\IPHLPAPI.DLL
0x00007ffbb0700000 - 0x00007ffbb0709000 	C:\WINDOWS\System32\NSI.dll
0x00007ffba7510000 - 0x00007ffba7529000 	C:\WINDOWS\SYSTEM32\dhcpcsvc6.DLL
0x00007ffba72b0000 - 0x00007ffba72cf000 	C:\WINDOWS\SYSTEM32\dhcpcsvc.DLL
0x00007ffbada00000 - 0x00007ffbadaf2000 	C:\WINDOWS\SYSTEM32\DNSAPI.dll

dbghelp: loaded successfully - version: 4.0.5 - missing functions: none
symbol engine: initialized successfully - sym options: 0x614 - pdb path: .;C:\Program Files\Microsoft\jdk-11.0.20.8-hotspot\bin;C:\WINDOWS\SYSTEM32;C:\WINDOWS\WinSxS\amd64_microsoft.windows.common-controls_6595b64144ccf1df_6.0.22621.2215_none_270d72677387dfc3;C:\Program Files\Microsoft\jdk-11.0.20.8-hotspot\bin\server;C:\Users\Danisa\.gradle\native\68d5fa5c4cc2d200863cafc0d521ce42e7d3e7ee720ec0a83991735586a16f82\windows-amd64;C:\Users\Danisa\.gradle\native\e376f236ea51e6404a007f0833ffe2c6e607c4080706a723a18a27aeea778392\windows-amd64

VM Arguments:
jvm_args: -XX:MaxMetaspaceSize=512m --add-opens=java.base/java.util=ALL-UNNAMED --add-opens=java.base/java.lang=ALL-UNNAMED --add-opens=java.base/java.lang.invoke=ALL-UNNAMED --add-opens=java.prefs/java.util.prefs=ALL-UNNAMED --add-opens=java.base/java.nio.charset=ALL-UNNAMED --add-opens=java.base/java.net=ALL-UNNAMED --add-opens=java.base/java.util.concurrent.atomic=ALL-UNNAMED -Xmx2048m -Dfile.encoding=windows-1252 -Duser.country=ID -Duser.language=en -Duser.variant 
java_command: org.gradle.launcher.daemon.bootstrap.GradleDaemon 8.0.1
java_class_path (initial): C:\Users\Danisa\.gradle\wrapper\dists\gradle-8.0.1-all\aro4hu1c3oeioove7l0i4i14o\gradle-8.0.1\lib\gradle-launcher-8.0.1.jar
Launcher Type: SUN_STANDARD

[Global flags]
     intx CICompilerCount                          = 4                                         {product} {ergonomic}
   size_t CompressedClassSpaceSize                 = 528482304                                 {product} {ergonomic}
     uint ConcGCThreads                            = 3                                         {product} {ergonomic}
     uint G1ConcRefinementThreads                  = 10                                        {product} {ergonomic}
   size_t G1HeapRegionSize                         = 1048576                                   {product} {ergonomic}
    uintx GCDrainStackTargetSize                   = 64                                        {product} {ergonomic}
   size_t InitialHeapSize                          = 125829120                                 {product} {ergonomic}
   size_t MarkStackSize                            = 4194304                                   {product} {ergonomic}
   size_t MaxHeapSize                              = 2147483648                                {product} {command line}
   size_t MaxMetaspaceSize                         = 536870912                                 {product} {command line}
   size_t MaxNewSize                               = 1287651328                                {product} {ergonomic}
   size_t MinHeapDeltaBytes                        = 1048576                                   {product} {ergonomic}
    uintx NonNMethodCodeHeapSize                   = 5836300                                {pd product} {ergonomic}
    uintx NonProfiledCodeHeapSize                  = 122910970                              {pd product} {ergonomic}
    uintx ProfiledCodeHeapSize                     = 122910970                              {pd product} {ergonomic}
    uintx ReservedCodeCacheSize                    = 251658240                              {pd product} {ergonomic}
     bool SegmentedCodeCache                       = true                                      {product} {ergonomic}
     bool UseCompressedClassPointers               = true                                 {lp64_product} {ergonomic}
     bool UseCompressedOops                        = true                                 {lp64_product} {ergonomic}
     bool UseG1GC                                  = true                                      {product} {ergonomic}
     bool UseLargePagesIndividualAllocation        = false                                  {pd product} {ergonomic}

Logging:
Log output configuration:
 #0: stdout all=warning uptime,level,tags
 #1: stderr all=off uptime,level,tags

Environment Variables:
JAVA_HOME=C:\Program Files\Microsoft\jdk-11.0.20.8-hotspot\
CLASSPATH=D:\mas aldo\mobile-app\banksampah\android\\gradle\wrapper\gradle-wrapper.jar
PATH=D:\mas aldo\mobile-app\banksampah\node_modules\.bin;D:\mas aldo\mobile-app\banksampah\node_modules\.bin;D:\mas aldo\mobile-app\node_modules\.bin;D:\mas aldo\node_modules\.bin;D:\node_modules\.bin;C:\Users\Danisa\AppData\Roaming\npm\node_modules\npm\node_modules\@npmcli\run-script\lib\node-gyp-bin;D:\mas aldo\mobile-app\banksampah\node_modules\.bin;D:\mas aldo\mobile-app\node_modules\.bin;D:\mas aldo\node_modules\.bin;D:\node_modules\.bin;C:\Users\Danisa\AppData\Roaming\npm\node_modules\npm\node_modules\@npmcli\run-script\lib\node-gyp-bin;C:\Program Files\Microsoft\jdk-11.0.20.8-hotspot\bin;C:\Python311\Scripts\;C:\Python311\;C:\WINDOWS\system32;C:\WINDOWS;C:\WINDOWS\System32\Wbem;C:\WINDOWS\System32\WindowsPowerShell\v1.0\;C:\WINDOWS\System32\OpenSSH\;C:\Users\Danisa\AppData\Roaming\nvm;C:\Program Files\nodejs;C:\ProgramData\chocolatey\bin;D:\dhanissa\cmd;C:\Program Files\Docker\Docker\resources\bin;D:\dhanissa\nodejs\;C:\Program Files\Microsoft\jdk-11.0.20.8-hotspot\bin;C:\Python311\Scripts\;C:\Python311\;C:\WINDOWS\system32;C:\WINDOWS;C:\WINDOWS\System32\Wbem;C:\WINDOWS\System32\WindowsPowerShell\v1.0\;C:\WINDOWS\System32\OpenSSH\;C:\Users\Danisa\AppData\Roaming\nvm;C:\Program Files\nodejs;C:\ProgramData\chocolatey\bin;D:\dhanissa\cmd;C:\Program Files\Docker\Docker\resources\bin;D:\dhanissa\nodejs\;D:\software\Android\Sdk\tools\bin;D:\software\Android\Sdk\platform-tools;
USERNAME=Danisa
LANG=en_US.UTF-8
OS=Windows_NT
PROCESSOR_IDENTIFIER=AMD64 Family 25 Model 80 Stepping 0, AuthenticAMD
TMP=C:\Users\Danisa\AppData\Local\Temp
TEMP=C:\Users\Danisa\AppData\Local\Temp



---------------  S Y S T E M  ---------------

OS: Windows 11 , 64 bit Build 22621 (10.0.22621.2215)
OS uptime: 2 days 15:47 hours
Hyper-V role detected

CPU:total 12 (initial active 12) (12 cores per cpu, 2 threads per core) family 25 model 80 stepping 0 microcode 0x0, cmov, cx8, fxsr, mmx, sse, sse2, sse3, ssse3, sse4.1, sse4.2, popcnt, avx, avx2, aes, clmul, erms, mmxext, 3dnowpref, lzcnt, sse4a, ht, tsc, tscinvbit, tscinv, bmi1, bmi2, adx, sha, fma

Memory: 4k page, system-wide physical 7583M (8M free)
TotalPageFile size 24672M (AvailPageFile size 25M)
current process WorkingSet (physical memory assigned to process): 137M, peak: 145M
current process commit charge ("private bytes"): 274M, peak: 275M

vm_info: OpenJDK 64-Bit Server VM (11.0.20+8-LTS) for windows-amd64 JRE (11.0.20+8-LTS), built on Jul  7 2023 17:05:21 by "MicrosoftCorporation" with MS VC++ 15.9 (VS2017)

END.
