#
# There is insufficient memory for the Java Runtime Environment to continue.
# Native memory allocation (malloc) failed to allocate 460896 bytes for Chunk::new
# Possible reasons:
#   The system is out of physical RAM or swap space
#   The process is running with CompressedOops enabled, and the Java Heap may be blocking the growth of the native heap
# Possible solutions:
#   Reduce memory load on the system
#   Increase physical memory or swap space
#   Check if swap backing store is full
#   Decrease Java heap size (-Xmx/-Xms)
#   Decrease number of Java threads
#   Decrease Java thread stack sizes (-Xss)
#   Set larger code cache with -XX:ReservedCodeCacheSize=
#   JVM is running with Unscaled Compressed Oops mode in which the Java heap is
#     placed in the first 4GB address space. The Java Heap base address is the
#     maximum limit for the native heap growth. Please use -XX:HeapBaseMinAddress
#     to set the Java Heap base and to place the Java Heap above 4GB virtual address.
# This output file may be truncated or incomplete.
#
#  Out of Memory Error (arena.cpp:197), pid=7764, tid=4124
#
# JRE version: OpenJDK Runtime Environment Microsoft-8035250 (11.0.20+8) (build 11.0.20+8-LTS)
# Java VM: OpenJDK 64-Bit Server VM Microsoft-8035250 (11.0.20+8-LTS, mixed mode, tiered, compressed oops, g1 gc, windows-amd64)
# No core dump will be written. Minidumps are not enabled by default on client versions of Windows
#

---------------  S U M M A R Y ------------

Command Line: -XX:MaxMetaspaceSize=512m --add-opens=java.base/java.util=ALL-UNNAMED --add-opens=java.base/java.lang=ALL-UNNAMED --add-opens=java.base/java.lang.invoke=ALL-UNNAMED --add-opens=java.prefs/java.util.prefs=ALL-UNNAMED --add-opens=java.base/java.nio.charset=ALL-UNNAMED --add-opens=java.base/java.net=ALL-UNNAMED --add-opens=java.base/java.util.concurrent.atomic=ALL-UNNAMED -Xmx2048m -Dfile.encoding=windows-1252 -Duser.country=ID -Duser.language=en -Duser.variant org.gradle.launcher.daemon.bootstrap.GradleDaemon 8.0.1

Host: AMD Ryzen 5 5600H with Radeon Graphics         , 12 cores, 7G,  Windows 11 , 64 bit Build 22621 (10.0.22621.2215)
Time: Sat Sep 30 13:47:43 2023 SE Asia Standard Time elapsed time: 53.017896 seconds (0d 0h 0m 53s)

---------------  T H R E A D  ---------------

Current thread (0x000001d3293ff000):  JavaThread "C2 CompilerThread0" daemon [_thread_in_native, id=4124, stack(0x0000002c75300000,0x0000002c75400000)]


Current CompileTask:
C2:  53018 3793       4       org.codehaus.groovy.runtime.metaclass.MetaMethodIndex::addMethodToList (131 bytes)

Stack: [0x0000002c75300000,0x0000002c75400000]
Native frames: (J=compiled Java code, j=interpreted, Vv=VM code, C=native code)
V  [jvm.dll+0x62e9da]
V  [jvm.dll+0x7bc4e9]
V  [jvm.dll+0x7bdbd8]
V  [jvm.dll+0x7be2b3]
V  [jvm.dll+0x2505a8]
V  [jvm.dll+0xc263c]
V  [jvm.dll+0xc2bfc]
V  [jvm.dll+0x2c56a4]
V  [jvm.dll+0x536a1c]
V  [jvm.dll+0x209056]
V  [jvm.dll+0x20aebc]
V  [jvm.dll+0x20881b]
V  [jvm.dll+0x18a7de]
V  [jvm.dll+0x2181ec]
V  [jvm.dll+0x21642b]
V  [jvm.dll+0x77efc0]
V  [jvm.dll+0x777db4]
V  [jvm.dll+0x62d845]
C  [ucrtbase.dll+0x29363]
C  [KERNEL32.DLL+0x1257d]
C  [ntdll.dll+0x5aa68]


---------------  P R O C E S S  ---------------

Threads class SMR info:
_java_thread_list=0x000001d32e740a80, length=36, elements={
0x000001d309e2f000, 0x000001d3293eb000, 0x000001d3293ed000, 0x000001d329d73000,
0x000001d3293fb000, 0x000001d3293fc800, 0x000001d3293ff000, 0x000001d329407000,
0x000001d329409000, 0x000001d329eb0800, 0x000001d32b4a5000, 0x000001d32b143800,
0x000001d32ae2e800, 0x000001d32adc9800, 0x000001d32aebb000, 0x000001d32ab1f000,
0x000001d32af13800, 0x000001d32b82b800, 0x000001d32b5f1000, 0x000001d32a017800,
0x000001d32a01d800, 0x000001d32a019800, 0x000001d32a01e000, 0x000001d32a01c800,
0x000001d32a01b000, 0x000001d32a01a000, 0x000001d32a01c000, 0x000001d32a018800,
0x000001d32aa94800, 0x000001d32aa93800, 0x000001d32aa93000, 0x000001d32aa97000,
0x000001d32aa9b000, 0x000001d32aa99800, 0x000001d32aa98000, 0x000001d32aa98800
}

Java Threads: ( => current thread )
  0x000001d309e2f000 JavaThread "main" [_thread_blocked, id=13380, stack(0x0000002c74700000,0x0000002c74800000)]
  0x000001d3293eb000 JavaThread "Reference Handler" daemon [_thread_blocked, id=7860, stack(0x0000002c74e00000,0x0000002c74f00000)]
  0x000001d3293ed000 JavaThread "Finalizer" daemon [_thread_blocked, id=10816, stack(0x0000002c74f00000,0x0000002c75000000)]
  0x000001d329d73000 JavaThread "Signal Dispatcher" daemon [_thread_blocked, id=19300, stack(0x0000002c75000000,0x0000002c75100000)]
  0x000001d3293fb000 JavaThread "Attach Listener" daemon [_thread_blocked, id=10092, stack(0x0000002c75100000,0x0000002c75200000)]
  0x000001d3293fc800 JavaThread "Service Thread" daemon [_thread_blocked, id=7552, stack(0x0000002c75200000,0x0000002c75300000)]
=>0x000001d3293ff000 JavaThread "C2 CompilerThread0" daemon [_thread_in_native, id=4124, stack(0x0000002c75300000,0x0000002c75400000)]
  0x000001d329407000 JavaThread "C1 CompilerThread0" daemon [_thread_in_native, id=10568, stack(0x0000002c75400000,0x0000002c75500000)]
  0x000001d329409000 JavaThread "Sweeper thread" daemon [_thread_blocked, id=14572, stack(0x0000002c75500000,0x0000002c75600000)]
  0x000001d329eb0800 JavaThread "Common-Cleaner" daemon [_thread_blocked, id=22736, stack(0x0000002c75600000,0x0000002c75700000)]
  0x000001d32b4a5000 JavaThread "Daemon health stats" [_thread_blocked, id=13180, stack(0x0000002c75900000,0x0000002c75a00000)]
  0x000001d32b143800 JavaThread "Incoming local TCP Connector on port 53095" [_thread_in_native, id=18588, stack(0x0000002c75a00000,0x0000002c75b00000)]
  0x000001d32ae2e800 JavaThread "Daemon periodic checks" [_thread_blocked, id=20624, stack(0x0000002c75b00000,0x0000002c75c00000)]
  0x000001d32adc9800 JavaThread "Daemon" [_thread_blocked, id=8616, stack(0x0000002c75c00000,0x0000002c75d00000)]
  0x000001d32aebb000 JavaThread "Handler for socket connection from /127.0.0.1:53095 to /127.0.0.1:53104" [_thread_in_native, id=6916, stack(0x0000002c75d00000,0x0000002c75e00000)]
  0x000001d32ab1f000 JavaThread "Cancel handler" [_thread_blocked, id=3612, stack(0x0000002c75e00000,0x0000002c75f00000)]
  0x000001d32af13800 JavaThread "Daemon worker" [_thread_in_vm, id=10520, stack(0x0000002c75f00000,0x0000002c76000000)]
  0x000001d32b82b800 JavaThread "Asynchronous log dispatcher for DefaultDaemonConnection: socket connection from /127.0.0.1:53095 to /127.0.0.1:53104" [_thread_blocked, id=9548, stack(0x0000002c76000000,0x0000002c76100000)]
  0x000001d32b5f1000 JavaThread "Stdin handler" [_thread_blocked, id=22084, stack(0x0000002c76100000,0x0000002c76200000)]
  0x000001d32a017800 JavaThread "Daemon client event forwarder" [_thread_blocked, id=20040, stack(0x0000002c76200000,0x0000002c76300000)]
  0x000001d32a01d800 JavaThread "Cache worker for journal cache (C:\Users\Danisa\.gradle\caches\journal-1)" [_thread_blocked, id=19664, stack(0x0000002c76f00000,0x0000002c77000000)]
  0x000001d32a019800 JavaThread "File lock request listener" [_thread_in_native, id=23144, stack(0x0000002c77000000,0x0000002c77100000)]
  0x000001d32a01e000 JavaThread "File lock release action executor" [_thread_blocked, id=26652, stack(0x0000002c77100000,0x0000002c77200000)]
  0x000001d32a01c800 JavaThread "Cache worker for file hash cache (C:\Users\Danisa\.gradle\caches\8.0.1\fileHashes)" [_thread_blocked, id=26680, stack(0x0000002c77200000,0x0000002c77300000)]
  0x000001d32a01b000 JavaThread "File watcher server" daemon [_thread_in_native, id=27136, stack(0x0000002c77300000,0x0000002c77400000)]
  0x000001d32a01a000 JavaThread "File watcher consumer" daemon [_thread_blocked, id=27152, stack(0x0000002c77400000,0x0000002c77500000)]
  0x000001d32a01c000 JavaThread "Cache worker for checksums cache (D:\mas aldo\mobile-app\banksampah\android\.gradle\8.0.1\checksums)" [_thread_blocked, id=27212, stack(0x0000002c77500000,0x0000002c77600000)]
  0x000001d32a018800 JavaThread "Cache worker for cache directory md-rule (C:\Users\Danisa\.gradle\caches\8.0.1\md-rule)" [_thread_blocked, id=27232, stack(0x0000002c77600000,0x0000002c77700000)]
  0x000001d32aa94800 JavaThread "Cache worker for file content cache (C:\Users\Danisa\.gradle\caches\8.0.1\fileContent)" [_thread_blocked, id=27244, stack(0x0000002c77700000,0x0000002c77800000)]
  0x000001d32aa93800 JavaThread "Cache worker for file hash cache (D:\mas aldo\mobile-app\banksampah\android\.gradle\8.0.1\fileHashes)" [_thread_blocked, id=27472, stack(0x0000002c77800000,0x0000002c77900000)]
  0x000001d32aa93000 JavaThread "Cache worker for cache directory md-supplier (C:\Users\Danisa\.gradle\caches\8.0.1\md-supplier)" [_thread_blocked, id=27476, stack(0x0000002c77900000,0x0000002c77a00000)]
  0x000001d32aa97000 JavaThread "Cache worker for execution history cache (C:\Users\Danisa\.gradle\caches\8.0.1\executionHistory)" [_thread_blocked, id=27488, stack(0x0000002c77a00000,0x0000002c77b00000)]
  0x000001d32aa9b000 JavaThread "jar transforms" [_thread_blocked, id=26984, stack(0x0000002c77b00000,0x0000002c77c00000)]
  0x000001d32aa99800 JavaThread "jar transforms Thread 2" [_thread_blocked, id=27404, stack(0x0000002c77c00000,0x0000002c77d00000)]
  0x000001d32aa98000 JavaThread "jar transforms Thread 3" [_thread_blocked, id=27328, stack(0x0000002c77d00000,0x0000002c77e00000)]
  0x000001d32aa98800 JavaThread "jar transforms Thread 4" [_thread_blocked, id=23240, stack(0x0000002c77e00000,0x0000002c77f00000)]

Other Threads:
  0x000001d3293d6000 VMThread "VM Thread" [stack: 0x0000002c74d00000,0x0000002c74e00000] [id=5100]
  0x000001d329ef0000 WatcherThread [stack: 0x0000002c75700000,0x0000002c75800000] [id=19944]
  0x000001d309e47800 GCTaskThread "GC Thread#0" [stack: 0x0000002c74800000,0x0000002c74900000] [id=19888]
  0x000001d32a63f000 GCTaskThread "GC Thread#1" [stack: 0x0000002c75800000,0x0000002c75900000] [id=1556]
  0x000001d32c3e3800 GCTaskThread "GC Thread#2" [stack: 0x0000002c76300000,0x0000002c76400000] [id=14376]
  0x000001d32b651800 GCTaskThread "GC Thread#3" [stack: 0x0000002c76400000,0x0000002c76500000] [id=13756]
  0x000001d32a073800 GCTaskThread "GC Thread#4" [stack: 0x0000002c76500000,0x0000002c76600000] [id=5492]
  0x000001d32aa2b000 GCTaskThread "GC Thread#5" [stack: 0x0000002c76600000,0x0000002c76700000] [id=6844]
  0x000001d32a026800 GCTaskThread "GC Thread#6" [stack: 0x0000002c76700000,0x0000002c76800000] [id=20552]
  0x000001d32bdd8800 GCTaskThread "GC Thread#7" [stack: 0x0000002c76800000,0x0000002c76900000] [id=15300]
  0x000001d32bdd9000 GCTaskThread "GC Thread#8" [stack: 0x0000002c76900000,0x0000002c76a00000] [id=1480]
  0x000001d32add8000 GCTaskThread "GC Thread#9" [stack: 0x0000002c76a00000,0x0000002c76b00000] [id=16104]
  0x000001d309e78000 ConcurrentGCThread "G1 Main Marker" [stack: 0x0000002c74900000,0x0000002c74a00000] [id=11636]
  0x000001d309e79800 ConcurrentGCThread "G1 Conc#0" [stack: 0x0000002c74a00000,0x0000002c74b00000] [id=5720]
  0x000001d32ac57800 ConcurrentGCThread "G1 Conc#1" [stack: 0x0000002c76d00000,0x0000002c76e00000] [id=23968]
  0x000001d32a8da800 ConcurrentGCThread "G1 Conc#2" [stack: 0x0000002c76e00000,0x0000002c76f00000] [id=22464]
  0x000001d329244800 ConcurrentGCThread "G1 Refine#0" [stack: 0x0000002c74b00000,0x0000002c74c00000] [id=23320]
  0x000001d32be53000 ConcurrentGCThread "G1 Refine#1" [stack: 0x0000002c76b00000,0x0000002c76c00000] [id=9156]
  0x000001d32a321000 ConcurrentGCThread "G1 Refine#2" [stack: 0x0000002c76c00000,0x0000002c76d00000] [id=24080]
  0x000001d329246800 ConcurrentGCThread "G1 Young RemSet Sampling" [stack: 0x0000002c74c00000,0x0000002c74d00000] [id=13632]

Threads with active compile tasks:
C2 CompilerThread0    53245 3793       4       org.codehaus.groovy.runtime.metaclass.MetaMethodIndex::addMethodToList (131 bytes)
C1 CompilerThread0    53245 3826   !   3       com.sun.beans.introspect.PropertyInfo::initialize (374 bytes)

VM state:synchronizing (normal execution)

VM Mutex/Monitor currently owned by a thread:  ([mutex/lock_event])
[0x000001d309e2a5a0] Threads_lock - owner thread: 0x000001d3293d6000

Heap address: 0x0000000080000000, size: 2048 MB, Compressed Oops mode: 32-bit
Narrow klass base: 0x0000000000000000, Narrow klass shift: 3
Compressed class space size: 528482304 Address: 0x0000000100000000

Heap:
 garbage-first heap   total 122880K, used 39674K [0x0000000080000000, 0x0000000100000000)
  region size 1024K, 19 young (19456K), 7 survivors (7168K)
 Metaspace       used 40987K, capacity 42095K, committed 42320K, reserved 552960K
  class space    used 5132K, capacity 5535K, committed 5632K, reserved 516096K
Heap Regions: E=young(eden), S=young(survivor), O=old, HS=humongous(starts), HC=humongous(continues), CS=collection set, F=free, A=archive, TAMS=top-at-mark-start (previous, next)
|   0|0x0000000080000000, 0x0000000080100000, 0x0000000080100000|100%|HS|  |TAMS 0x0000000080100000, 0x0000000080000000| Complete 
|   1|0x0000000080100000, 0x0000000080200000, 0x0000000080200000|100%|HC|  |TAMS 0x0000000080200000, 0x0000000080100000| Complete 
|   2|0x0000000080200000, 0x0000000080300000, 0x0000000080300000|100%|HC|  |TAMS 0x0000000080300000, 0x0000000080200000| Complete 
|   3|0x0000000080300000, 0x0000000080400000, 0x0000000080400000|100%|HC|  |TAMS 0x0000000080400000, 0x0000000080300000| Complete 
|   4|0x0000000080400000, 0x0000000080500000, 0x0000000080500000|100%| O|  |TAMS 0x0000000080500000, 0x0000000080400000| Untracked 
|   5|0x0000000080500000, 0x0000000080600000, 0x0000000080600000|100%| O|  |TAMS 0x0000000080600000, 0x0000000080500000| Untracked 
|   6|0x0000000080600000, 0x0000000080700000, 0x0000000080700000|100%| O|  |TAMS 0x0000000080700000, 0x0000000080600000| Untracked 
|   7|0x0000000080700000, 0x0000000080800000, 0x0000000080800000|100%| O|  |TAMS 0x0000000080800000, 0x0000000080700000| Untracked 
|   8|0x0000000080800000, 0x0000000080900000, 0x0000000080900000|100%| O|  |TAMS 0x0000000080900000, 0x0000000080800000| Untracked 
|   9|0x0000000080900000, 0x0000000080a00000, 0x0000000080a00000|100%| O|  |TAMS 0x0000000080a00000, 0x0000000080900000| Untracked 
|  10|0x0000000080a00000, 0x0000000080b00000, 0x0000000080b00000|100%| O|  |TAMS 0x0000000080b00000, 0x0000000080a00000| Untracked 
|  11|0x0000000080b00000, 0x0000000080c00000, 0x0000000080c00000|100%| O|  |TAMS 0x0000000080c00000, 0x0000000080b00000| Untracked 
|  12|0x0000000080c00000, 0x0000000080d00000, 0x0000000080d00000|100%| O|  |TAMS 0x0000000080d00000, 0x0000000080c00000| Untracked 
|  13|0x0000000080d00000, 0x0000000080e00000, 0x0000000080e00000|100%| O|  |TAMS 0x0000000080e00000, 0x0000000080d00000| Untracked 
|  14|0x0000000080e00000, 0x0000000080f00000, 0x0000000080f00000|100%| O|  |TAMS 0x0000000080f00000, 0x0000000080e00000| Untracked 
|  15|0x0000000080f00000, 0x0000000081000000, 0x0000000081000000|100%| O|  |TAMS 0x0000000081000000, 0x0000000080f00000| Untracked 
|  16|0x0000000081000000, 0x0000000081100000, 0x0000000081100000|100%| O|  |TAMS 0x0000000081100000, 0x0000000081000000| Untracked 
|  17|0x0000000081100000, 0x0000000081200000, 0x0000000081200000|100%| O|  |TAMS 0x0000000081200000, 0x0000000081100000| Untracked 
|  18|0x0000000081200000, 0x0000000081200000, 0x0000000081300000|  0%| F|  |TAMS 0x0000000081200000, 0x0000000081200000| Untracked 
|  19|0x0000000081300000, 0x0000000081300000, 0x0000000081400000|  0%| F|  |TAMS 0x0000000081300000, 0x0000000081300000| Untracked 
|  20|0x0000000081400000, 0x0000000081400000, 0x0000000081500000|  0%| F|  |TAMS 0x0000000081400000, 0x0000000081400000| Untracked 
|  21|0x0000000081500000, 0x0000000081600000, 0x0000000081600000|100%| O|  |TAMS 0x0000000081600000, 0x0000000081500000| Untracked 
|  22|0x0000000081600000, 0x0000000081700000, 0x0000000081700000|100%| O|  |TAMS 0x0000000081700000, 0x0000000081600000| Untracked 
|  23|0x0000000081700000, 0x0000000081800000, 0x0000000081800000|100%| O|  |TAMS 0x0000000081800000, 0x0000000081700000| Untracked 
|  24|0x0000000081800000, 0x0000000081848a00, 0x0000000081900000| 28%| O|  |TAMS 0x0000000081848a00, 0x0000000081800000| Untracked 
|  25|0x0000000081900000, 0x0000000081900000, 0x0000000081a00000|  0%| F|  |TAMS 0x0000000081900000, 0x0000000081900000| Untracked 
|  26|0x0000000081a00000, 0x0000000081a00000, 0x0000000081b00000|  0%| F|  |TAMS 0x0000000081a00000, 0x0000000081a00000| Untracked 
|  27|0x0000000081b00000, 0x0000000081b00000, 0x0000000081c00000|  0%| F|  |TAMS 0x0000000081b00000, 0x0000000081b00000| Untracked 
|  28|0x0000000081c00000, 0x0000000081c00000, 0x0000000081d00000|  0%| F|  |TAMS 0x0000000081c00000, 0x0000000081c00000| Untracked 
|  29|0x0000000081d00000, 0x0000000081d00000, 0x0000000081e00000|  0%| F|  |TAMS 0x0000000081d00000, 0x0000000081d00000| Untracked 
|  30|0x0000000081e00000, 0x0000000081e00000, 0x0000000081f00000|  0%| F|  |TAMS 0x0000000081e00000, 0x0000000081e00000| Untracked 
|  31|0x0000000081f00000, 0x0000000081f00000, 0x0000000082000000|  0%| F|  |TAMS 0x0000000081f00000, 0x0000000081f00000| Untracked 
|  32|0x0000000082000000, 0x0000000082000000, 0x0000000082100000|  0%| F|  |TAMS 0x0000000082000000, 0x0000000082000000| Untracked 
|  33|0x0000000082100000, 0x0000000082100000, 0x0000000082200000|  0%| F|  |TAMS 0x0000000082100000, 0x0000000082100000| Untracked 
|  34|0x0000000082200000, 0x0000000082200000, 0x0000000082300000|  0%| F|  |TAMS 0x0000000082200000, 0x0000000082200000| Untracked 
|  35|0x0000000082300000, 0x0000000082300000, 0x0000000082400000|  0%| F|  |TAMS 0x0000000082300000, 0x0000000082300000| Untracked 
|  36|0x0000000082400000, 0x0000000082400000, 0x0000000082500000|  0%| F|  |TAMS 0x0000000082400000, 0x0000000082400000| Untracked 
|  37|0x0000000082500000, 0x0000000082500000, 0x0000000082600000|  0%| F|  |TAMS 0x0000000082500000, 0x0000000082500000| Untracked 
|  38|0x0000000082600000, 0x0000000082600000, 0x0000000082700000|  0%| F|  |TAMS 0x0000000082600000, 0x0000000082600000| Untracked 
|  39|0x0000000082700000, 0x0000000082700000, 0x0000000082800000|  0%| F|  |TAMS 0x0000000082700000, 0x0000000082700000| Untracked 
|  40|0x0000000082800000, 0x0000000082800000, 0x0000000082900000|  0%| F|  |TAMS 0x0000000082800000, 0x0000000082800000| Untracked 
|  41|0x0000000082900000, 0x0000000082900000, 0x0000000082a00000|  0%| F|  |TAMS 0x0000000082900000, 0x0000000082900000| Untracked 
|  42|0x0000000082a00000, 0x0000000082a00000, 0x0000000082b00000|  0%| F|  |TAMS 0x0000000082a00000, 0x0000000082a00000| Untracked 
|  43|0x0000000082b00000, 0x0000000082b00000, 0x0000000082c00000|  0%| F|  |TAMS 0x0000000082b00000, 0x0000000082b00000| Untracked 
|  44|0x0000000082c00000, 0x0000000082c00000, 0x0000000082d00000|  0%| F|  |TAMS 0x0000000082c00000, 0x0000000082c00000| Untracked 
|  45|0x0000000082d00000, 0x0000000082d00000, 0x0000000082e00000|  0%| F|  |TAMS 0x0000000082d00000, 0x0000000082d00000| Untracked 
|  46|0x0000000082e00000, 0x0000000082e00000, 0x0000000082f00000|  0%| F|  |TAMS 0x0000000082e00000, 0x0000000082e00000| Untracked 
|  47|0x0000000082f00000, 0x0000000082f00000, 0x0000000083000000|  0%| F|  |TAMS 0x0000000082f00000, 0x0000000082f00000| Untracked 
|  48|0x0000000083000000, 0x0000000083000000, 0x0000000083100000|  0%| F|  |TAMS 0x0000000083000000, 0x0000000083000000| Untracked 
|  49|0x0000000083100000, 0x0000000083100000, 0x0000000083200000|  0%| F|  |TAMS 0x0000000083100000, 0x0000000083100000| Untracked 
|  50|0x0000000083200000, 0x0000000083200000, 0x0000000083300000|  0%| F|  |TAMS 0x0000000083200000, 0x0000000083200000| Untracked 
|  51|0x0000000083300000, 0x0000000083300000, 0x0000000083400000|  0%| F|  |TAMS 0x0000000083300000, 0x0000000083300000| Untracked 
|  52|0x0000000083400000, 0x0000000083400000, 0x0000000083500000|  0%| F|  |TAMS 0x0000000083400000, 0x0000000083400000| Untracked 
|  53|0x0000000083500000, 0x0000000083500000, 0x0000000083600000|  0%| F|  |TAMS 0x0000000083500000, 0x0000000083500000| Untracked 
|  54|0x0000000083600000, 0x0000000083600000, 0x0000000083700000|  0%| F|  |TAMS 0x0000000083600000, 0x0000000083600000| Untracked 
|  55|0x0000000083700000, 0x0000000083700000, 0x0000000083800000|  0%| F|  |TAMS 0x0000000083700000, 0x0000000083700000| Untracked 
|  56|0x0000000083800000, 0x0000000083800000, 0x0000000083900000|  0%| F|  |TAMS 0x0000000083800000, 0x0000000083800000| Untracked 
|  57|0x0000000083900000, 0x0000000083900000, 0x0000000083a00000|  0%| F|  |TAMS 0x0000000083900000, 0x0000000083900000| Untracked 
|  58|0x0000000083a00000, 0x0000000083a75f80, 0x0000000083b00000| 46%| S|CS|TAMS 0x0000000083a00000, 0x0000000083a00000| Complete 
|  59|0x0000000083b00000, 0x0000000083c00000, 0x0000000083c00000|100%| S|CS|TAMS 0x0000000083b00000, 0x0000000083b00000| Complete 
|  60|0x0000000083c00000, 0x0000000083d00000, 0x0000000083d00000|100%| S|CS|TAMS 0x0000000083c00000, 0x0000000083c00000| Complete 
|  61|0x0000000083d00000, 0x0000000083e00000, 0x0000000083e00000|100%| S|CS|TAMS 0x0000000083d00000, 0x0000000083d00000| Complete 
|  62|0x0000000083e00000, 0x0000000083f00000, 0x0000000083f00000|100%| S|CS|TAMS 0x0000000083e00000, 0x0000000083e00000| Complete 
|  63|0x0000000083f00000, 0x0000000084000000, 0x0000000084000000|100%| S|CS|TAMS 0x0000000083f00000, 0x0000000083f00000| Complete 
|  64|0x0000000084000000, 0x0000000084100000, 0x0000000084100000|100%| S|CS|TAMS 0x0000000084000000, 0x0000000084000000| Complete 
|  65|0x0000000084100000, 0x0000000084100000, 0x0000000084200000|  0%| F|  |TAMS 0x0000000084100000, 0x0000000084100000| Untracked 
|  66|0x0000000084200000, 0x0000000084200000, 0x0000000084300000|  0%| F|  |TAMS 0x0000000084200000, 0x0000000084200000| Untracked 
|  67|0x0000000084300000, 0x0000000084300000, 0x0000000084400000|  0%| F|  |TAMS 0x0000000084300000, 0x0000000084300000| Untracked 
|  68|0x0000000084400000, 0x0000000084400000, 0x0000000084500000|  0%| F|  |TAMS 0x0000000084400000, 0x0000000084400000| Untracked 
|  69|0x0000000084500000, 0x0000000084500000, 0x0000000084600000|  0%| F|  |TAMS 0x0000000084500000, 0x0000000084500000| Untracked 
|  70|0x0000000084600000, 0x0000000084600000, 0x0000000084700000|  0%| F|  |TAMS 0x0000000084600000, 0x0000000084600000| Untracked 
|  71|0x0000000084700000, 0x0000000084700000, 0x0000000084800000|  0%| F|  |TAMS 0x0000000084700000, 0x0000000084700000| Untracked 
|  72|0x0000000084800000, 0x0000000084800000, 0x0000000084900000|  0%| F|  |TAMS 0x0000000084800000, 0x0000000084800000| Untracked 
|  73|0x0000000084900000, 0x0000000084900000, 0x0000000084a00000|  0%| F|  |TAMS 0x0000000084900000, 0x0000000084900000| Untracked 
|  74|0x0000000084a00000, 0x0000000084a00000, 0x0000000084b00000|  0%| F|  |TAMS 0x0000000084a00000, 0x0000000084a00000| Untracked 
|  75|0x0000000084b00000, 0x0000000084b00000, 0x0000000084c00000|  0%| F|  |TAMS 0x0000000084b00000, 0x0000000084b00000| Untracked 
|  76|0x0000000084c00000, 0x0000000084c00000, 0x0000000084d00000|  0%| F|  |TAMS 0x0000000084c00000, 0x0000000084c00000| Untracked 
|  77|0x0000000084d00000, 0x0000000084d00000, 0x0000000084e00000|  0%| F|  |TAMS 0x0000000084d00000, 0x0000000084d00000| Untracked 
|  78|0x0000000084e00000, 0x0000000084e00000, 0x0000000084f00000|  0%| F|  |TAMS 0x0000000084e00000, 0x0000000084e00000| Untracked 
|  79|0x0000000084f00000, 0x0000000084f00000, 0x0000000085000000|  0%| F|  |TAMS 0x0000000084f00000, 0x0000000084f00000| Untracked 
|  80|0x0000000085000000, 0x0000000085000000, 0x0000000085100000|  0%| F|  |TAMS 0x0000000085000000, 0x0000000085000000| Untracked 
|  81|0x0000000085100000, 0x0000000085100000, 0x0000000085200000|  0%| F|  |TAMS 0x0000000085100000, 0x0000000085100000| Untracked 
|  82|0x0000000085200000, 0x0000000085200000, 0x0000000085300000|  0%| F|  |TAMS 0x0000000085200000, 0x0000000085200000| Untracked 
|  83|0x0000000085300000, 0x0000000085300000, 0x0000000085400000|  0%| F|  |TAMS 0x0000000085300000, 0x0000000085300000| Untracked 
|  84|0x0000000085400000, 0x0000000085400000, 0x0000000085500000|  0%| F|  |TAMS 0x0000000085400000, 0x0000000085400000| Untracked 
|  85|0x0000000085500000, 0x0000000085500000, 0x0000000085600000|  0%| F|  |TAMS 0x0000000085500000, 0x0000000085500000| Untracked 
|  86|0x0000000085600000, 0x0000000085600000, 0x0000000085700000|  0%| F|  |TAMS 0x0000000085600000, 0x0000000085600000| Untracked 
|  87|0x0000000085700000, 0x0000000085700000, 0x0000000085800000|  0%| F|  |TAMS 0x0000000085700000, 0x0000000085700000| Untracked 
|  88|0x0000000085800000, 0x0000000085800000, 0x0000000085900000|  0%| F|  |TAMS 0x0000000085800000, 0x0000000085800000| Untracked 
|  89|0x0000000085900000, 0x0000000085900000, 0x0000000085a00000|  0%| F|  |TAMS 0x0000000085900000, 0x0000000085900000| Untracked 
|  90|0x0000000085a00000, 0x0000000085a00000, 0x0000000085b00000|  0%| F|  |TAMS 0x0000000085a00000, 0x0000000085a00000| Untracked 
|  91|0x0000000085b00000, 0x0000000085b00000, 0x0000000085c00000|  0%| F|  |TAMS 0x0000000085b00000, 0x0000000085b00000| Untracked 
|  92|0x0000000085c00000, 0x0000000085c00000, 0x0000000085d00000|  0%| F|  |TAMS 0x0000000085c00000, 0x0000000085c00000| Untracked 
|  93|0x0000000085d00000, 0x0000000085d00000, 0x0000000085e00000|  0%| F|  |TAMS 0x0000000085d00000, 0x0000000085d00000| Untracked 
|  94|0x0000000085e00000, 0x0000000085e00000, 0x0000000085f00000|  0%| F|  |TAMS 0x0000000085e00000, 0x0000000085e00000| Untracked 
|  95|0x0000000085f00000, 0x0000000085f00000, 0x0000000086000000|  0%| F|  |TAMS 0x0000000085f00000, 0x0000000085f00000| Untracked 
|  96|0x0000000086000000, 0x0000000086000000, 0x0000000086100000|  0%| F|  |TAMS 0x0000000086000000, 0x0000000086000000| Untracked 
|  97|0x0000000086100000, 0x0000000086100000, 0x0000000086200000|  0%| F|  |TAMS 0x0000000086100000, 0x0000000086100000| Untracked 
|  98|0x0000000086200000, 0x0000000086200000, 0x0000000086300000|  0%| F|  |TAMS 0x0000000086200000, 0x0000000086200000| Untracked 
|  99|0x0000000086300000, 0x0000000086300000, 0x0000000086400000|  0%| F|  |TAMS 0x0000000086300000, 0x0000000086300000| Untracked 
| 100|0x0000000086400000, 0x0000000086400000, 0x0000000086500000|  0%| F|  |TAMS 0x0000000086400000, 0x0000000086400000| Untracked 
| 101|0x0000000086500000, 0x0000000086500000, 0x0000000086600000|  0%| F|  |TAMS 0x0000000086500000, 0x0000000086500000| Untracked 
| 102|0x0000000086600000, 0x0000000086600000, 0x0000000086700000|  0%| F|  |TAMS 0x0000000086600000, 0x0000000086600000| Untracked 
| 103|0x0000000086700000, 0x0000000086700000, 0x0000000086800000|  0%| F|  |TAMS 0x0000000086700000, 0x0000000086700000| Untracked 
| 104|0x0000000086800000, 0x0000000086800000, 0x0000000086900000|  0%| F|  |TAMS 0x0000000086800000, 0x0000000086800000| Untracked 
| 105|0x0000000086900000, 0x0000000086900000, 0x0000000086a00000|  0%| F|  |TAMS 0x0000000086900000, 0x0000000086900000| Untracked 
| 106|0x0000000086a00000, 0x0000000086a00000, 0x0000000086b00000|  0%| F|  |TAMS 0x0000000086a00000, 0x0000000086a00000| Untracked 
| 107|0x0000000086b00000, 0x0000000086b00000, 0x0000000086c00000|  0%| F|  |TAMS 0x0000000086b00000, 0x0000000086b00000| Untracked 
| 108|0x0000000086c00000, 0x0000000086d00000, 0x0000000086d00000|100%| E|  |TAMS 0x0000000086c00000, 0x0000000086c00000| Complete 
| 109|0x0000000086d00000, 0x0000000086e00000, 0x0000000086e00000|100%| E|CS|TAMS 0x0000000086d00000, 0x0000000086d00000| Complete 
| 110|0x0000000086e00000, 0x0000000086f00000, 0x0000000086f00000|100%| E|CS|TAMS 0x0000000086e00000, 0x0000000086e00000| Complete 
| 111|0x0000000086f00000, 0x0000000087000000, 0x0000000087000000|100%| E|CS|TAMS 0x0000000086f00000, 0x0000000086f00000| Complete 
| 112|0x0000000087000000, 0x0000000087100000, 0x0000000087100000|100%| E|CS|TAMS 0x0000000087000000, 0x0000000087000000| Complete 
| 113|0x0000000087100000, 0x0000000087200000, 0x0000000087200000|100%| E|CS|TAMS 0x0000000087100000, 0x0000000087100000| Complete 
| 114|0x0000000087200000, 0x0000000087300000, 0x0000000087300000|100%| E|CS|TAMS 0x0000000087200000, 0x0000000087200000| Complete 
| 115|0x0000000087300000, 0x0000000087400000, 0x0000000087400000|100%| E|CS|TAMS 0x0000000087300000, 0x0000000087300000| Complete 
| 116|0x0000000087400000, 0x0000000087500000, 0x0000000087500000|100%| E|CS|TAMS 0x0000000087400000, 0x0000000087400000| Complete 
| 117|0x0000000087500000, 0x0000000087600000, 0x0000000087600000|100%| E|CS|TAMS 0x0000000087500000, 0x0000000087500000| Complete 
| 118|0x0000000087600000, 0x0000000087700000, 0x0000000087700000|100%| E|CS|TAMS 0x0000000087600000, 0x0000000087600000| Complete 
| 119|0x0000000087700000, 0x0000000087800000, 0x0000000087800000|100%| E|CS|TAMS 0x0000000087700000, 0x0000000087700000| Complete 

Card table byte_map: [0x000001d321f00000,0x000001d322300000] _byte_map_base: 0x000001d321b00000

Marking Bits (Prev, Next): (CMBitMap*) 0x000001d309e6f2a0, (CMBitMap*) 0x000001d309e6f268
 Prev Bits: [0x000001d324700000, 0x000001d326700000)
 Next Bits: [0x000001d322700000, 0x000001d324700000)

Polling page: 0x000001d309600000

Metaspace:

Usage:
  Non-class:     35.70 MB capacity,    35.01 MB ( 98%) used,   600.00 KB (  2%) free+waste,   105.31 KB ( <1%) overhead. 
      Class:      5.41 MB capacity,     5.01 MB ( 93%) used,   351.65 KB (  6%) free+waste,    50.81 KB ( <1%) overhead. 
       Both:     41.11 MB capacity,    40.03 MB ( 97%) used,   951.65 KB (  2%) free+waste,   156.13 KB ( <1%) overhead. 

Virtual space:
  Non-class space:       36.00 MB reserved,      35.83 MB (>99%) committed 
      Class space:      504.00 MB reserved,       5.50 MB (  1%) committed 
             Both:      540.00 MB reserved,      41.33 MB (  8%) committed 

Chunk freelists:
   Non-Class:  0 bytes
       Class:  1.00 KB
        Both:  1.00 KB

MaxMetaspaceSize: 512.00 MB
CompressedClassSpaceSize: 504.00 MB
Initial GC threshold: 20.80 MB
Current GC threshold: 68.26 MB
CDS: off

CodeHeap 'non-profiled nmethods': size=120000Kb used=2033Kb max_used=2033Kb free=117966Kb
 bounds [0x000001d31a070000, 0x000001d31a2e0000, 0x000001d3215a0000]
CodeHeap 'profiled nmethods': size=120000Kb used=8024Kb max_used=8024Kb free=111975Kb
 bounds [0x000001d312b40000, 0x000001d313320000, 0x000001d31a070000]
CodeHeap 'non-nmethods': size=5760Kb used=2274Kb max_used=2289Kb free=3485Kb
 bounds [0x000001d3125a0000, 0x000001d312810000, 0x000001d312b40000]
 total_blobs=4567 nmethods=3800 adapters=679
 compilation: enabled
              stopped_count=0, restarted_count=0
 full_count=0

Compilation events (20 events):
Event: 52.962 Thread 0x000001d3293ff000 nmethod 3780 0x000001d31a269810 code [0x000001d31a2699a0, 0x000001d31a269bd8]
Event: 52.968 Thread 0x000001d329407000 3786       3       java.lang.String::indexOf (113 bytes)
Event: 52.970 Thread 0x000001d329407000 nmethod 3786 0x000001d313300a90 code [0x000001d313300d20, 0x000001d313301748]
Event: 52.974 Thread 0x000001d329407000 3787       3       sun.reflect.generics.reflectiveObjects.ParameterizedTypeImpl::<init> (35 bytes)
Event: 52.975 Thread 0x000001d329407000 nmethod 3787 0x000001d313301b90 code [0x000001d313301dc0, 0x000001d313302398]
Event: 52.975 Thread 0x000001d329407000 3788       3       sun.reflect.generics.reflectiveObjects.TypeVariableImpl::hashCode (16 bytes)
Event: 52.976 Thread 0x000001d329407000 nmethod 3788 0x000001d313302610 code [0x000001d3133027e0, 0x000001d3133029f8]
Event: 52.976 Thread 0x000001d329407000 3790       3       org.codehaus.groovy.util.ComplexKeyHashMap$1::hasNext (13 bytes)
Event: 52.976 Thread 0x000001d329407000 nmethod 3790 0x000001d313302b10 code [0x000001d313302cc0, 0x000001d313302e18]
Event: 52.976 Thread 0x000001d329407000 3789       3       java.beans.Introspector::addPropertyDescriptor (265 bytes)
Event: 52.981 Thread 0x000001d3293ff000 3793       4       org.codehaus.groovy.runtime.metaclass.MetaMethodIndex::addMethodToList (131 bytes)
Event: 52.984 Thread 0x000001d329407000 nmethod 3789 0x000001d313302e90 code [0x000001d313303520, 0x000001d313307f38]
Event: 52.985 Thread 0x000001d329407000 3791       3       com.google.common.collect.MapMakerInternalMap::hash (14 bytes)
Event: 52.985 Thread 0x000001d329407000 nmethod 3791 0x000001d313309210 code [0x000001d3133093e0, 0x000001d313309678]
Event: 52.985 Thread 0x000001d329407000 3792       3       com.google.common.collect.MapMakerInternalMap::rehash (49 bytes)
Event: 52.986 Thread 0x000001d329407000 nmethod 3792 0x000001d313309790 code [0x000001d313309940, 0x000001d313309a58]
Event: 52.986 Thread 0x000001d329407000 3795       3       org.codehaus.groovy.reflection.CachedClass::isAssignableFrom (21 bytes)
Event: 52.987 Thread 0x000001d329407000 nmethod 3795 0x000001d313309b10 code [0x000001d313309ce0, 0x000001d313309f68]
Event: 52.990 Thread 0x000001d329407000 3796       1       java.lang.Thread::getThreadGroup (5 bytes)
Event: 52.990 Thread 0x000001d329407000 nmethod 3796 0x000001d31a269d10 code [0x000001d31a269ec0, 0x000001d31a269f78]

GC Heap History (16 events):
Event: 6.014 GC heap before
{Heap before GC invocations=0 (full 0):
 garbage-first heap   total 122880K, used 27648K [0x0000000080000000, 0x0000000100000000)
  region size 1024K, 24 young (24576K), 0 survivors (0K)
 Metaspace       used 10142K, capacity 10391K, committed 10624K, reserved 526336K
  class space    used 1030K, capacity 1106K, committed 1152K, reserved 516096K
}
Event: 6.034 GC heap after
{Heap after GC invocations=1 (full 0):
 garbage-first heap   total 122880K, used 10580K [0x0000000080000000, 0x0000000100000000)
  region size 1024K, 3 young (3072K), 3 survivors (3072K)
 Metaspace       used 10142K, capacity 10391K, committed 10624K, reserved 526336K
  class space    used 1030K, capacity 1106K, committed 1152K, reserved 516096K
}
Event: 29.213 GC heap before
{Heap before GC invocations=1 (full 0):
 garbage-first heap   total 122880K, used 82260K [0x0000000080000000, 0x0000000100000000)
  region size 1024K, 72 young (73728K), 3 survivors (3072K)
 Metaspace       used 18520K, capacity 18841K, committed 18944K, reserved 534528K
  class space    used 2114K, capacity 2242K, committed 2304K, reserved 516096K
}
Event: 29.286 GC heap after
{Heap after GC invocations=2 (full 0):
 garbage-first heap   total 122880K, used 17950K [0x0000000080000000, 0x0000000100000000)
  region size 1024K, 9 young (9216K), 9 survivors (9216K)
 Metaspace       used 18520K, capacity 18841K, committed 18944K, reserved 534528K
  class space    used 2114K, capacity 2242K, committed 2304K, reserved 516096K
}
Event: 31.671 GC heap before
{Heap before GC invocations=2 (full 0):
 garbage-first heap   total 122880K, used 28190K [0x0000000080000000, 0x0000000100000000)
  region size 1024K, 19 young (19456K), 9 survivors (9216K)
 Metaspace       used 20244K, capacity 20694K, committed 20736K, reserved 534528K
  class space    used 2351K, capacity 2524K, committed 2560K, reserved 516096K
}
Event: 31.682 GC heap after
{Heap after GC invocations=3 (full 0):
 garbage-first heap   total 122880K, used 18505K [0x0000000080000000, 0x0000000100000000)
  region size 1024K, 1 young (1024K), 1 survivors (1024K)
 Metaspace       used 20244K, capacity 20694K, committed 20736K, reserved 534528K
  class space    used 2351K, capacity 2524K, committed 2560K, reserved 516096K
}
Event: 32.158 GC heap before
{Heap before GC invocations=3 (full 0):
 garbage-first heap   total 122880K, used 24649K [0x0000000080000000, 0x0000000100000000)
  region size 1024K, 8 young (8192K), 1 survivors (1024K)
 Metaspace       used 20734K, capacity 21130K, committed 21296K, reserved 536576K
  class space    used 2441K, capacity 2608K, committed 2688K, reserved 516096K
}
Event: 32.161 GC heap after
{Heap after GC invocations=4 (full 0):
 garbage-first heap   total 122880K, used 18607K [0x0000000080000000, 0x0000000100000000)
  region size 1024K, 1 young (1024K), 1 survivors (1024K)
 Metaspace       used 20734K, capacity 21130K, committed 21296K, reserved 536576K
  class space    used 2441K, capacity 2608K, committed 2688K, reserved 516096K
}
Event: 35.786 GC heap before
{Heap before GC invocations=5 (full 0):
 garbage-first heap   total 122880K, used 62639K [0x0000000080000000, 0x0000000100000000)
  region size 1024K, 44 young (45056K), 1 survivors (1024K)
 Metaspace       used 24956K, capacity 25517K, committed 25648K, reserved 538624K
  class space    used 3108K, capacity 3350K, committed 3456K, reserved 516096K
}
Event: 35.790 GC heap after
{Heap after GC invocations=6 (full 0):
 garbage-first heap   total 122880K, used 20275K [0x0000000080000000, 0x0000000100000000)
  region size 1024K, 3 young (3072K), 3 survivors (3072K)
 Metaspace       used 24956K, capacity 25517K, committed 25648K, reserved 538624K
  class space    used 3108K, capacity 3350K, committed 3456K, reserved 516096K
}
Event: 40.694 GC heap before
{Heap before GC invocations=6 (full 0):
 garbage-first heap   total 122880K, used 68403K [0x0000000080000000, 0x0000000100000000)
  region size 1024K, 50 young (51200K), 3 survivors (3072K)
 Metaspace       used 29751K, capacity 30478K, committed 30768K, reserved 542720K
  class space    used 3856K, capacity 4138K, committed 4224K, reserved 516096K
}
Event: 40.700 GC heap after
{Heap after GC invocations=7 (full 0):
 garbage-first heap   total 122880K, used 21980K [0x0000000080000000, 0x0000000100000000)
  region size 1024K, 4 young (4096K), 4 survivors (4096K)
 Metaspace       used 29751K, capacity 30478K, committed 30768K, reserved 542720K
  class space    used 3856K, capacity 4138K, committed 4224K, reserved 516096K
}
Event: 45.158 GC heap before
{Heap before GC invocations=7 (full 0):
 garbage-first heap   total 122880K, used 56796K [0x0000000080000000, 0x0000000100000000)
  region size 1024K, 39 young (39936K), 4 survivors (4096K)
 Metaspace       used 34985K, capacity 35820K, committed 35920K, reserved 548864K
  class space    used 4448K, capacity 4814K, committed 4864K, reserved 516096K
}
Event: 45.172 GC heap after
{Heap after GC invocations=8 (full 0):
 garbage-first heap   total 122880K, used 24411K [0x0000000080000000, 0x0000000100000000)
  region size 1024K, 6 young (6144K), 6 survivors (6144K)
 Metaspace       used 34985K, capacity 35820K, committed 35920K, reserved 548864K
  class space    used 4448K, capacity 4814K, committed 4864K, reserved 516096K
}
Event: 50.911 GC heap before
{Heap before GC invocations=9 (full 0):
 garbage-first heap   total 122880K, used 77659K [0x0000000080000000, 0x0000000100000000)
  region size 1024K, 55 young (56320K), 6 survivors (6144K)
 Metaspace       used 40834K, capacity 41847K, committed 41936K, reserved 552960K
  class space    used 5117K, capacity 5496K, committed 5504K, reserved 516096K
}
Event: 50.939 GC heap after
{Heap after GC invocations=10 (full 0):
 garbage-first heap   total 122880K, used 28410K [0x0000000080000000, 0x0000000100000000)
  region size 1024K, 7 young (7168K), 7 survivors (7168K)
 Metaspace       used 40834K, capacity 41847K, committed 41936K, reserved 552960K
  class space    used 5117K, capacity 5496K, committed 5504K, reserved 516096K
}

Deoptimization events (20 events):
Event: 49.766 Thread 0x000001d32af13800 Uncommon trap: trap_request=0xffffffbe fr.pc=0x000001d31a24daf0 relative=0x0000000000000690
Event: 49.766 Thread 0x000001d32af13800 Uncommon trap: reason=profile_predicate action=maybe_recompile pc=0x000001d31a24daf0 method=java.lang.PublicMethods$MethodList.filter([Ljava/lang/reflect/Method;Ljava/lang/String;[Ljava/lang/Class;Z)Ljava/lang/PublicMethods$MethodList; @ 21 c2
Event: 49.766 Thread 0x000001d32af13800 DEOPT PACKING pc=0x000001d31a24daf0 sp=0x0000002c75ff8a70
Event: 49.766 Thread 0x000001d32af13800 DEOPT UNPACKING pc=0x000001d3125ea1af sp=0x0000002c75ff8a28 mode 2
Event: 50.375 Thread 0x000001d32b4a5000 Uncommon trap: trap_request=0xffffffc6 fr.pc=0x000001d31a22a874 relative=0x00000000000001f4
Event: 50.375 Thread 0x000001d32b4a5000 Uncommon trap: reason=bimorphic_or_optimized_type_check action=maybe_recompile pc=0x000001d31a22a874 method=java.util.stream.Sink$ChainedReference.cancellationRequested()Z @ 4 c2
Event: 50.375 Thread 0x000001d32b4a5000 DEOPT PACKING pc=0x000001d31a22a874 sp=0x0000002c759fec10
Event: 50.375 Thread 0x000001d32b4a5000 DEOPT UNPACKING pc=0x000001d3125ea1af sp=0x0000002c759feb40 mode 2
Event: 50.608 Thread 0x000001d32af13800 Uncommon trap: trap_request=0xffffffde fr.pc=0x000001d31a227a0c relative=0x00000000000003ec
Event: 50.608 Thread 0x000001d32af13800 Uncommon trap: reason=class_check action=maybe_recompile pc=0x000001d31a227a0c method=java.util.regex.Pattern$Start.match(Ljava/util/regex/Matcher;ILjava/lang/CharSequence;)Z @ 44 c2
Event: 50.608 Thread 0x000001d32af13800 DEOPT PACKING pc=0x000001d31a227a0c sp=0x0000002c75ff7b50
Event: 50.608 Thread 0x000001d32af13800 DEOPT UNPACKING pc=0x000001d3125ea1af sp=0x0000002c75ff7a18 mode 2
Event: 50.611 Thread 0x000001d32af13800 Uncommon trap: trap_request=0xffffff4d fr.pc=0x000001d31a0916e8 relative=0x0000000000000048
Event: 50.611 Thread 0x000001d32af13800 Uncommon trap: reason=unstable_if action=reinterpret pc=0x000001d31a0916e8 method=java.net.URI.match(CJJ)Z @ 19 c2
Event: 50.611 Thread 0x000001d32af13800 DEOPT PACKING pc=0x000001d31a0916e8 sp=0x0000002c75ff99a0
Event: 50.611 Thread 0x000001d32af13800 DEOPT UNPACKING pc=0x000001d3125ea1af sp=0x0000002c75ff9950 mode 2
Event: 50.893 Thread 0x000001d32af13800 Uncommon trap: trap_request=0xffffff4d fr.pc=0x000001d31a126a7c relative=0x00000000000001dc
Event: 50.893 Thread 0x000001d32af13800 Uncommon trap: reason=unstable_if action=reinterpret pc=0x000001d31a126a7c method=java.lang.StringCoding.encodeUTF8(B[BZ)[B @ 2 c2
Event: 50.893 Thread 0x000001d32af13800 DEOPT PACKING pc=0x000001d31a126a7c sp=0x0000002c75ff9390
Event: 50.893 Thread 0x000001d32af13800 DEOPT UNPACKING pc=0x000001d3125ea1af sp=0x0000002c75ff9338 mode 2

Classes redefined (0 events):
No events

Internal exceptions (20 events):
Event: 49.728 Thread 0x000001d32af13800 Exception <a 'java/lang/ClassNotFoundException'{0x0000000084a10af0}: org/gradle/plugin/use/internal/PluginsAwareScriptCustomizer> (0x0000000084a10af0) thrown at [s\src\hotspot\share\classfile\systemDictionary.cpp, line 230]
Event: 49.731 Thread 0x000001d32af13800 Exception <a 'java/lang/ClassNotFoundException'{0x0000000084a2ead8}: org/gradle/initialization/SettingsScriptCustomizer> (0x0000000084a2ead8) thrown at [s\src\hotspot\share\classfile\systemDictionary.cpp, line 230]
Event: 49.733 Thread 0x000001d32af13800 Exception <a 'java/lang/ClassNotFoundException'{0x0000000084a42150}: settings_2404eflogchw3scor1kgr7tahCustomizer> (0x0000000084a42150) thrown at [s\src\hotspot\share\classfile\systemDictionary.cpp, line 230]
Event: 50.026 Thread 0x000001d32af13800 Exception <a 'java/lang/ClassNotFoundException'{0x0000000084983a68}: org/gradle/initialization/DefaultSettings_DecoratedBeanInfo> (0x0000000084983a68) thrown at [s\src\hotspot\share\classfile\systemDictionary.cpp, line 230]
Event: 50.272 Thread 0x000001d32af13800 Exception <a 'java/lang/ClassNotFoundException'{0x00000000849a6938}: org/gradle/initialization/DefaultSettingsBeanInfo> (0x00000000849a6938) thrown at [s\src\hotspot\share\classfile\systemDictionary.cpp, line 230]
Event: 50.280 Thread 0x000001d32af13800 Exception <a 'java/lang/ClassNotFoundException'{0x00000000849cdcb0}: org/gradle/api/internal/project/AbstractPluginAwareBeanInfo> (0x00000000849cdcb0) thrown at [s\src\hotspot\share\classfile\systemDictionary.cpp, line 230]
Event: 50.307 Thread 0x000001d32af13800 Exception <a 'java/lang/ClassNotFoundException'{0x00000000849f4f58}: org/gradle/api/internal/project/AbstractPluginAwareCustomizer> (0x00000000849f4f58) thrown at [s\src\hotspot\share\classfile\systemDictionary.cpp, line 230]
Event: 50.340 Thread 0x000001d32af13800 Exception <a 'java/lang/ClassNotFoundException'{0x000000008481fbc8}: org/gradle/initialization/DefaultSettingsCustomizer> (0x000000008481fbc8) thrown at [s\src\hotspot\share\classfile\systemDictionary.cpp, line 230]
Event: 50.351 Thread 0x000001d32af13800 Exception <a 'java/lang/ClassNotFoundException'{0x0000000084878928}: org/gradle/initialization/DefaultSettings_DecoratedCustomizer> (0x0000000084878928) thrown at [s\src\hotspot\share\classfile\systemDictionary.cpp, line 230]
Event: 50.396 Thread 0x000001d32af13800 Exception <a 'java/lang/ClassNotFoundException'{0x000000008473bd70}: org/gradle/initialization/DefaultProjectDescriptorBeanInfo> (0x000000008473bd70) thrown at [s\src\hotspot\share\classfile\systemDictionary.cpp, line 230]
Event: 50.397 Thread 0x000001d32af13800 Exception <a 'java/lang/ClassNotFoundException'{0x00000000847615f0}: org/gradle/initialization/DefaultProjectDescriptorCustomizer> (0x00000000847615f0) thrown at [s\src\hotspot\share\classfile\systemDictionary.cpp, line 230]
Event: 50.605 Thread 0x000001d32af13800 Exception <a 'java/lang/ClassNotFoundException'{0x000000008444a2d8}: org/gradle/api/internal/plugins/DefaultObjectConfigurationActionBeanInfo> (0x000000008444a2d8) thrown at [s\src\hotspot\share\classfile\systemDictionary.cpp, line 230]
Event: 50.608 Thread 0x000001d32af13800 Exception <a 'java/lang/ClassNotFoundException'{0x0000000084473190}: org/gradle/api/internal/plugins/DefaultObjectConfigurationActionCustomizer> (0x0000000084473190) thrown at [s\src\hotspot\share\classfile\systemDictionary.cpp, line 230]
Event: 52.949 Thread 0x000001d32af13800 Exception <a 'java/lang/ClassNotFoundException'{0x00000000875565a8}: native_modules_7fnmtv77t09m9uvxexsn9kitdBeanInfo> (0x00000000875565a8) thrown at [s\src\hotspot\share\classfile\systemDictionary.cpp, line 230]
Event: 52.951 Thread 0x000001d32af13800 Exception <a 'java/lang/ClassNotFoundException'{0x000000008755c8d8}: native_modules_7fnmtv77t09m9uvxexsn9kitdCustomizer> (0x000000008755c8d8) thrown at [s\src\hotspot\share\classfile\systemDictionary.cpp, line 230]
Event: 52.968 Thread 0x000001d32af13800 Exception <a 'java/lang/ClassNotFoundException'{0x00000000875bc018}: groovy/lang/ReferenceBeanInfo> (0x00000000875bc018) thrown at [s\src\hotspot\share\classfile\systemDictionary.cpp, line 230]
Event: 52.974 Thread 0x000001d32af13800 Exception <a 'java/lang/ClassNotFoundException'{0x00000000875efbf8}: groovy/lang/ReferenceCustomizer> (0x00000000875efbf8) thrown at [s\src\hotspot\share\classfile\systemDictionary.cpp, line 230]
Event: 52.990 Thread 0x000001d32af13800 Exception <a 'java/lang/ClassNotFoundException'{0x00000000874b4ae8}: groovy/lang/GString$1BeanInfo> (0x00000000874b4ae8) thrown at [s\src\hotspot\share\classfile\systemDictionary.cpp, line 230]
Event: 53.007 Thread 0x000001d32af13800 Exception <a 'java/lang/ClassNotFoundException'{0x00000000874e8110}: groovy/lang/GStringBeanInfo> (0x00000000874e8110) thrown at [s\src\hotspot\share\classfile\systemDictionary.cpp, line 230]
Event: 53.011 Thread 0x000001d32af13800 Exception <a 'java/lang/ClassNotFoundException'{0x000000008731bce8}: groovy/lang/GStringCustomizer> (0x000000008731bce8) thrown at [s\src\hotspot\share\classfile\systemDictionary.cpp, line 230]

Events (20 events):
Event: 52.988 loading class groovy/lang/GString$1BeanInfo
Event: 52.988 loading class groovy/lang/GString$1BeanInfo done
Event: 52.990 loading class groovy/lang/GString$1BeanInfo
Event: 52.990 loading class groovy/lang/GString$1BeanInfo done
Event: 52.990 loading class groovy/lang/GStringBeanInfo
Event: 52.990 loading class groovy/lang/GStringBeanInfo done
Event: 52.992 loading class groovy/lang/GStringBeanInfo
Event: 52.992 loading class groovy/lang/GStringBeanInfo done
Event: 52.992 loading class groovy/lang/GStringBeanInfo
Event: 52.992 loading class groovy/lang/GStringBeanInfo done
Event: 53.007 loading class groovy/lang/GStringBeanInfo
Event: 53.007 loading class groovy/lang/GStringBeanInfo done
Event: 53.007 loading class groovy/lang/GStringCustomizer
Event: 53.007 loading class groovy/lang/GStringCustomizer done
Event: 53.008 loading class groovy/lang/GStringCustomizer
Event: 53.008 loading class groovy/lang/GStringCustomizer done
Event: 53.009 loading class groovy/lang/GStringCustomizer
Event: 53.009 loading class groovy/lang/GStringCustomizer done
Event: 53.011 loading class groovy/lang/GStringCustomizer
Event: 53.011 loading class groovy/lang/GStringCustomizer done


Dynamic libraries:
0x00007ff733450000 - 0x00007ff73345d000 	C:\Program Files\Microsoft\jdk-11.0.20.8-hotspot\bin\java.exe
0x00007ffbb1ad0000 - 0x00007ffbb1ce4000 	C:\WINDOWS\SYSTEM32\ntdll.dll
0x00007ffbafcc0000 - 0x00007ffbafd84000 	C:\WINDOWS\System32\KERNEL32.DLL
0x00007ffbaef70000 - 0x00007ffbaf314000 	C:\WINDOWS\System32\KERNELBASE.dll
0x00007ffbaf390000 - 0x00007ffbaf4a1000 	C:\WINDOWS\System32\ucrtbase.dll
0x00007ffb7aa50000 - 0x00007ffb7aa65000 	C:\Program Files\Microsoft\jdk-11.0.20.8-hotspot\bin\VCRUNTIME140.dll
0x00007ffb84c80000 - 0x00007ffb84c97000 	C:\Program Files\Microsoft\jdk-11.0.20.8-hotspot\bin\jli.dll
0x00007ffbb0440000 - 0x00007ffbb05ee000 	C:\WINDOWS\System32\USER32.dll
0x00007ffbaee80000 - 0x00007ffbaeea6000 	C:\WINDOWS\System32\win32u.dll
0x00007ffbb19e0000 - 0x00007ffbb1a09000 	C:\WINDOWS\System32\GDI32.dll
0x00007ffbaf4b0000 - 0x00007ffbaf5c8000 	C:\WINDOWS\System32\gdi32full.dll
0x00007ffbaf740000 - 0x00007ffbaf7da000 	C:\WINDOWS\System32\msvcp_win.dll
0x00007ffb964f0000 - 0x00007ffb96783000 	C:\WINDOWS\WinSxS\amd64_microsoft.windows.common-controls_6595b64144ccf1df_6.0.22621.2215_none_270d72677387dfc3\COMCTL32.dll
0x00007ffbafd90000 - 0x00007ffbafe37000 	C:\WINDOWS\System32\msvcrt.dll
0x00007ffbb0230000 - 0x00007ffbb0261000 	C:\WINDOWS\System32\IMM32.DLL
0x00007ffb52d30000 - 0x00007ffb52dcb000 	C:\Program Files\Microsoft\jdk-11.0.20.8-hotspot\bin\msvcp140.dll
0x00007ffb30420000 - 0x00007ffb30fb6000 	C:\Program Files\Microsoft\jdk-11.0.20.8-hotspot\bin\server\jvm.dll
0x00007ffbb1930000 - 0x00007ffbb19e0000 	C:\WINDOWS\System32\ADVAPI32.dll
0x00007ffbaf860000 - 0x00007ffbaf906000 	C:\WINDOWS\System32\sechost.dll
0x00007ffbafe40000 - 0x00007ffbaff57000 	C:\WINDOWS\System32\RPCRT4.dll
0x00007ffbb1300000 - 0x00007ffbb1308000 	C:\WINDOWS\System32\PSAPI.DLL
0x00007ffb84b80000 - 0x00007ffb84b89000 	C:\WINDOWS\SYSTEM32\WSOCK32.dll
0x00007ffbb1a10000 - 0x00007ffbb1a81000 	C:\WINDOWS\System32\WS2_32.dll
0x00007ffbabf70000 - 0x00007ffbabf7a000 	C:\WINDOWS\SYSTEM32\VERSION.dll
0x00007ffba72d0000 - 0x00007ffba7304000 	C:\WINDOWS\SYSTEM32\WINMM.dll
0x00007ffbadf40000 - 0x00007ffbadf58000 	C:\WINDOWS\SYSTEM32\kernel.appcore.dll
0x00007ffbacb80000 - 0x00007ffbacb90000 	C:\Program Files\Microsoft\jdk-11.0.20.8-hotspot\bin\verify.dll
0x00007ffbac800000 - 0x00007ffbaca2e000 	C:\WINDOWS\SYSTEM32\DBGHELP.DLL
0x00007ffbaf910000 - 0x00007ffbafc9a000 	C:\WINDOWS\System32\combase.dll
0x00007ffbb1220000 - 0x00007ffbb12f7000 	C:\WINDOWS\System32\OLEAUT32.dll
0x00007ffb91840000 - 0x00007ffb91872000 	C:\WINDOWS\SYSTEM32\dbgcore.DLL
0x00007ffbaf7e0000 - 0x00007ffbaf85a000 	C:\WINDOWS\System32\bcryptPrimitives.dll
0x00007ffb7aa70000 - 0x00007ffb7aa98000 	C:\Program Files\Microsoft\jdk-11.0.20.8-hotspot\bin\java.dll
0x00007ffba0b60000 - 0x00007ffba0b6a000 	C:\Program Files\Microsoft\jdk-11.0.20.8-hotspot\bin\jimage.dll
0x00007ffb84c00000 - 0x00007ffb84c18000 	C:\Program Files\Microsoft\jdk-11.0.20.8-hotspot\bin\zip.dll
0x00007ffbb0940000 - 0x00007ffbb1163000 	C:\WINDOWS\System32\SHELL32.dll
0x00007ffbacdd0000 - 0x00007ffbad6ba000 	C:\WINDOWS\SYSTEM32\windows.storage.dll
0x00007ffbacc90000 - 0x00007ffbacdce000 	C:\WINDOWS\SYSTEM32\wintypes.dll
0x00007ffbb0770000 - 0x00007ffbb0863000 	C:\WINDOWS\System32\SHCORE.dll
0x00007ffbb0710000 - 0x00007ffbb076e000 	C:\WINDOWS\System32\shlwapi.dll
0x00007ffbaedb0000 - 0x00007ffbaedd6000 	C:\WINDOWS\SYSTEM32\profapi.dll
0x00007ffb84b90000 - 0x00007ffb84ba9000 	C:\Program Files\Microsoft\jdk-11.0.20.8-hotspot\bin\net.dll
0x00007ffba89b0000 - 0x00007ffba8ae7000 	C:\WINDOWS\SYSTEM32\WINHTTP.dll
0x00007ffbae420000 - 0x00007ffbae489000 	C:\WINDOWS\system32\mswsock.dll
0x00007ffb81bb0000 - 0x00007ffb81bc3000 	C:\Program Files\Microsoft\jdk-11.0.20.8-hotspot\bin\nio.dll
0x00007ffb6c1f0000 - 0x00007ffb6c217000 	C:\Users\Danisa\.gradle\native\68d5fa5c4cc2d200863cafc0d521ce42e7d3e7ee720ec0a83991735586a16f82\windows-amd64\native-platform.dll
0x00007ffb3c790000 - 0x00007ffb3c8d4000 	C:\Users\Danisa\.gradle\native\e376f236ea51e6404a007f0833ffe2c6e607c4080706a723a18a27aeea778392\windows-amd64\native-platform-file-events.dll
0x00007ffb9e6d0000 - 0x00007ffb9e6d9000 	C:\Program Files\Microsoft\jdk-11.0.20.8-hotspot\bin\management.dll
0x00007ffb9d5a0000 - 0x00007ffb9d5ab000 	C:\Program Files\Microsoft\jdk-11.0.20.8-hotspot\bin\management_ext.dll
0x00007ffbae690000 - 0x00007ffbae6ab000 	C:\WINDOWS\SYSTEM32\CRYPTSP.dll
0x00007ffbadf00000 - 0x00007ffbadf35000 	C:\WINDOWS\system32\rsaenh.dll
0x00007ffbae530000 - 0x00007ffbae55c000 	C:\WINDOWS\SYSTEM32\USERENV.dll
0x00007ffbae850000 - 0x00007ffbae878000 	C:\WINDOWS\SYSTEM32\bcrypt.dll
0x00007ffbae6b0000 - 0x00007ffbae6bc000 	C:\WINDOWS\SYSTEM32\CRYPTBASE.dll
0x00007ffbad990000 - 0x00007ffbad9bd000 	C:\WINDOWS\SYSTEM32\IPHLPAPI.DLL
0x00007ffbb0700000 - 0x00007ffbb0709000 	C:\WINDOWS\System32\NSI.dll
0x00007ffba7510000 - 0x00007ffba7529000 	C:\WINDOWS\SYSTEM32\dhcpcsvc6.DLL
0x00007ffba72b0000 - 0x00007ffba72cf000 	C:\WINDOWS\SYSTEM32\dhcpcsvc.DLL
0x00007ffbada00000 - 0x00007ffbadaf2000 	C:\WINDOWS\SYSTEM32\DNSAPI.dll

dbghelp: loaded successfully - version: 4.0.5 - missing functions: none
symbol engine: initialized successfully - sym options: 0x614 - pdb path: .;C:\Program Files\Microsoft\jdk-11.0.20.8-hotspot\bin;C:\WINDOWS\SYSTEM32;C:\WINDOWS\WinSxS\amd64_microsoft.windows.common-controls_6595b64144ccf1df_6.0.22621.2215_none_270d72677387dfc3;C:\Program Files\Microsoft\jdk-11.0.20.8-hotspot\bin\server;C:\Users\Danisa\.gradle\native\68d5fa5c4cc2d200863cafc0d521ce42e7d3e7ee720ec0a83991735586a16f82\windows-amd64;C:\Users\Danisa\.gradle\native\e376f236ea51e6404a007f0833ffe2c6e607c4080706a723a18a27aeea778392\windows-amd64

VM Arguments:
jvm_args: -XX:MaxMetaspaceSize=512m --add-opens=java.base/java.util=ALL-UNNAMED --add-opens=java.base/java.lang=ALL-UNNAMED --add-opens=java.base/java.lang.invoke=ALL-UNNAMED --add-opens=java.prefs/java.util.prefs=ALL-UNNAMED --add-opens=java.base/java.nio.charset=ALL-UNNAMED --add-opens=java.base/java.net=ALL-UNNAMED --add-opens=java.base/java.util.concurrent.atomic=ALL-UNNAMED -Xmx2048m -Dfile.encoding=windows-1252 -Duser.country=ID -Duser.language=en -Duser.variant 
java_command: org.gradle.launcher.daemon.bootstrap.GradleDaemon 8.0.1
java_class_path (initial): C:\Users\Danisa\.gradle\wrapper\dists\gradle-8.0.1-all\aro4hu1c3oeioove7l0i4i14o\gradle-8.0.1\lib\gradle-launcher-8.0.1.jar
Launcher Type: SUN_STANDARD

[Global flags]
     intx CICompilerCount                          = 4                                         {product} {ergonomic}
   size_t CompressedClassSpaceSize                 = 528482304                                 {product} {ergonomic}
     uint ConcGCThreads                            = 3                                         {product} {ergonomic}
     uint G1ConcRefinementThreads                  = 10                                        {product} {ergonomic}
   size_t G1HeapRegionSize                         = 1048576                                   {product} {ergonomic}
    uintx GCDrainStackTargetSize                   = 64                                        {product} {ergonomic}
   size_t InitialHeapSize                          = 125829120                                 {product} {ergonomic}
   size_t MarkStackSize                            = 4194304                                   {product} {ergonomic}
   size_t MaxHeapSize                              = 2147483648                                {product} {command line}
   size_t MaxMetaspaceSize                         = 536870912                                 {product} {command line}
   size_t MaxNewSize                               = 1287651328                                {product} {ergonomic}
   size_t MinHeapDeltaBytes                        = 1048576                                   {product} {ergonomic}
    uintx NonNMethodCodeHeapSize                   = 5836300                                {pd product} {ergonomic}
    uintx NonProfiledCodeHeapSize                  = 122910970                              {pd product} {ergonomic}
    uintx ProfiledCodeHeapSize                     = 122910970                              {pd product} {ergonomic}
    uintx ReservedCodeCacheSize                    = 251658240                              {pd product} {ergonomic}
     bool SegmentedCodeCache                       = true                                      {product} {ergonomic}
     bool UseCompressedClassPointers               = true                                 {lp64_product} {ergonomic}
     bool UseCompressedOops                        = true                                 {lp64_product} {ergonomic}
     bool UseG1GC                                  = true                                      {product} {ergonomic}
     bool UseLargePagesIndividualAllocation        = false                                  {pd product} {ergonomic}

Logging:
Log output configuration:
 #0: stdout all=warning uptime,level,tags
 #1: stderr all=off uptime,level,tags

Environment Variables:
JAVA_HOME=C:\Program Files\Microsoft\jdk-11.0.20.8-hotspot\
CLASSPATH=D:\mas aldo\mobile-app\banksampah\android\\gradle\wrapper\gradle-wrapper.jar
PATH=D:\mas aldo\mobile-app\banksampah\node_modules\.bin;D:\mas aldo\mobile-app\banksampah\node_modules\.bin;D:\mas aldo\mobile-app\node_modules\.bin;D:\mas aldo\node_modules\.bin;D:\node_modules\.bin;C:\Users\Danisa\AppData\Roaming\npm\node_modules\npm\node_modules\@npmcli\run-script\lib\node-gyp-bin;D:\mas aldo\mobile-app\banksampah\node_modules\.bin;D:\mas aldo\mobile-app\node_modules\.bin;D:\mas aldo\node_modules\.bin;D:\node_modules\.bin;C:\Users\Danisa\AppData\Roaming\npm\node_modules\npm\node_modules\@npmcli\run-script\lib\node-gyp-bin;C:\Program Files\Microsoft\jdk-11.0.20.8-hotspot\bin;C:\Python311\Scripts\;C:\Python311\;C:\WINDOWS\system32;C:\WINDOWS;C:\WINDOWS\System32\Wbem;C:\WINDOWS\System32\WindowsPowerShell\v1.0\;C:\WINDOWS\System32\OpenSSH\;C:\Users\Danisa\AppData\Roaming\nvm;C:\Program Files\nodejs;C:\ProgramData\chocolatey\bin;D:\dhanissa\cmd;C:\Program Files\Docker\Docker\resources\bin;D:\dhanissa\nodejs\;C:\Program Files\Microsoft\jdk-11.0.20.8-hotspot\bin;C:\Python311\Scripts\;C:\Python311\;C:\WINDOWS\system32;C:\WINDOWS;C:\WINDOWS\System32\Wbem;C:\WINDOWS\System32\WindowsPowerShell\v1.0\;C:\WINDOWS\System32\OpenSSH\;C:\Users\Danisa\AppData\Roaming\nvm;C:\Program Files\nodejs;C:\ProgramData\chocolatey\bin;D:\dhanissa\cmd;C:\Program Files\Docker\Docker\resources\bin;D:\dhanissa\nodejs\;D:\software\Android\Sdk\tools\bin;D:\software\Android\Sdk\platform-tools;
USERNAME=Danisa
LANG=en_US.UTF-8
OS=Windows_NT
PROCESSOR_IDENTIFIER=AMD64 Family 25 Model 80 Stepping 0, AuthenticAMD
TMP=C:\Users\Danisa\AppData\Local\Temp
TEMP=C:\Users\Danisa\AppData\Local\Temp



---------------  S Y S T E M  ---------------

OS: Windows 11 , 64 bit Build 22621 (10.0.22621.2215)
OS uptime: 2 days 15:47 hours
Hyper-V role detected

CPU:total 12 (initial active 12) (12 cores per cpu, 2 threads per core) family 25 model 80 stepping 0 microcode 0x0, cmov, cx8, fxsr, mmx, sse, sse2, sse3, ssse3, sse4.1, sse4.2, popcnt, avx, avx2, aes, clmul, erms, mmxext, 3dnowpref, lzcnt, sse4a, ht, tsc, tscinvbit, tscinv, bmi1, bmi2, adx, sha, fma

Memory: 4k page, system-wide physical 7583M (16M free)
TotalPageFile size 24672M (AvailPageFile size 24M)
current process WorkingSet (physical memory assigned to process): 165M, peak: 182M
current process commit charge ("private bytes"): 284M, peak: 297M

vm_info: OpenJDK 64-Bit Server VM (11.0.20+8-LTS) for windows-amd64 JRE (11.0.20+8-LTS), built on Jul  7 2023 17:05:21 by "MicrosoftCorporation" with MS VC++ 15.9 (VS2017)

END.
